#
# There is insufficient memory for the Java Runtime Environment to continue.
# Native memory allocation (malloc) failed to allocate 1220816 bytes for Chunk::new
# Possible reasons:
#   The system is out of physical RAM or swap space
#   The process is running with CompressedOops enabled, and the Java Heap may be blocking the growth of the native heap
# Possible solutions:
#   Reduce memory load on the system
#   Increase physical memory or swap space
#   Check if swap backing store is full
#   Decrease Java heap size (-Xmx/-Xms)
#   Decrease number of Java threads
#   Decrease Java thread stack sizes (-Xss)
#   Set larger code cache with -XX:ReservedCodeCacheSize=
#   JVM is running with Unscaled Compressed Oops mode in which the Java heap is
#     placed in the first 4GB address space. The Java Heap base address is the
#     maximum limit for the native heap growth. Please use -XX:HeapBaseMinAddress
#     to set the Java Heap base and to place the Java Heap above 4GB virtual address.
# This output file may be truncated or incomplete.
#
#  Out of Memory Error (arena.cpp:197), pid=27420, tid=6796
#
# JRE version: OpenJDK Runtime Environment Microsoft-8035250 (11.0.20+8) (build 11.0.20+8-LTS)
# Java VM: OpenJDK 64-Bit Server VM Microsoft-8035250 (11.0.20+8-LTS, mixed mode, tiered, compressed oops, g1 gc, windows-amd64)
# No core dump will be written. Minidumps are not enabled by default on client versions of Windows
#

---------------  S U M M A R Y ------------

Command Line: -XX:MaxMetaspaceSize=512m --add-opens=java.base/java.util=ALL-UNNAMED --add-opens=java.base/java.lang=ALL-UNNAMED --add-opens=java.base/java.lang.invoke=ALL-UNNAMED --add-opens=java.prefs/java.util.prefs=ALL-UNNAMED --add-opens=java.base/java.nio.charset=ALL-UNNAMED --add-opens=java.base/java.net=ALL-UNNAMED --add-opens=java.base/java.util.concurrent.atomic=ALL-UNNAMED -Xmx2048m -Dfile.encoding=windows-1252 -Duser.country=US -Duser.language=en -Duser.variant org.gradle.launcher.daemon.bootstrap.GradleDaemon 8.0.1

Host: Intel(R) Core(TM) i5-8265U CPU @ 1.60GHz, 8 cores, 7G,  Windows 11 , 64 bit Build 22621 (10.0.22621.2070)
Time: Mon Aug 14 15:43:05 2023 W. Central Africa Standard Time elapsed time: 107.308331 seconds (0d 0h 1m 47s)

---------------  T H R E A D  ---------------

Current thread (0x000001d3a70f8000):  JavaThread "C2 CompilerThread0" daemon [_thread_in_native, id=6796, stack(0x0000000c18500000,0x0000000c18600000)]


Current CompileTask:
C2: 107308 2969  s!   4       jdk.internal.loader.URLClassPath::getLoader (194 bytes)

Stack: [0x0000000c18500000,0x0000000c18600000]
Native frames: (J=compiled Java code, j=interpreted, Vv=VM code, C=native code)
V  [jvm.dll+0x62e9da]
V  [jvm.dll+0x7bc4e9]
V  [jvm.dll+0x7bdbd8]
V  [jvm.dll+0x7be2b3]
V  [jvm.dll+0x2505a8]
V  [jvm.dll+0xc263c]
V  [jvm.dll+0xc2bfc]
V  [jvm.dll+0x35fd82]
V  [jvm.dll+0x32bf13]
V  [jvm.dll+0x32b24a]
V  [jvm.dll+0x2097e3]
V  [jvm.dll+0x20893d]
V  [jvm.dll+0x18a7de]
V  [jvm.dll+0x2181ec]
V  [jvm.dll+0x21642b]
V  [jvm.dll+0x77efc0]
V  [jvm.dll+0x777db4]
V  [jvm.dll+0x62d845]
C  [ucrtbase.dll+0x29363]
C  [KERNEL32.DLL+0x126ad]
C  [ntdll.dll+0x5aa68]


---------------  P R O C E S S  ---------------

Threads class SMR info:
_java_thread_list=0x000001d3aaba9670, length=32, elements={
0x000001d387ffd000, 0x000001d3a70e2800, 0x000001d3a70d2800, 0x000001d3a70ed800,
0x000001d3a70f2800, 0x000001d3a70f5800, 0x000001d3a70f8000, 0x000001d3a70fc800,
0x000001d3a7111800, 0x000001d3a7bb9000, 0x000001d3a9eba800, 0x000001d3a9499000,
0x000001d3a8e23000, 0x000001d3a92a8800, 0x000001d3a9d6b800, 0x000001d3a993d000,
0x000001d3a8d86800, 0x000001d3a9206800, 0x000001d3a9207800, 0x000001d3a909a000,
0x000001d3a9423800, 0x000001d3a9424000, 0x000001d3a9420000, 0x000001d3a9421000,
0x000001d3a9426000, 0x000001d3a9422800, 0x000001d3a9425000, 0x000001d3a9426800,
0x000001d3a9422000, 0x000001d3a9555000, 0x000001d3a9551000, 0x000001d3a9554800
}

Java Threads: ( => current thread )
  0x000001d387ffd000 JavaThread "main" [_thread_blocked, id=19384, stack(0x0000000c17900000,0x0000000c17a00000)]
  0x000001d3a70e2800 JavaThread "Reference Handler" daemon [_thread_blocked, id=41784, stack(0x0000000c18000000,0x0000000c18100000)]
  0x000001d3a70d2800 JavaThread "Finalizer" daemon [_thread_blocked, id=28644, stack(0x0000000c18100000,0x0000000c18200000)]
  0x000001d3a70ed800 JavaThread "Signal Dispatcher" daemon [_thread_blocked, id=33328, stack(0x0000000c18200000,0x0000000c18300000)]
  0x000001d3a70f2800 JavaThread "Attach Listener" daemon [_thread_blocked, id=32512, stack(0x0000000c18300000,0x0000000c18400000)]
  0x000001d3a70f5800 JavaThread "Service Thread" daemon [_thread_blocked, id=29332, stack(0x0000000c18400000,0x0000000c18500000)]
=>0x000001d3a70f8000 JavaThread "C2 CompilerThread0" daemon [_thread_in_native, id=6796, stack(0x0000000c18500000,0x0000000c18600000)]
  0x000001d3a70fc800 JavaThread "C1 CompilerThread0" daemon [_thread_blocked, id=26712, stack(0x0000000c18600000,0x0000000c18700000)]
  0x000001d3a7111800 JavaThread "Sweeper thread" daemon [_thread_blocked, id=25616, stack(0x0000000c18700000,0x0000000c18800000)]
  0x000001d3a7bb9000 JavaThread "Common-Cleaner" daemon [_thread_blocked, id=10356, stack(0x0000000c18800000,0x0000000c18900000)]
  0x000001d3a9eba800 JavaThread "Daemon health stats" [_thread_blocked, id=26260, stack(0x0000000c17600000,0x0000000c17700000)]
  0x000001d3a9499000 JavaThread "Incoming local TCP Connector on port 59669" [_thread_in_native, id=5124, stack(0x0000000c18c00000,0x0000000c18d00000)]
  0x000001d3a8e23000 JavaThread "Daemon periodic checks" [_thread_blocked, id=35668, stack(0x0000000c18d00000,0x0000000c18e00000)]
  0x000001d3a92a8800 JavaThread "Daemon" [_thread_blocked, id=13108, stack(0x0000000c18e00000,0x0000000c18f00000)]
  0x000001d3a9d6b800 JavaThread "Handler for socket connection from /127.0.0.1:59669 to /127.0.0.1:59693" [_thread_in_native, id=28592, stack(0x0000000c18f00000,0x0000000c19000000)]
  0x000001d3a993d000 JavaThread "Cancel handler" [_thread_blocked, id=4036, stack(0x0000000c19000000,0x0000000c19100000)]
  0x000001d3a8d86800 JavaThread "Daemon worker" [_thread_in_native, id=36464, stack(0x0000000c19100000,0x0000000c19200000)]
  0x000001d3a9206800 JavaThread "Asynchronous log dispatcher for DefaultDaemonConnection: socket connection from /127.0.0.1:59669 to /127.0.0.1:59693" [_thread_blocked, id=41648, stack(0x0000000c19200000,0x0000000c19300000)]
  0x000001d3a9207800 JavaThread "Stdin handler" [_thread_blocked, id=35484, stack(0x0000000c19300000,0x0000000c19400000)]
  0x000001d3a909a000 JavaThread "Daemon client event forwarder" [_thread_blocked, id=25512, stack(0x0000000c19400000,0x0000000c19500000)]
  0x000001d3a9423800 JavaThread "Cache worker for journal cache (C:\Users\HP\.gradle\caches\journal-1)" [_thread_blocked, id=10608, stack(0x0000000c19c00000,0x0000000c19d00000)]
  0x000001d3a9424000 JavaThread "File lock request listener" [_thread_in_native, id=30204, stack(0x0000000c19d00000,0x0000000c19e00000)]
  0x000001d3a9420000 JavaThread "Cache worker for file hash cache (C:\Users\HP\.gradle\caches\8.0.1\fileHashes)" [_thread_blocked, id=36032, stack(0x0000000c19e00000,0x0000000c19f00000)]
  0x000001d3a9421000 JavaThread "File lock release action executor" [_thread_blocked, id=13992, stack(0x0000000c1a100000,0x0000000c1a200000)]
  0x000001d3a9426000 JavaThread "File watcher server" daemon [_thread_in_native, id=3768, stack(0x0000000c17700000,0x0000000c17800000)]
  0x000001d3a9422800 JavaThread "File watcher consumer" daemon [_thread_blocked, id=43604, stack(0x0000000c17800000,0x0000000c17900000)]
  0x000001d3a9425000 JavaThread "Cache worker for checksums cache (C:\Users\HP\shops\android\.gradle\8.0.1\checksums)" [_thread_blocked, id=4820, stack(0x0000000c1a200000,0x0000000c1a300000)]
  0x000001d3a9426800 JavaThread "Cache worker for cache directory md-rule (C:\Users\HP\.gradle\caches\8.0.1\md-rule)" [_thread_blocked, id=41800, stack(0x0000000c1a300000,0x0000000c1a400000)]
  0x000001d3a9422000 JavaThread "Cache worker for file content cache (C:\Users\HP\.gradle\caches\8.0.1\fileContent)" [_thread_blocked, id=19092, stack(0x0000000c1a400000,0x0000000c1a500000)]
  0x000001d3a9555000 JavaThread "Cache worker for file hash cache (C:\Users\HP\shops\android\.gradle\8.0.1\fileHashes)" [_thread_blocked, id=7596, stack(0x0000000c1a500000,0x0000000c1a600000)]
  0x000001d3a9551000 JavaThread "Cache worker for cache directory md-supplier (C:\Users\HP\.gradle\caches\8.0.1\md-supplier)" [_thread_blocked, id=32056, stack(0x0000000c1a600000,0x0000000c1a700000)]
  0x000001d3a9554800 JavaThread "Cache worker for execution history cache (C:\Users\HP\.gradle\caches\8.0.1\executionHistory)" [_thread_blocked, id=27156, stack(0x0000000c1a700000,0x0000000c1a800000)]

Other Threads:
  0x000001d3a70cf000 VMThread "VM Thread" [stack: 0x0000000c17f00000,0x0000000c18000000] [id=48156]
  0x000001d3a7be4800 WatcherThread [stack: 0x0000000c18900000,0x0000000c18a00000] [id=2524]
  0x000001d388017000 GCTaskThread "GC Thread#0" [stack: 0x0000000c17a00000,0x0000000c17b00000] [id=25380]
  0x000001d3a842c800 GCTaskThread "GC Thread#1" [stack: 0x0000000c18a00000,0x0000000c18b00000] [id=16508]
  0x000001d3a8b3f800 GCTaskThread "GC Thread#2" [stack: 0x0000000c18b00000,0x0000000c18c00000] [id=50772]
  0x000001d3a8a71800 GCTaskThread "GC Thread#3" [stack: 0x0000000c19500000,0x0000000c19600000] [id=21436]
  0x000001d3a9b65800 GCTaskThread "GC Thread#4" [stack: 0x0000000c19600000,0x0000000c19700000] [id=41016]
  0x000001d3a86a1800 GCTaskThread "GC Thread#5" [stack: 0x0000000c19700000,0x0000000c19800000] [id=29124]
  0x000001d3a86a2000 GCTaskThread "GC Thread#6" [stack: 0x0000000c19800000,0x0000000c19900000] [id=50024]
  0x000001d3a7f82000 GCTaskThread "GC Thread#7" [stack: 0x0000000c19900000,0x0000000c19a00000] [id=39972]
  0x000001d388048800 ConcurrentGCThread "G1 Main Marker" [stack: 0x0000000c17b00000,0x0000000c17c00000] [id=26732]
  0x000001d38804a800 ConcurrentGCThread "G1 Conc#0" [stack: 0x0000000c17c00000,0x0000000c17d00000] [id=9020]
  0x000001d3a8adf800 ConcurrentGCThread "G1 Conc#1" [stack: 0x0000000c19b00000,0x0000000c19c00000] [id=49032]
  0x000001d3a6f40800 ConcurrentGCThread "G1 Refine#0" [stack: 0x0000000c17d00000,0x0000000c17e00000] [id=37028]
  0x000001d3a86a7000 ConcurrentGCThread "G1 Refine#1" [stack: 0x0000000c19a00000,0x0000000c19b00000] [id=29504]
  0x000001d3a6f41800 ConcurrentGCThread "G1 Young RemSet Sampling" [stack: 0x0000000c17e00000,0x0000000c17f00000] [id=2300]

Threads with active compile tasks:
C2 CompilerThread0   107444 2969  s!   4       jdk.internal.loader.URLClassPath::getLoader (194 bytes)

VM state:not at safepoint (normal execution)

VM Mutex/Monitor currently owned by a thread: None

Heap address: 0x0000000080000000, size: 2048 MB, Compressed Oops mode: 32-bit
Narrow klass base: 0x0000000000000000, Narrow klass shift: 3
Compressed class space size: 528482304 Address: 0x0000000100000000

Heap:
 garbage-first heap   total 131072K, used 57475K [0x0000000080000000, 0x0000000100000000)
  region size 1024K, 38 young (38912K), 2 survivors (2048K)
 Metaspace       used 33902K, capacity 34680K, committed 34864K, reserved 546816K
  class space    used 4388K, capacity 4708K, committed 4736K, reserved 516096K
Heap Regions: E=young(eden), S=young(survivor), O=old, HS=humongous(starts), HC=humongous(continues), CS=collection set, F=free, A=archive, TAMS=top-at-mark-start (previous, next)
|   0|0x0000000080000000, 0x0000000080100000, 0x0000000080100000|100%|HS|  |TAMS 0x0000000080100000, 0x0000000080000000| Complete 
|   1|0x0000000080100000, 0x0000000080200000, 0x0000000080200000|100%|HC|  |TAMS 0x0000000080200000, 0x0000000080100000| Complete 
|   2|0x0000000080200000, 0x0000000080300000, 0x0000000080300000|100%|HC|  |TAMS 0x0000000080300000, 0x0000000080200000| Complete 
|   3|0x0000000080300000, 0x0000000080400000, 0x0000000080400000|100%|HC|  |TAMS 0x0000000080400000, 0x0000000080300000| Complete 
|   4|0x0000000080400000, 0x0000000080500000, 0x0000000080500000|100%| O|  |TAMS 0x0000000080500000, 0x0000000080400000| Untracked 
|   5|0x0000000080500000, 0x0000000080600000, 0x0000000080600000|100%| O|  |TAMS 0x0000000080600000, 0x0000000080500000| Untracked 
|   6|0x0000000080600000, 0x0000000080700000, 0x0000000080700000|100%| O|  |TAMS 0x0000000080700000, 0x0000000080600000| Untracked 
|   7|0x0000000080700000, 0x0000000080800000, 0x0000000080800000|100%| O|  |TAMS 0x0000000080800000, 0x0000000080700000| Untracked 
|   8|0x0000000080800000, 0x0000000080900000, 0x0000000080900000|100%| O|  |TAMS 0x0000000080900000, 0x0000000080800000| Untracked 
|   9|0x0000000080900000, 0x0000000080a00000, 0x0000000080a00000|100%| O|  |TAMS 0x0000000080a00000, 0x0000000080900000| Untracked 
|  10|0x0000000080a00000, 0x0000000080b00000, 0x0000000080b00000|100%| O|  |TAMS 0x0000000080b00000, 0x0000000080a00000| Untracked 
|  11|0x0000000080b00000, 0x0000000080c00000, 0x0000000080c00000|100%| O|  |TAMS 0x0000000080c00000, 0x0000000080b00000| Untracked 
|  12|0x0000000080c00000, 0x0000000080d00000, 0x0000000080d00000|100%| O|  |TAMS 0x0000000080d00000, 0x0000000080c00000| Untracked 
|  13|0x0000000080d00000, 0x0000000080e00000, 0x0000000080e00000|100%| O|  |TAMS 0x0000000080e00000, 0x0000000080d00000| Untracked 
|  14|0x0000000080e00000, 0x0000000080f00000, 0x0000000080f00000|100%| O|  |TAMS 0x0000000080f00000, 0x0000000080e00000| Untracked 
|  15|0x0000000080f00000, 0x0000000081000000, 0x0000000081000000|100%| O|  |TAMS 0x0000000081000000, 0x0000000080f00000| Untracked 
|  16|0x0000000081000000, 0x0000000081100000, 0x0000000081100000|100%| O|  |TAMS 0x0000000081100000, 0x0000000081000000| Untracked 
|  17|0x0000000081100000, 0x0000000081200000, 0x0000000081200000|100%| O|  |TAMS 0x000000008113c600, 0x0000000081100000| Untracked 
|  18|0x0000000081200000, 0x0000000081300000, 0x0000000081300000|100%| O|  |TAMS 0x0000000081200000, 0x0000000081200000| Untracked 
|  19|0x0000000081300000, 0x0000000081320e00, 0x0000000081400000| 12%| O|  |TAMS 0x0000000081300000, 0x0000000081300000| Untracked 
|  20|0x0000000081400000, 0x0000000081400000, 0x0000000081500000|  0%| F|  |TAMS 0x0000000081400000, 0x0000000081400000| Untracked 
|  21|0x0000000081500000, 0x0000000081500000, 0x0000000081600000|  0%| F|  |TAMS 0x0000000081500000, 0x0000000081500000| Untracked 
|  22|0x0000000081600000, 0x0000000081600000, 0x0000000081700000|  0%| F|  |TAMS 0x0000000081600000, 0x0000000081600000| Untracked 
|  23|0x0000000081700000, 0x0000000081700000, 0x0000000081800000|  0%| F|  |TAMS 0x0000000081700000, 0x0000000081700000| Untracked 
|  24|0x0000000081800000, 0x0000000081800000, 0x0000000081900000|  0%| F|  |TAMS 0x0000000081800000, 0x0000000081800000| Untracked 
|  25|0x0000000081900000, 0x0000000081900000, 0x0000000081a00000|  0%| F|  |TAMS 0x0000000081900000, 0x0000000081900000| Untracked 
|  26|0x0000000081a00000, 0x0000000081a00000, 0x0000000081b00000|  0%| F|  |TAMS 0x0000000081a00000, 0x0000000081a00000| Untracked 
|  27|0x0000000081b00000, 0x0000000081b00000, 0x0000000081c00000|  0%| F|  |TAMS 0x0000000081b00000, 0x0000000081b00000| Untracked 
|  28|0x0000000081c00000, 0x0000000081c00000, 0x0000000081d00000|  0%| F|  |TAMS 0x0000000081c00000, 0x0000000081c00000| Untracked 
|  29|0x0000000081d00000, 0x0000000081d00000, 0x0000000081e00000|  0%| F|  |TAMS 0x0000000081d00000, 0x0000000081d00000| Untracked 
|  30|0x0000000081e00000, 0x0000000081e00000, 0x0000000081f00000|  0%| F|  |TAMS 0x0000000081e00000, 0x0000000081e00000| Untracked 
|  31|0x0000000081f00000, 0x0000000081f00000, 0x0000000082000000|  0%| F|  |TAMS 0x0000000081f00000, 0x0000000081f00000| Untracked 
|  32|0x0000000082000000, 0x0000000082000000, 0x0000000082100000|  0%| F|  |TAMS 0x0000000082000000, 0x0000000082000000| Untracked 
|  33|0x0000000082100000, 0x0000000082100000, 0x0000000082200000|  0%| F|  |TAMS 0x0000000082100000, 0x0000000082100000| Untracked 
|  34|0x0000000082200000, 0x0000000082200000, 0x0000000082300000|  0%| F|  |TAMS 0x0000000082200000, 0x0000000082200000| Untracked 
|  35|0x0000000082300000, 0x0000000082300000, 0x0000000082400000|  0%| F|  |TAMS 0x0000000082300000, 0x0000000082300000| Untracked 
|  36|0x0000000082400000, 0x0000000082400000, 0x0000000082500000|  0%| F|  |TAMS 0x0000000082400000, 0x0000000082400000| Untracked 
|  37|0x0000000082500000, 0x0000000082500000, 0x0000000082600000|  0%| F|  |TAMS 0x0000000082500000, 0x0000000082500000| Untracked 
|  38|0x0000000082600000, 0x0000000082600000, 0x0000000082700000|  0%| F|  |TAMS 0x0000000082600000, 0x0000000082600000| Untracked 
|  39|0x0000000082700000, 0x0000000082700000, 0x0000000082800000|  0%| F|  |TAMS 0x0000000082700000, 0x0000000082700000| Untracked 
|  40|0x0000000082800000, 0x0000000082800000, 0x0000000082900000|  0%| F|  |TAMS 0x0000000082800000, 0x0000000082800000| Untracked 
|  41|0x0000000082900000, 0x0000000082900000, 0x0000000082a00000|  0%| F|  |TAMS 0x0000000082900000, 0x0000000082900000| Untracked 
|  42|0x0000000082a00000, 0x0000000082a00000, 0x0000000082b00000|  0%| F|  |TAMS 0x0000000082a00000, 0x0000000082a00000| Untracked 
|  43|0x0000000082b00000, 0x0000000082b00000, 0x0000000082c00000|  0%| F|  |TAMS 0x0000000082b00000, 0x0000000082b00000| Untracked 
|  44|0x0000000082c00000, 0x0000000082c00000, 0x0000000082d00000|  0%| F|  |TAMS 0x0000000082c00000, 0x0000000082c00000| Untracked 
|  45|0x0000000082d00000, 0x0000000082d00000, 0x0000000082e00000|  0%| F|  |TAMS 0x0000000082d00000, 0x0000000082d00000| Untracked 
|  46|0x0000000082e00000, 0x0000000082e00000, 0x0000000082f00000|  0%| F|  |TAMS 0x0000000082e00000, 0x0000000082e00000| Untracked 
|  47|0x0000000082f00000, 0x0000000082f00000, 0x0000000083000000|  0%| F|  |TAMS 0x0000000082f00000, 0x0000000082f00000| Untracked 
|  48|0x0000000083000000, 0x0000000083000000, 0x0000000083100000|  0%| F|  |TAMS 0x0000000083000000, 0x0000000083000000| Untracked 
|  49|0x0000000083100000, 0x0000000083100000, 0x0000000083200000|  0%| F|  |TAMS 0x0000000083100000, 0x0000000083100000| Untracked 
|  50|0x0000000083200000, 0x0000000083200000, 0x0000000083300000|  0%| F|  |TAMS 0x0000000083200000, 0x0000000083200000| Untracked 
|  51|0x0000000083300000, 0x0000000083300000, 0x0000000083400000|  0%| F|  |TAMS 0x0000000083300000, 0x0000000083300000| Untracked 
|  52|0x0000000083400000, 0x0000000083400000, 0x0000000083500000|  0%| F|  |TAMS 0x0000000083400000, 0x0000000083400000| Untracked 
|  53|0x0000000083500000, 0x0000000083500000, 0x0000000083600000|  0%| F|  |TAMS 0x0000000083500000, 0x0000000083500000| Untracked 
|  54|0x0000000083600000, 0x0000000083600000, 0x0000000083700000|  0%| F|  |TAMS 0x0000000083600000, 0x0000000083600000| Untracked 
|  55|0x0000000083700000, 0x0000000083700000, 0x0000000083800000|  0%| F|  |TAMS 0x0000000083700000, 0x0000000083700000| Untracked 
|  56|0x0000000083800000, 0x0000000083800000, 0x0000000083900000|  0%| F|  |TAMS 0x0000000083800000, 0x0000000083800000| Untracked 
|  57|0x0000000083900000, 0x0000000083900000, 0x0000000083a00000|  0%| F|  |TAMS 0x0000000083900000, 0x0000000083900000| Untracked 
|  58|0x0000000083a00000, 0x0000000083a00000, 0x0000000083b00000|  0%| F|  |TAMS 0x0000000083a00000, 0x0000000083a00000| Untracked 
|  59|0x0000000083b00000, 0x0000000083b00000, 0x0000000083c00000|  0%| F|  |TAMS 0x0000000083b00000, 0x0000000083b00000| Untracked 
|  60|0x0000000083c00000, 0x0000000083c00000, 0x0000000083d00000|  0%| F|  |TAMS 0x0000000083c00000, 0x0000000083c00000| Untracked 
|  61|0x0000000083d00000, 0x0000000083d00000, 0x0000000083e00000|  0%| F|  |TAMS 0x0000000083d00000, 0x0000000083d00000| Untracked 
|  62|0x0000000083e00000, 0x0000000083e00000, 0x0000000083f00000|  0%| F|  |TAMS 0x0000000083e00000, 0x0000000083e00000| Untracked 
|  63|0x0000000083f00000, 0x0000000083f00000, 0x0000000084000000|  0%| F|  |TAMS 0x0000000083f00000, 0x0000000083f00000| Untracked 
|  64|0x0000000084000000, 0x0000000084000000, 0x0000000084100000|  0%| F|  |TAMS 0x0000000084000000, 0x0000000084000000| Untracked 
|  65|0x0000000084100000, 0x0000000084100000, 0x0000000084200000|  0%| F|  |TAMS 0x0000000084100000, 0x0000000084100000| Untracked 
|  66|0x0000000084200000, 0x0000000084200000, 0x0000000084300000|  0%| F|  |TAMS 0x0000000084200000, 0x0000000084200000| Untracked 
|  67|0x0000000084300000, 0x0000000084300000, 0x0000000084400000|  0%| F|  |TAMS 0x0000000084300000, 0x0000000084300000| Untracked 
|  68|0x0000000084400000, 0x0000000084400000, 0x0000000084500000|  0%| F|  |TAMS 0x0000000084400000, 0x0000000084400000| Untracked 
|  69|0x0000000084500000, 0x0000000084500000, 0x0000000084600000|  0%| F|  |TAMS 0x0000000084500000, 0x0000000084500000| Untracked 
|  70|0x0000000084600000, 0x0000000084600000, 0x0000000084700000|  0%| F|  |TAMS 0x0000000084600000, 0x0000000084600000| Untracked 
|  71|0x0000000084700000, 0x0000000084700000, 0x0000000084800000|  0%| F|  |TAMS 0x0000000084700000, 0x0000000084700000| Untracked 
|  72|0x0000000084800000, 0x0000000084800000, 0x0000000084900000|  0%| F|  |TAMS 0x0000000084800000, 0x0000000084800000| Untracked 
|  73|0x0000000084900000, 0x0000000084900000, 0x0000000084a00000|  0%| F|  |TAMS 0x0000000084900000, 0x0000000084900000| Untracked 
|  74|0x0000000084a00000, 0x0000000084a00000, 0x0000000084b00000|  0%| F|  |TAMS 0x0000000084a00000, 0x0000000084a00000| Untracked 
|  75|0x0000000084b00000, 0x0000000084b00000, 0x0000000084c00000|  0%| F|  |TAMS 0x0000000084b00000, 0x0000000084b00000| Untracked 
|  76|0x0000000084c00000, 0x0000000084c00000, 0x0000000084d00000|  0%| F|  |TAMS 0x0000000084c00000, 0x0000000084c00000| Untracked 
|  77|0x0000000084d00000, 0x0000000084d00000, 0x0000000084e00000|  0%| F|  |TAMS 0x0000000084d00000, 0x0000000084d00000| Untracked 
|  78|0x0000000084e00000, 0x0000000084e00000, 0x0000000084f00000|  0%| F|  |TAMS 0x0000000084e00000, 0x0000000084e00000| Untracked 
|  79|0x0000000084f00000, 0x0000000084f00000, 0x0000000085000000|  0%| F|  |TAMS 0x0000000084f00000, 0x0000000084f00000| Untracked 
|  80|0x0000000085000000, 0x0000000085000000, 0x0000000085100000|  0%| F|  |TAMS 0x0000000085000000, 0x0000000085000000| Untracked 
|  81|0x0000000085100000, 0x0000000085100000, 0x0000000085200000|  0%| F|  |TAMS 0x0000000085100000, 0x0000000085100000| Untracked 
|  82|0x0000000085200000, 0x0000000085200000, 0x0000000085300000|  0%| F|  |TAMS 0x0000000085200000, 0x0000000085200000| Untracked 
|  83|0x0000000085300000, 0x0000000085300000, 0x0000000085400000|  0%| F|  |TAMS 0x0000000085300000, 0x0000000085300000| Untracked 
|  84|0x0000000085400000, 0x0000000085400000, 0x0000000085500000|  0%| F|  |TAMS 0x0000000085400000, 0x0000000085400000| Untracked 
|  85|0x0000000085500000, 0x0000000085500000, 0x0000000085600000|  0%| F|  |TAMS 0x0000000085500000, 0x0000000085500000| Untracked 
|  86|0x0000000085600000, 0x0000000085600000, 0x0000000085700000|  0%| F|  |TAMS 0x0000000085600000, 0x0000000085600000| Untracked 
|  87|0x0000000085700000, 0x0000000085700000, 0x0000000085800000|  0%| F|  |TAMS 0x0000000085700000, 0x0000000085700000| Untracked 
|  88|0x0000000085800000, 0x0000000085800000, 0x0000000085900000|  0%| F|  |TAMS 0x0000000085800000, 0x0000000085800000| Untracked 
|  89|0x0000000085900000, 0x0000000085900000, 0x0000000085a00000|  0%| F|  |TAMS 0x0000000085900000, 0x0000000085900000| Untracked 
|  90|0x0000000085a00000, 0x0000000085a89d30, 0x0000000085b00000| 53%| E|  |TAMS 0x0000000085a00000, 0x0000000085a00000| Complete 
|  91|0x0000000085b00000, 0x0000000085c00000, 0x0000000085c00000|100%| E|CS|TAMS 0x0000000085b00000, 0x0000000085b00000| Complete 
|  92|0x0000000085c00000, 0x0000000085d00000, 0x0000000085d00000|100%| E|CS|TAMS 0x0000000085c00000, 0x0000000085c00000| Complete 
|  93|0x0000000085d00000, 0x0000000085e00000, 0x0000000085e00000|100%| E|CS|TAMS 0x0000000085d00000, 0x0000000085d00000| Complete 
|  94|0x0000000085e00000, 0x0000000085f00000, 0x0000000085f00000|100%| S|CS|TAMS 0x0000000085e00000, 0x0000000085e00000| Complete 
|  95|0x0000000085f00000, 0x0000000086000000, 0x0000000086000000|100%| S|CS|TAMS 0x0000000085f00000, 0x0000000085f00000| Complete 
|  96|0x0000000086000000, 0x0000000086100000, 0x0000000086100000|100%| E|CS|TAMS 0x0000000086000000, 0x0000000086000000| Complete 
|  97|0x0000000086100000, 0x0000000086200000, 0x0000000086200000|100%| E|CS|TAMS 0x0000000086100000, 0x0000000086100000| Complete 
|  98|0x0000000086200000, 0x0000000086300000, 0x0000000086300000|100%| E|CS|TAMS 0x0000000086200000, 0x0000000086200000| Complete 
|  99|0x0000000086300000, 0x0000000086400000, 0x0000000086400000|100%| E|CS|TAMS 0x0000000086300000, 0x0000000086300000| Complete 
| 100|0x0000000086400000, 0x0000000086500000, 0x0000000086500000|100%| E|CS|TAMS 0x0000000086400000, 0x0000000086400000| Complete 
| 101|0x0000000086500000, 0x0000000086600000, 0x0000000086600000|100%| E|CS|TAMS 0x0000000086500000, 0x0000000086500000| Complete 
| 102|0x0000000086600000, 0x0000000086700000, 0x0000000086700000|100%| E|CS|TAMS 0x0000000086600000, 0x0000000086600000| Complete 
| 103|0x0000000086700000, 0x0000000086800000, 0x0000000086800000|100%| E|CS|TAMS 0x0000000086700000, 0x0000000086700000| Complete 
| 104|0x0000000086800000, 0x0000000086900000, 0x0000000086900000|100%| E|CS|TAMS 0x0000000086800000, 0x0000000086800000| Complete 
| 105|0x0000000086900000, 0x0000000086a00000, 0x0000000086a00000|100%| E|CS|TAMS 0x0000000086900000, 0x0000000086900000| Complete 
| 106|0x0000000086a00000, 0x0000000086b00000, 0x0000000086b00000|100%| E|CS|TAMS 0x0000000086a00000, 0x0000000086a00000| Complete 
| 107|0x0000000086b00000, 0x0000000086c00000, 0x0000000086c00000|100%| E|CS|TAMS 0x0000000086b00000, 0x0000000086b00000| Complete 
| 108|0x0000000086c00000, 0x0000000086d00000, 0x0000000086d00000|100%| E|CS|TAMS 0x0000000086c00000, 0x0000000086c00000| Complete 
| 109|0x0000000086d00000, 0x0000000086e00000, 0x0000000086e00000|100%| E|CS|TAMS 0x0000000086d00000, 0x0000000086d00000| Complete 
| 110|0x0000000086e00000, 0x0000000086f00000, 0x0000000086f00000|100%| E|CS|TAMS 0x0000000086e00000, 0x0000000086e00000| Complete 
| 111|0x0000000086f00000, 0x0000000087000000, 0x0000000087000000|100%| E|CS|TAMS 0x0000000086f00000, 0x0000000086f00000| Complete 
| 112|0x0000000087000000, 0x0000000087100000, 0x0000000087100000|100%| E|CS|TAMS 0x0000000087000000, 0x0000000087000000| Complete 
| 113|0x0000000087100000, 0x0000000087200000, 0x0000000087200000|100%| E|CS|TAMS 0x0000000087100000, 0x0000000087100000| Complete 
| 114|0x0000000087200000, 0x0000000087300000, 0x0000000087300000|100%| E|CS|TAMS 0x0000000087200000, 0x0000000087200000| Complete 
| 115|0x0000000087300000, 0x0000000087400000, 0x0000000087400000|100%| E|CS|TAMS 0x0000000087300000, 0x0000000087300000| Complete 
| 116|0x0000000087400000, 0x0000000087500000, 0x0000000087500000|100%| E|CS|TAMS 0x0000000087400000, 0x0000000087400000| Complete 
| 117|0x0000000087500000, 0x0000000087600000, 0x0000000087600000|100%| E|CS|TAMS 0x0000000087500000, 0x0000000087500000| Complete 
| 118|0x0000000087600000, 0x0000000087700000, 0x0000000087700000|100%| E|CS|TAMS 0x0000000087600000, 0x0000000087600000| Complete 
| 119|0x0000000087700000, 0x0000000087800000, 0x0000000087800000|100%| E|CS|TAMS 0x0000000087700000, 0x0000000087700000| Complete 
| 120|0x0000000087800000, 0x0000000087900000, 0x0000000087900000|100%| E|CS|TAMS 0x0000000087800000, 0x0000000087800000| Complete 
| 121|0x0000000087900000, 0x0000000087a00000, 0x0000000087a00000|100%| E|CS|TAMS 0x0000000087900000, 0x0000000087900000| Complete 
| 122|0x0000000087a00000, 0x0000000087b00000, 0x0000000087b00000|100%| E|CS|TAMS 0x0000000087a00000, 0x0000000087a00000| Complete 
| 123|0x0000000087b00000, 0x0000000087c00000, 0x0000000087c00000|100%| E|CS|TAMS 0x0000000087b00000, 0x0000000087b00000| Complete 
| 124|0x0000000087c00000, 0x0000000087d00000, 0x0000000087d00000|100%| E|CS|TAMS 0x0000000087c00000, 0x0000000087c00000| Complete 
| 125|0x0000000087d00000, 0x0000000087e00000, 0x0000000087e00000|100%| E|CS|TAMS 0x0000000087d00000, 0x0000000087d00000| Complete 
| 126|0x0000000087e00000, 0x0000000087f00000, 0x0000000087f00000|100%| E|CS|TAMS 0x0000000087e00000, 0x0000000087e00000| Complete 
| 127|0x0000000087f00000, 0x0000000088000000, 0x0000000088000000|100%| E|CS|TAMS 0x0000000087f00000, 0x0000000087f00000| Complete 

Card table byte_map: [0x000001d39fea0000,0x000001d3a02a0000] _byte_map_base: 0x000001d39faa0000

Marking Bits (Prev, Next): (CMBitMap*) 0x000001d38803f900, (CMBitMap*) 0x000001d38803f8c8
 Prev Bits: [0x000001d3a26a0000, 0x000001d3a46a0000)
 Next Bits: [0x000001d3a06a0000, 0x000001d3a26a0000)

Polling page: 0x000001d385f70000

Metaspace:

Usage:
  Non-class:     29.27 MB capacity,    28.82 MB ( 98%) used,   377.20 KB (  1%) free+waste,    81.31 KB ( <1%) overhead. 
      Class:      4.60 MB capacity,     4.29 MB ( 93%) used,   278.89 KB (  6%) free+waste,    40.38 KB ( <1%) overhead. 
       Both:     33.87 MB capacity,    33.11 MB ( 98%) used,   656.09 KB (  2%) free+waste,   121.69 KB ( <1%) overhead. 

Virtual space:
  Non-class space:       30.00 MB reserved,      29.42 MB ( 98%) committed 
      Class space:      504.00 MB reserved,       4.63 MB ( <1%) committed 
             Both:      534.00 MB reserved,      34.05 MB (  6%) committed 

Chunk freelists:
   Non-Class:  28.00 KB
       Class:  28.00 KB
        Both:  56.00 KB

MaxMetaspaceSize: 512.00 MB
CompressedClassSpaceSize: 504.00 MB
Initial GC threshold: 20.80 MB
Current GC threshold: 35.08 MB
CDS: off

CodeHeap 'non-profiled nmethods': size=120000Kb used=1506Kb max_used=1506Kb free=118494Kb
 bounds [0x000001d398240000, 0x000001d3984b0000, 0x000001d39f770000]
CodeHeap 'profiled nmethods': size=120000Kb used=6427Kb max_used=6427Kb free=113573Kb
 bounds [0x000001d390d10000, 0x000001d391360000, 0x000001d398240000]
CodeHeap 'non-nmethods': size=5760Kb used=1243Kb max_used=1276Kb free=4516Kb
 bounds [0x000001d390770000, 0x000001d3909e0000, 0x000001d390d10000]
 total_blobs=3564 nmethods=3039 adapters=437
 compilation: enabled
              stopped_count=0, restarted_count=0
 full_count=0

Compilation events (20 events):
Event: 105.397 Thread 0x000001d3a70f8000 nmethod 2957 0x000001d3983b5090 code [0x000001d3983b5240, 0x000001d3983b5628]
Event: 105.546 Thread 0x000001d3a70fc800 2960       1       java.lang.invoke.MethodHandleImpl$IntrinsicMethodHandle::getTarget (5 bytes)
Event: 105.546 Thread 0x000001d3a70fc800 nmethod 2960 0x000001d3983b5710 code [0x000001d3983b58c0, 0x000001d3983b5978]
Event: 105.572 Thread 0x000001d3a70fc800 2961       3       java.lang.invoke.MethodHandles$Lookup::getDirectMethod (18 bytes)
Event: 105.573 Thread 0x000001d3a70fc800 nmethod 2961 0x000001d391331090 code [0x000001d391331240, 0x000001d391331388]
Event: 105.573 Thread 0x000001d3a70fc800 2962       3       java.lang.invoke.LambdaForm$Name::withConstraint (20 bytes)
Event: 105.573 Thread 0x000001d3a70fc800 nmethod 2962 0x000001d391331490 code [0x000001d391331660, 0x000001d391331848]
Event: 105.581 Thread 0x000001d3a70fc800 2963       3       java.lang.invoke.MethodHandles$Lookup::findStatic (27 bytes)
Event: 105.582 Thread 0x000001d3a70fc800 nmethod 2963 0x000001d391331910 code [0x000001d391331b60, 0x000001d3913324d8]
Event: 105.582 Thread 0x000001d3a70fc800 2964       3       java.lang.Class::getMethod (59 bytes)
Event: 105.583 Thread 0x000001d3a70fc800 nmethod 2964 0x000001d391332890 code [0x000001d391332b60, 0x000001d391333788]
Event: 105.583 Thread 0x000001d3a70fc800 2966       1       org.codehaus.groovy.util.ReferenceManager::getReferenceQueue (5 bytes)
Event: 105.584 Thread 0x000001d3a70fc800 nmethod 2966 0x000001d3983b5a10 code [0x000001d3983b5bc0, 0x000001d3983b5c78]
Event: 105.584 Thread 0x000001d3a70fc800 2967       1       org.codehaus.groovy.util.ReferenceBundle::getType (5 bytes)
Event: 105.584 Thread 0x000001d3a70fc800 nmethod 2967 0x000001d3983b5d10 code [0x000001d3983b5ec0, 0x000001d3983b5f78]
Event: 105.584 Thread 0x000001d3a70fc800 2968       1       org.codehaus.groovy.util.ReferenceBundle::getManager (5 bytes)
Event: 105.584 Thread 0x000001d3a70fc800 nmethod 2968 0x000001d3983b6010 code [0x000001d3983b61c0, 0x000001d3983b6278]
Event: 105.584 Thread 0x000001d3a70fc800 2965       3       java.lang.Class::getMethod0 (31 bytes)
Event: 105.584 Thread 0x000001d3a70fc800 nmethod 2965 0x000001d391333c10 code [0x000001d391333de0, 0x000001d391333ff8]
Event: 105.597 Thread 0x000001d3a70f8000 2969  s!   4       jdk.internal.loader.URLClassPath::getLoader (194 bytes)

GC Heap History (12 events):
Event: 22.772 GC heap before
{Heap before GC invocations=0 (full 0):
 garbage-first heap   total 131072K, used 27648K [0x0000000080000000, 0x0000000100000000)
  region size 1024K, 24 young (24576K), 0 survivors (0K)
 Metaspace       used 9849K, capacity 10016K, committed 10112K, reserved 526336K
  class space    used 1002K, capacity 1069K, committed 1152K, reserved 516096K
}
Event: 22.809 GC heap after
{Heap after GC invocations=1 (full 0):
 garbage-first heap   total 131072K, used 10447K [0x0000000080000000, 0x0000000100000000)
  region size 1024K, 3 young (3072K), 3 survivors (3072K)
 Metaspace       used 9849K, capacity 10016K, committed 10112K, reserved 526336K
  class space    used 1002K, capacity 1069K, committed 1152K, reserved 516096K
}
Event: 65.807 GC heap before
{Heap before GC invocations=1 (full 0):
 garbage-first heap   total 131072K, used 86223K [0x0000000080000000, 0x0000000100000000)
  region size 1024K, 76 young (77824K), 3 survivors (3072K)
 Metaspace       used 18984K, capacity 19322K, committed 19456K, reserved 534528K
  class space    used 2167K, capacity 2276K, committed 2304K, reserved 516096K
}
Event: 66.090 GC heap after
{Heap after GC invocations=2 (full 0):
 garbage-first heap   total 131072K, used 18128K [0x0000000080000000, 0x0000000100000000)
  region size 1024K, 10 young (10240K), 10 survivors (10240K)
 Metaspace       used 18984K, capacity 19322K, committed 19456K, reserved 534528K
  class space    used 2167K, capacity 2276K, committed 2304K, reserved 516096K
}
Event: 70.361 GC heap before
{Heap before GC invocations=2 (full 0):
 garbage-first heap   total 131072K, used 28368K [0x0000000080000000, 0x0000000100000000)
  region size 1024K, 22 young (22528K), 10 survivors (10240K)
 Metaspace       used 20657K, capacity 21126K, committed 21296K, reserved 536576K
  class space    used 2412K, capacity 2607K, committed 2688K, reserved 516096K
}
Event: 70.386 GC heap after
{Heap after GC invocations=3 (full 0):
 garbage-first heap   total 131072K, used 18367K [0x0000000080000000, 0x0000000100000000)
  region size 1024K, 1 young (1024K), 1 survivors (1024K)
 Metaspace       used 20657K, capacity 21126K, committed 21296K, reserved 536576K
  class space    used 2412K, capacity 2607K, committed 2688K, reserved 516096K
}
Event: 90.122 GC heap before
{Heap before GC invocations=4 (full 0):
 garbage-first heap   total 131072K, used 61375K [0x0000000080000000, 0x0000000100000000)
  region size 1024K, 44 young (45056K), 1 survivors (1024K)
 Metaspace       used 24599K, capacity 25175K, committed 25264K, reserved 538624K
  class space    used 3049K, capacity 3277K, committed 3328K, reserved 516096K
}
Event: 90.268 GC heap after
{Heap after GC invocations=5 (full 0):
 garbage-first heap   total 131072K, used 19661K [0x0000000080000000, 0x0000000100000000)
  region size 1024K, 2 young (2048K), 2 survivors (2048K)
 Metaspace       used 24599K, capacity 25175K, committed 25264K, reserved 538624K
  class space    used 3049K, capacity 3277K, committed 3328K, reserved 516096K
}
Event: 93.400 GC heap before
{Heap before GC invocations=5 (full 0):
 garbage-first heap   total 131072K, used 42189K [0x0000000080000000, 0x0000000100000000)
  region size 1024K, 24 young (24576K), 2 survivors (2048K)
 Metaspace       used 26861K, capacity 27422K, committed 27696K, reserved 540672K
  class space    used 3413K, capacity 3623K, committed 3712K, reserved 516096K
}
Event: 93.408 GC heap after
{Heap after GC invocations=6 (full 0):
 garbage-first heap   total 131072K, used 20814K [0x0000000080000000, 0x0000000100000000)
  region size 1024K, 3 young (3072K), 3 survivors (3072K)
 Metaspace       used 26861K, capacity 27422K, committed 27696K, reserved 540672K
  class space    used 3413K, capacity 3623K, committed 3712K, reserved 516096K
}
Event: 99.766 GC heap before
{Heap before GC invocations=6 (full 0):
 garbage-first heap   total 131072K, used 50510K [0x0000000080000000, 0x0000000100000000)
  region size 1024K, 32 young (32768K), 3 survivors (3072K)
 Metaspace       used 29599K, capacity 30249K, committed 30384K, reserved 542720K
  class space    used 3820K, capacity 4059K, committed 4096K, reserved 516096K
}
Event: 99.777 GC heap after
{Heap after GC invocations=7 (full 0):
 garbage-first heap   total 131072K, used 21635K [0x0000000080000000, 0x0000000100000000)
  region size 1024K, 2 young (2048K), 2 survivors (2048K)
 Metaspace       used 29599K, capacity 30249K, committed 30384K, reserved 542720K
  class space    used 3820K, capacity 4059K, committed 4096K, reserved 516096K
}

Deoptimization events (20 events):
Event: 100.119 Thread 0x000001d3a8d86800 Uncommon trap: trap_request=0xffffff4d fr.pc=0x000001d39838e0e4 relative=0x00000000000001a4
Event: 100.119 Thread 0x000001d3a8d86800 Uncommon trap: reason=unstable_if action=reinterpret pc=0x000001d39838e0e4 method=java.util.regex.Pattern$BmpCharProperty.match(Ljava/util/regex/Matcher;ILjava/lang/CharSequence;)Z @ 39 c2
Event: 100.119 Thread 0x000001d3a8d86800 DEOPT PACKING pc=0x000001d39838e0e4 sp=0x0000000c191f9230
Event: 100.119 Thread 0x000001d3a8d86800 DEOPT UNPACKING pc=0x000001d3907ba1af sp=0x0000000c191f91e0 mode 2
Event: 105.117 Thread 0x000001d3a8d86800 Uncommon trap: trap_request=0xffffffde fr.pc=0x000001d39831728c relative=0x000000000000132c
Event: 105.124 Thread 0x000001d3a8d86800 Uncommon trap: reason=class_check action=maybe_recompile pc=0x000001d39831728c method=java.io.BufferedInputStream.read([BII)I @ 101 c2
Event: 105.124 Thread 0x000001d3a8d86800 DEOPT PACKING pc=0x000001d39831728c sp=0x0000000c191f9110
Event: 105.124 Thread 0x000001d3a8d86800 DEOPT UNPACKING pc=0x000001d3907ba1af sp=0x0000000c191f8fd0 mode 2
Event: 105.124 Thread 0x000001d3a8d86800 Uncommon trap: trap_request=0xffffffde fr.pc=0x000001d39831728c relative=0x000000000000132c
Event: 105.124 Thread 0x000001d3a8d86800 Uncommon trap: reason=class_check action=maybe_recompile pc=0x000001d39831728c method=java.io.BufferedInputStream.read([BII)I @ 101 c2
Event: 105.124 Thread 0x000001d3a8d86800 DEOPT PACKING pc=0x000001d39831728c sp=0x0000000c191f9110
Event: 105.124 Thread 0x000001d3a8d86800 DEOPT UNPACKING pc=0x000001d3907ba1af sp=0x0000000c191f8fd0 mode 2
Event: 105.125 Thread 0x000001d3a8d86800 Uncommon trap: trap_request=0xffffffde fr.pc=0x000001d39831728c relative=0x000000000000132c
Event: 105.125 Thread 0x000001d3a8d86800 Uncommon trap: reason=class_check action=maybe_recompile pc=0x000001d39831728c method=java.io.BufferedInputStream.read([BII)I @ 101 c2
Event: 105.125 Thread 0x000001d3a8d86800 DEOPT PACKING pc=0x000001d39831728c sp=0x0000000c191f9110
Event: 105.125 Thread 0x000001d3a8d86800 DEOPT UNPACKING pc=0x000001d3907ba1af sp=0x0000000c191f8fd0 mode 2
Event: 105.126 Thread 0x000001d3a8d86800 Uncommon trap: trap_request=0xffffffde fr.pc=0x000001d39831728c relative=0x000000000000132c
Event: 105.127 Thread 0x000001d3a8d86800 Uncommon trap: reason=class_check action=maybe_recompile pc=0x000001d39831728c method=java.io.BufferedInputStream.read([BII)I @ 101 c2
Event: 105.127 Thread 0x000001d3a8d86800 DEOPT PACKING pc=0x000001d39831728c sp=0x0000000c191f9110
Event: 105.127 Thread 0x000001d3a8d86800 DEOPT UNPACKING pc=0x000001d3907ba1af sp=0x0000000c191f8fd0 mode 2

Classes redefined (0 events):
No events

Internal exceptions (20 events):
Event: 90.778 Thread 0x000001d3a8d86800 Exception <a 'java/lang/NoSuchMethodError'{0x0000000087e6ae80}: 'java.lang.Object java.lang.invoke.Invokers$Holder.linkToTargetMethod(java.lang.Object, java.lang.Object, java.lang.Object, java.lang.Object, java.lang.Object, java.lang.Object, java.lang.Object)'> (0x0000000087e6ae80) thrown at [s\src\hotspot\share\interpreter\linkResolver.cpp, line 773]
Event: 91.504 Thread 0x000001d3a8d86800 Exception <a 'java/lang/NoSuchMethodError'{0x0000000087c0def8}: 'java.lang.Object java.lang.invoke.DirectMethodHandle$Holder.invokeVirtual(java.lang.Object, java.lang.Object, java.lang.Object, java.lang.Object, java.lang.Object, java.lang.Object, java.lang.Object, java.lang.Object, java.lang.Object, java.lang.Object, java.lang.Object, java.lang.Object, java.lang.Object, java.lang.Object, java.lang.Object, java.lang.Object, java.lang.Object, java.lang.Object, java.lang.Object, java.lang.Object, java.lang.Ob
Event: 92.066 Thread 0x000001d3a8d86800 Exception <a 'java/lang/NoSuchMethodError'{0x00000000876e2ed8}: 'void java.lang.invoke.DirectMethodHandle$Holder.invokeStatic(java.lang.Object, java.lang.Object, java.lang.Object, java.lang.Object, java.lang.Object)'> (0x00000000876e2ed8) thrown at [s\src\hotspot\share\interpreter\linkResolver.cpp, line 773]
Event: 92.107 Thread 0x000001d3a8d86800 Implicit null exception at 0x000001d398324f3b to 0x000001d3983255df
Event: 93.059 Thread 0x000001d3a8d86800 Exception <a 'java/lang/NoSuchMethodError'{0x0000000086e19780}: 'void java.lang.invoke.DirectMethodHandle$Holder.invokeStaticInit(java.lang.Object, java.lang.Object)'> (0x0000000086e19780) thrown at [s\src\hotspot\share\interpreter\linkResolver.cpp, line 773]
Event: 93.666 Thread 0x000001d3a8d86800 Exception <a 'java/lang/NoSuchMethodError'{0x0000000087eba2b8}: 'void java.lang.invoke.DirectMethodHandle$Holder.invokeStatic(java.lang.Object, java.lang.Object, java.lang.Object, java.lang.Object)'> (0x0000000087eba2b8) thrown at [s\src\hotspot\share\interpreter\linkResolver.cpp, line 773]
Event: 93.670 Thread 0x000001d3a8d86800 Exception <a 'java/lang/NoSuchMethodError'{0x0000000087ed93c0}: 'int java.lang.invoke.DirectMethodHandle$Holder.invokeVirtual(java.lang.Object, java.lang.Object)'> (0x0000000087ed93c0) thrown at [s\src\hotspot\share\interpreter\linkResolver.cpp, line 773]
Event: 93.678 Thread 0x000001d3a8d86800 Exception <a 'java/lang/NoSuchMethodError'{0x0000000087d30330}: 'int java.lang.invoke.DirectMethodHandle$Holder.invokeVirtual(java.lang.Object, java.lang.Object, java.lang.Object)'> (0x0000000087d30330) thrown at [s\src\hotspot\share\interpreter\linkResolver.cpp, line 773]
Event: 96.782 Thread 0x000001d3a8d86800 Exception <a 'java/lang/NoSuchMethodError'{0x0000000086c373f0}: 'java.lang.Object java.lang.invoke.DirectMethodHandle$Holder.invokeSpecialIFC(java.lang.Object, java.lang.Object, java.lang.Object, java.lang.Object)'> (0x0000000086c373f0) thrown at [s\src\hotspot\share\interpreter\linkResolver.cpp, line 773]
Event: 98.851 Thread 0x000001d3a8d86800 Implicit null exception at 0x000001d39832f1f5 to 0x000001d39832f3bc
Event: 98.852 Thread 0x000001d3a8d86800 Implicit null exception at 0x000001d39833afaf to 0x000001d39833b01d
Event: 100.355 Thread 0x000001d3a8d86800 Exception <a 'java/lang/NoSuchMethodError'{0x0000000087e4db78}: 'java.lang.Object java.lang.invoke.DirectMethodHandle$Holder.invokeSpecial(java.lang.Object, java.lang.Object, java.lang.Object, java.lang.Object, java.lang.Object, java.lang.Object, java.lang.Object, java.lang.Object, java.lang.Object, java.lang.Object, java.lang.Object, java.lang.Object, java.lang.Object)'> (0x0000000087e4db78) thrown at [s\src\hotspot\share\interpreter\linkResolver.cpp, line 773]
Event: 100.416 Thread 0x000001d3a8d86800 Exception <a 'java/lang/NoSuchMethodError'{0x0000000087e5e468}: 'java.lang.Object java.lang.invoke.Invokers$Holder.linkToTargetMethod(java.lang.Object, java.lang.Object, java.lang.Object, java.lang.Object, java.lang.Object, java.lang.Object, java.lang.Object, java.lang.Object, java.lang.Object, java.lang.Object, java.lang.Object)'> (0x0000000087e5e468) thrown at [s\src\hotspot\share\interpreter\linkResolver.cpp, line 773]
Event: 100.565 Thread 0x000001d3a8d86800 Exception <a 'java/lang/NoSuchMethodError'{0x0000000087d02e98}: 'java.lang.Object java.lang.invoke.DirectMethodHandle$Holder.invokeSpecial(java.lang.Object, java.lang.Object, java.lang.Object, java.lang.Object, java.lang.Object, java.lang.Object, java.lang.Object, java.lang.Object, java.lang.Object, java.lang.Object, java.lang.Object, java.lang.Object, java.lang.Object, java.lang.Object)'> (0x0000000087d02e98) thrown at [s\src\hotspot\share\interpreter\linkResolver.cpp, line 773]
Event: 100.567 Thread 0x000001d3a8d86800 Exception <a 'java/lang/NoSuchMethodError'{0x0000000087d14700}: 'java.lang.Object java.lang.invoke.Invokers$Holder.linkToTargetMethod(java.lang.Object, java.lang.Object, java.lang.Object, java.lang.Object, java.lang.Object, java.lang.Object, java.lang.Object, java.lang.Object, java.lang.Object, java.lang.Object, java.lang.Object, java.lang.Object)'> (0x0000000087d14700) thrown at [s\src\hotspot\share\interpreter\linkResolver.cpp, line 773]
Event: 100.772 Thread 0x000001d3a8d86800 Exception <a 'java/lang/NoSuchMethodError'{0x0000000087c38968}: 'java.lang.Object java.lang.invoke.DirectMethodHandle$Holder.invokeStaticInit(java.lang.Object, java.lang.Object, java.lang.Object, java.lang.Object)'> (0x0000000087c38968) thrown at [s\src\hotspot\share\interpreter\linkResolver.cpp, line 773]
Event: 102.852 Thread 0x000001d3a8d86800 Exception <a 'java/lang/NoSuchMethodError'{0x0000000086d4f658}: 'java.lang.Object java.lang.invoke.Invokers$Holder.linkToTargetMethod(java.lang.Object, java.lang.Object, java.lang.Object, java.lang.Object, java.lang.Object, java.lang.Object, java.lang.Object, java.lang.Object)'> (0x0000000086d4f658) thrown at [s\src\hotspot\share\interpreter\linkResolver.cpp, line 773]
Event: 102.869 Thread 0x000001d3a8d86800 Exception <a 'java/lang/IncompatibleClassChangeError'{0x0000000086dd1368}: Found class java.lang.Object, but interface was expected> (0x0000000086dd1368) thrown at [s\src\hotspot\share\interpreter\linkResolver.cpp, line 839]
Event: 103.752 Thread 0x000001d3a8d86800 Exception <a 'java/lang/NoSuchMethodError'{0x000000008653fbf8}: 'java.lang.Object java.lang.invoke.Invokers$Holder.linkToTargetMethod(java.lang.Object, int, int, java.lang.Object)'> (0x000000008653fbf8) thrown at [s\src\hotspot\share\interpreter\linkResolver.cpp, line 773]
Event: 103.765 Thread 0x000001d3a8d86800 Exception <a 'java/lang/NoSuchMethodError'{0x0000000086556448}: 'java.lang.Object java.lang.invoke.DirectMethodHandle$Holder.invokeStatic(java.lang.Object, java.lang.Object, int, int, java.lang.Object, java.lang.Object)'> (0x0000000086556448) thrown at [s\src\hotspot\share\interpreter\linkResolver.cpp, line 773]

Events (20 events):
Event: 105.584 loading class org/codehaus/groovy/runtime/ComposedClosure
Event: 105.584 loading class org/codehaus/groovy/runtime/ComposedClosure done
Event: 105.589 loading class org/codehaus/groovy/runtime/CurriedClosure
Event: 105.589 loading class org/codehaus/groovy/runtime/CurriedClosure done
Event: 105.596 loading class org/codehaus/groovy/runtime/memoize/MemoizeCache
Event: 105.596 loading class org/codehaus/groovy/runtime/memoize/MemoizeCache done
Event: 105.597 loading class groovy/lang/TrampolineClosure
Event: 105.597 loading class groovy/lang/TrampolineClosure done
Event: 105.597 loading class groovy/lang/Closure$WritableClosure
Event: 105.597 loading class groovy/lang/Closure$WritableClosure done
Event: 105.606 loading class org/codehaus/groovy/reflection/CachedClass$3
Event: 105.606 loading class org/codehaus/groovy/reflection/CachedClass$3 done
Event: 105.606 loading class org/codehaus/groovy/reflection/CachedMethod
Event: 105.606 loading class org/codehaus/groovy/reflection/CachedMethod done
Event: 105.606 loading class org/codehaus/groovy/reflection/CachedMethod
Event: 105.606 loading class org/codehaus/groovy/reflection/CachedMethod done
Event: 105.620 loading class org/codehaus/groovy/reflection/ReflectionUtils
Event: 105.620 loading class org/codehaus/groovy/reflection/ReflectionUtils done
Event: 105.644 loading class org/codehaus/groovy/vmplugin/VMPluginFactory
Event: 105.644 loading class org/codehaus/groovy/vmplugin/VMPluginFactory done


Dynamic libraries:
0x00007ff69bf20000 - 0x00007ff69bf2d000 	C:\Program Files\Microsoft\jdk-11.0.20.8-hotspot\bin\java.exe
0x00007fff952f0000 - 0x00007fff95504000 	C:\WINDOWS\SYSTEM32\ntdll.dll
0x00007fff94dd0000 - 0x00007fff94e94000 	C:\WINDOWS\System32\KERNEL32.DLL
0x00007fff926d0000 - 0x00007fff92a74000 	C:\WINDOWS\System32\KERNELBASE.dll
0x00007fff92b40000 - 0x00007fff92c51000 	C:\WINDOWS\System32\ucrtbase.dll
0x00007fff643e0000 - 0x00007fff643f7000 	C:\Program Files\Microsoft\jdk-11.0.20.8-hotspot\bin\jli.dll
0x00007fff93c90000 - 0x00007fff93e3a000 	C:\WINDOWS\System32\USER32.dll
0x00007fff92ea0000 - 0x00007fff92ec6000 	C:\WINDOWS\System32\win32u.dll
0x00007fff93e40000 - 0x00007fff93e69000 	C:\WINDOWS\System32\GDI32.dll
0x00007fff92ce0000 - 0x00007fff92df9000 	C:\WINDOWS\System32\gdi32full.dll
0x00007fff92e00000 - 0x00007fff92e9a000 	C:\WINDOWS\System32\msvcp_win.dll
0x00007fff57620000 - 0x00007fff57635000 	C:\Program Files\Microsoft\jdk-11.0.20.8-hotspot\bin\VCRUNTIME140.dll
0x00007fff7b450000 - 0x00007fff7b6df000 	C:\WINDOWS\WinSxS\amd64_microsoft.windows.common-controls_6595b64144ccf1df_6.0.22621.2070_none_2713e6537381f706\COMCTL32.dll
0x00007fff94ea0000 - 0x00007fff94f47000 	C:\WINDOWS\System32\msvcrt.dll
0x00007fff93eb0000 - 0x00007fff93ee1000 	C:\WINDOWS\System32\IMM32.DLL
0x00007fff55760000 - 0x00007fff557fb000 	C:\Program Files\Microsoft\jdk-11.0.20.8-hotspot\bin\msvcp140.dll
0x00007fff54b00000 - 0x00007fff55696000 	C:\Program Files\Microsoft\jdk-11.0.20.8-hotspot\bin\server\jvm.dll
0x00007fff93f50000 - 0x00007fff94000000 	C:\WINDOWS\System32\ADVAPI32.dll
0x00007fff95100000 - 0x00007fff951a6000 	C:\WINDOWS\System32\sechost.dll
0x00007fff94b50000 - 0x00007fff94c67000 	C:\WINDOWS\System32\RPCRT4.dll
0x00007fff93c80000 - 0x00007fff93c88000 	C:\WINDOWS\System32\PSAPI.DLL
0x00007fff8f7c0000 - 0x00007fff8f7c9000 	C:\WINDOWS\SYSTEM32\WSOCK32.dll
0x00007fff94c70000 - 0x00007fff94ce1000 	C:\WINDOWS\System32\WS2_32.dll
0x00007fff8b6e0000 - 0x00007fff8b714000 	C:\WINDOWS\SYSTEM32\WINMM.dll
0x00007fff8a300000 - 0x00007fff8a30a000 	C:\WINDOWS\SYSTEM32\VERSION.dll
0x00007fff916c0000 - 0x00007fff916d8000 	C:\WINDOWS\SYSTEM32\kernel.appcore.dll
0x00007fff798f0000 - 0x00007fff79900000 	C:\Program Files\Microsoft\jdk-11.0.20.8-hotspot\bin\verify.dll
0x00007fff8ade0000 - 0x00007fff8b00e000 	C:\WINDOWS\SYSTEM32\DBGHELP.DLL
0x00007fff937d0000 - 0x00007fff93b5a000 	C:\WINDOWS\System32\combase.dll
0x00007fff94cf0000 - 0x00007fff94dc7000 	C:\WINDOWS\System32\OLEAUT32.dll
0x00007fff76460000 - 0x00007fff76492000 	C:\WINDOWS\SYSTEM32\dbgcore.DLL
0x00007fff92c60000 - 0x00007fff92cda000 	C:\WINDOWS\System32\bcryptPrimitives.dll
0x00007fff575f0000 - 0x00007fff57618000 	C:\Program Files\Microsoft\jdk-11.0.20.8-hotspot\bin\java.dll
0x00007fff73830000 - 0x00007fff7383a000 	C:\Program Files\Microsoft\jdk-11.0.20.8-hotspot\bin\jimage.dll
0x00007fff569b0000 - 0x00007fff569c8000 	C:\Program Files\Microsoft\jdk-11.0.20.8-hotspot\bin\zip.dll
0x00007fff94280000 - 0x00007fff94a96000 	C:\WINDOWS\System32\SHELL32.dll
0x00007fff906a0000 - 0x00007fff90f8a000 	C:\WINDOWS\SYSTEM32\windows.storage.dll
0x00007fff90560000 - 0x00007fff9069e000 	C:\WINDOWS\SYSTEM32\wintypes.dll
0x00007fff951b0000 - 0x00007fff952a3000 	C:\WINDOWS\System32\SHCORE.dll
0x00007fff93ef0000 - 0x00007fff93f4e000 	C:\WINDOWS\System32\shlwapi.dll
0x00007fff92600000 - 0x00007fff92626000 	C:\WINDOWS\SYSTEM32\profapi.dll
0x00007fff56300000 - 0x00007fff56319000 	C:\Program Files\Microsoft\jdk-11.0.20.8-hotspot\bin\net.dll
0x00007fff8a100000 - 0x00007fff8a237000 	C:\WINDOWS\SYSTEM32\WINHTTP.dll
0x00007fff91b90000 - 0x00007fff91bf9000 	C:\WINDOWS\system32\mswsock.dll
0x00007fff55740000 - 0x00007fff55753000 	C:\Program Files\Microsoft\jdk-11.0.20.8-hotspot\bin\nio.dll
0x00007fff55710000 - 0x00007fff55737000 	C:\Users\HP\.gradle\native\68d5fa5c4cc2d200863cafc0d521ce42e7d3e7ee720ec0a83991735586a16f82\windows-amd64\native-platform.dll
0x00007fff549b0000 - 0x00007fff54af4000 	C:\Users\HP\.gradle\native\e376f236ea51e6404a007f0833ffe2c6e607c4080706a723a18a27aeea778392\windows-amd64\native-platform-file-events.dll
0x00007fff71f70000 - 0x00007fff71f79000 	C:\Program Files\Microsoft\jdk-11.0.20.8-hotspot\bin\management.dll
0x00007fff6ede0000 - 0x00007fff6edeb000 	C:\Program Files\Microsoft\jdk-11.0.20.8-hotspot\bin\management_ext.dll
0x00007fff91de0000 - 0x00007fff91dfb000 	C:\WINDOWS\SYSTEM32\CRYPTSP.dll
0x00007fff91680000 - 0x00007fff916b5000 	C:\WINDOWS\system32\rsaenh.dll
0x00007fff91c80000 - 0x00007fff91cac000 	C:\WINDOWS\SYSTEM32\USERENV.dll
0x00007fff91fa0000 - 0x00007fff91fc8000 	C:\WINDOWS\SYSTEM32\bcrypt.dll
0x00007fff91e00000 - 0x00007fff91e0c000 	C:\WINDOWS\SYSTEM32\CRYPTBASE.dll
0x00007fff911f0000 - 0x00007fff9121d000 	C:\WINDOWS\SYSTEM32\IPHLPAPI.DLL
0x00007fff93c70000 - 0x00007fff93c79000 	C:\WINDOWS\System32\NSI.dll
0x00007fff8a310000 - 0x00007fff8a329000 	C:\WINDOWS\SYSTEM32\dhcpcsvc6.DLL
0x00007fff8a0e0000 - 0x00007fff8a0ff000 	C:\WINDOWS\SYSTEM32\dhcpcsvc.DLL
0x00007fff91260000 - 0x00007fff91353000 	C:\WINDOWS\SYSTEM32\DNSAPI.dll

dbghelp: loaded successfully - version: 4.0.5 - missing functions: none
symbol engine: initialized successfully - sym options: 0x614 - pdb path: .;C:\Program Files\Microsoft\jdk-11.0.20.8-hotspot\bin;C:\WINDOWS\SYSTEM32;C:\WINDOWS\WinSxS\amd64_microsoft.windows.common-controls_6595b64144ccf1df_6.0.22621.2070_none_2713e6537381f706;C:\Program Files\Microsoft\jdk-11.0.20.8-hotspot\bin\server;C:\Users\HP\.gradle\native\68d5fa5c4cc2d200863cafc0d521ce42e7d3e7ee720ec0a83991735586a16f82\windows-amd64;C:\Users\HP\.gradle\native\e376f236ea51e6404a007f0833ffe2c6e607c4080706a723a18a27aeea778392\windows-amd64

VM Arguments:
jvm_args: -XX:MaxMetaspaceSize=512m --add-opens=java.base/java.util=ALL-UNNAMED --add-opens=java.base/java.lang=ALL-UNNAMED --add-opens=java.base/java.lang.invoke=ALL-UNNAMED --add-opens=java.prefs/java.util.prefs=ALL-UNNAMED --add-opens=java.base/java.nio.charset=ALL-UNNAMED --add-opens=java.base/java.net=ALL-UNNAMED --add-opens=java.base/java.util.concurrent.atomic=ALL-UNNAMED -Xmx2048m -Dfile.encoding=windows-1252 -Duser.country=US -Duser.language=en -Duser.variant 
java_command: org.gradle.launcher.daemon.bootstrap.GradleDaemon 8.0.1
java_class_path (initial): C:\Users\HP\.gradle\wrapper\dists\gradle-8.0.1-all\aro4hu1c3oeioove7l0i4i14o\gradle-8.0.1\lib\gradle-launcher-8.0.1.jar
Launcher Type: SUN_STANDARD

[Global flags]
     intx CICompilerCount                          = 4                                         {product} {ergonomic}
   size_t CompressedClassSpaceSize                 = 528482304                                 {product} {ergonomic}
     uint ConcGCThreads                            = 2                                         {product} {ergonomic}
     uint G1ConcRefinementThreads                  = 8                                         {product} {ergonomic}
   size_t G1HeapRegionSize                         = 1048576                                   {product} {ergonomic}
    uintx GCDrainStackTargetSize                   = 64                                        {product} {ergonomic}
   size_t InitialHeapSize                          = 134217728                                 {product} {ergonomic}
   size_t MarkStackSize                            = 4194304                                   {product} {ergonomic}
   size_t MaxHeapSize                              = 2147483648                                {product} {command line}
   size_t MaxMetaspaceSize                         = 536870912                                 {product} {command line}
   size_t MaxNewSize                               = 1287651328                                {product} {ergonomic}
   size_t MinHeapDeltaBytes                        = 1048576                                   {product} {ergonomic}
    uintx NonNMethodCodeHeapSize                   = 5836300                                {pd product} {ergonomic}
    uintx NonProfiledCodeHeapSize                  = 122910970                              {pd product} {ergonomic}
    uintx ProfiledCodeHeapSize                     = 122910970                              {pd product} {ergonomic}
    uintx ReservedCodeCacheSize                    = 251658240                              {pd product} {ergonomic}
     bool SegmentedCodeCache                       = true                                      {product} {ergonomic}
     bool UseCompressedClassPointers               = true                                 {lp64_product} {ergonomic}
     bool UseCompressedOops                        = true                                 {lp64_product} {ergonomic}
     bool UseG1GC                                  = true                                      {product} {ergonomic}
     bool UseLargePagesIndividualAllocation        = false                                  {pd product} {ergonomic}

Logging:
Log output configuration:
 #0: stdout all=warning uptime,level,tags
 #1: stderr all=off uptime,level,tags

Environment Variables:
JAVA_HOME=C:\Program Files\Microsoft\jdk-11.0.20.8-hotspot\
CLASSPATH=C:\Users\HP\shops\android\\gradle\wrapper\gradle-wrapper.jar
PATH=C:\Users\HP\shops\node_modules\.bin;C:\Users\HP\shops\node_modules\.bin;C:\Users\HP\node_modules\.bin;C:\Users\node_modules\.bin;C:\node_modules\.bin;C:\Users\HP\AppData\Roaming\npm\node_modules\npm\node_modules\@npmcli\run-script\lib\node-gyp-bin;C:\Users\HP\shops\node_modules\.bin;C:\Users\HP\node_modules\.bin;C:\Users\node_modules\.bin;C:\node_modules\.bin;C:\Users\HP\AppData\Roaming\npm\node_modules\npm\node_modules\@npmcli\run-script\lib\node-gyp-bin;C:\Program Files\Microsoft\jdk-11.0.20.8-hotspot\bin;C:\WINDOWS\system32;C:\WINDOWS;C:\WINDOWS\System32\Wbem;C:\WINDOWS\System32\WindowsPowerShell\v1.0\;C:\WINDOWS\System32\OpenSSH\;C:\Program Files\Git\cmd;C:\ProgramData\ComposerSetup\bin;C:\wamp64\bin\php\php8.13;C:\xampp\php;C:\dev\flutter;C:\Users\hp\AppData\Local\Pub\Cache\bin;C:\ProgramData\chocolatey\bin;C:\Program Files\nodejs\;C:\Program Files\MySQL\MySQL Shell 8.0\bin\;C:\Users\HP\AppData\Local\Microsoft\WindowsApps;C:\Users\HP\AppData\Local\Programs\Microsoft VS Code\bin;C:\Users\HP\.fly\bin;C:\Program Files\heroku\bin;C:\Users\HP\AppData\Local\Microsoft\WindowsApps;C:\Users\HP\AppData\Roaming\Composer\vendor\bin;C:\Users\HP\flutter\bin;C:\Users\HP\AppData\Roaming\npm;C:\Users\HP\AppData\Local\Android\Sdk\platform-tools;
USERNAME=HP
LANG=en_US.UTF-8
OS=Windows_NT
PROCESSOR_IDENTIFIER=Intel64 Family 6 Model 142 Stepping 12, GenuineIntel
TMP=C:\Users\HP\AppData\Local\Temp
TEMP=C:\Users\HP\AppData\Local\Temp



---------------  S Y S T E M  ---------------

OS: Windows 11 , 64 bit Build 22621 (10.0.22621.2070)
OS uptime: 3 days 20:29 hours

CPU:total 8 (initial active 8) (4 cores per cpu, 2 threads per core) family 6 model 142 stepping 12 microcode 0xf0, cmov, cx8, fxsr, mmx, sse, sse2, sse3, ssse3, sse4.1, sse4.2, popcnt, avx, avx2, aes, clmul, erms, 3dnowpref, lzcnt, ht, tsc, tscinvbit, bmi1, bmi2, adx, fma

Memory: 4k page, system-wide physical 8073M (25M free)
TotalPageFile size 32649M (AvailPageFile size 0M)
current process WorkingSet (physical memory assigned to process): 114M, peak: 141M
current process commit charge ("private bytes"): 286M, peak: 288M

vm_info: OpenJDK 64-Bit Server VM (11.0.20+8-LTS) for windows-amd64 JRE (11.0.20+8-LTS), built on Jul  7 2023 17:05:21 by "MicrosoftCorporation" with MS VC++ 15.9 (VS2017)

END.
