#
# There is insufficient memory for the Java Runtime Environment to continue.
# Native memory allocation (malloc) failed to allocate 718656 bytes for Chunk::new
# Possible reasons:
#   The system is out of physical RAM or swap space
#   The process is running with CompressedOops enabled, and the Java Heap may be blocking the growth of the native heap
# Possible solutions:
#   Reduce memory load on the system
#   Increase physical memory or swap space
#   Check if swap backing store is full
#   Decrease Java heap size (-Xmx/-Xms)
#   Decrease number of Java threads
#   Decrease Java thread stack sizes (-Xss)
#   Set larger code cache with -XX:ReservedCodeCacheSize=
#   JVM is running with Unscaled Compressed Oops mode in which the Java heap is
#     placed in the first 4GB address space. The Java Heap base address is the
#     maximum limit for the native heap growth. Please use -XX:HeapBaseMinAddress
#     to set the Java Heap base and to place the Java Heap above 4GB virtual address.
# This output file may be truncated or incomplete.
#
#  Out of Memory Error (arena.cpp:197), pid=38572, tid=39904
#
# JRE version: OpenJDK Runtime Environment Microsoft-8035250 (11.0.20+8) (build 11.0.20+8-LTS)
# Java VM: OpenJDK 64-Bit Server VM Microsoft-8035250 (11.0.20+8-LTS, mixed mode, tiered, compressed oops, g1 gc, windows-amd64)
# No core dump will be written. Minidumps are not enabled by default on client versions of Windows
#

---------------  S U M M A R Y ------------

Command Line: -XX:MaxMetaspaceSize=512m --add-opens=java.base/java.util=ALL-UNNAMED --add-opens=java.base/java.lang=ALL-UNNAMED --add-opens=java.base/java.lang.invoke=ALL-UNNAMED --add-opens=java.prefs/java.util.prefs=ALL-UNNAMED --add-opens=java.base/java.nio.charset=ALL-UNNAMED --add-opens=java.base/java.net=ALL-UNNAMED --add-opens=java.base/java.util.concurrent.atomic=ALL-UNNAMED -Xmx2048m -Dfile.encoding=windows-1252 -Duser.country=US -Duser.language=en -Duser.variant org.gradle.launcher.daemon.bootstrap.GradleDaemon 8.0.1

Host: Intel(R) Core(TM) i5-8265U CPU @ 1.60GHz, 8 cores, 7G,  Windows 11 , 64 bit Build 22621 (10.0.22621.2070)
Time: Mon Aug 14 15:43:03 2023 W. Central Africa Standard Time elapsed time: 107.058857 seconds (0d 0h 1m 47s)

---------------  T H R E A D  ---------------

Current thread (0x00000190dd417000):  JavaThread "C2 CompilerThread0" daemon [_thread_in_native, id=39904, stack(0x000000574ca00000,0x000000574cb00000)]


Current CompileTask:
C2: 107058 2840   !   4       java.lang.ClassLoader::loadClass (122 bytes)

Stack: [0x000000574ca00000,0x000000574cb00000]
Native frames: (J=compiled Java code, j=interpreted, Vv=VM code, C=native code)
V  [jvm.dll+0x62e9da]
V  [jvm.dll+0x7bc4e9]
V  [jvm.dll+0x7bdbd8]
V  [jvm.dll+0x7be2b3]
V  [jvm.dll+0x2505a8]
V  [jvm.dll+0xc263c]
V  [jvm.dll+0xc2bfc]
V  [jvm.dll+0x2c56a4]
V  [jvm.dll+0x536a1c]
V  [jvm.dll+0x211a7b]
V  [jvm.dll+0x20b6b4]
V  [jvm.dll+0x20881b]
V  [jvm.dll+0x18a7de]
V  [jvm.dll+0x2181ec]
V  [jvm.dll+0x21642b]
V  [jvm.dll+0x77efc0]
V  [jvm.dll+0x777db4]
V  [jvm.dll+0x62d845]
C  [ucrtbase.dll+0x29363]
C  [KERNEL32.DLL+0x126ad]
C  [ntdll.dll+0x5aa68]


---------------  P R O C E S S  ---------------

Threads class SMR info:
_java_thread_list=0x00000190e0f362f0, length=32, elements={
0x00000190be30f000, 0x00000190dd402000, 0x00000190dd3f5000, 0x00000190dd40e000,
0x00000190dd412800, 0x00000190dd415800, 0x00000190dd417000, 0x00000190dd418000,
0x00000190dd41d000, 0x00000190dded6000, 0x00000190df55c800, 0x00000190deb88800,
0x00000190df0ae000, 0x00000190df7ee800, 0x00000190dee85000, 0x00000190de4e6000,
0x00000190defbc000, 0x00000190df06b800, 0x00000190df06c800, 0x00000190de90b800,
0x00000190e045f000, 0x00000190e0460000, 0x00000190e0461000, 0x00000190e0462800,
0x00000190e045d000, 0x00000190e045d800, 0x00000190e0461800, 0x00000190e0463800,
0x00000190e045e800, 0x00000190e0969800, 0x00000190e096a000, 0x00000190e0967000
}

Java Threads: ( => current thread )
  0x00000190be30f000 JavaThread "main" [_thread_blocked, id=9668, stack(0x000000574be00000,0x000000574bf00000)]
  0x00000190dd402000 JavaThread "Reference Handler" daemon [_thread_blocked, id=31156, stack(0x000000574c500000,0x000000574c600000)]
  0x00000190dd3f5000 JavaThread "Finalizer" daemon [_thread_blocked, id=46492, stack(0x000000574c600000,0x000000574c700000)]
  0x00000190dd40e000 JavaThread "Signal Dispatcher" daemon [_thread_blocked, id=9324, stack(0x000000574c700000,0x000000574c800000)]
  0x00000190dd412800 JavaThread "Attach Listener" daemon [_thread_blocked, id=31920, stack(0x000000574c800000,0x000000574c900000)]
  0x00000190dd415800 JavaThread "Service Thread" daemon [_thread_blocked, id=34972, stack(0x000000574c900000,0x000000574ca00000)]
=>0x00000190dd417000 JavaThread "C2 CompilerThread0" daemon [_thread_in_native, id=39904, stack(0x000000574ca00000,0x000000574cb00000)]
  0x00000190dd418000 JavaThread "C1 CompilerThread0" daemon [_thread_blocked, id=19988, stack(0x000000574cb00000,0x000000574cc00000)]
  0x00000190dd41d000 JavaThread "Sweeper thread" daemon [_thread_blocked, id=37044, stack(0x000000574cc00000,0x000000574cd00000)]
  0x00000190dded6000 JavaThread "Common-Cleaner" daemon [_thread_blocked, id=38024, stack(0x000000574cd00000,0x000000574ce00000)]
  0x00000190df55c800 JavaThread "Daemon health stats" [_thread_blocked, id=16300, stack(0x000000574bc00000,0x000000574bd00000)]
  0x00000190deb88800 JavaThread "Incoming local TCP Connector on port 59664" [_thread_in_native, id=50856, stack(0x000000574d200000,0x000000574d300000)]
  0x00000190df0ae000 JavaThread "Daemon periodic checks" [_thread_blocked, id=19640, stack(0x000000574d300000,0x000000574d400000)]
  0x00000190df7ee800 JavaThread "Daemon" [_thread_blocked, id=50484, stack(0x000000574d400000,0x000000574d500000)]
  0x00000190dee85000 JavaThread "Handler for socket connection from /127.0.0.1:59664 to /127.0.0.1:59673" [_thread_in_native, id=32064, stack(0x000000574d500000,0x000000574d600000)]
  0x00000190de4e6000 JavaThread "Cancel handler" [_thread_blocked, id=31604, stack(0x000000574d600000,0x000000574d700000)]
  0x00000190defbc000 JavaThread "Daemon worker" [_thread_in_native, id=1140, stack(0x000000574d700000,0x000000574d800000)]
  0x00000190df06b800 JavaThread "Asynchronous log dispatcher for DefaultDaemonConnection: socket connection from /127.0.0.1:59664 to /127.0.0.1:59673" [_thread_blocked, id=48208, stack(0x000000574d800000,0x000000574d900000)]
  0x00000190df06c800 JavaThread "Stdin handler" [_thread_blocked, id=10364, stack(0x000000574d900000,0x000000574da00000)]
  0x00000190de90b800 JavaThread "Daemon client event forwarder" [_thread_blocked, id=13284, stack(0x000000574da00000,0x000000574db00000)]
  0x00000190e045f000 JavaThread "Cache worker for journal cache (C:\Users\HP\.gradle\caches\journal-1)" [_thread_blocked, id=10964, stack(0x000000574e300000,0x000000574e400000)]
  0x00000190e0460000 JavaThread "File lock request listener" [_thread_in_native, id=13192, stack(0x000000574e400000,0x000000574e500000)]
  0x00000190e0461000 JavaThread "File lock release action executor" [_thread_blocked, id=6036, stack(0x000000574e500000,0x000000574e600000)]
  0x00000190e0462800 JavaThread "Cache worker for file hash cache (C:\Users\HP\.gradle\caches\8.0.1\fileHashes)" [_thread_blocked, id=22804, stack(0x000000574e600000,0x000000574e700000)]
  0x00000190e045d000 JavaThread "File watcher server" daemon [_thread_in_native, id=24004, stack(0x000000574bb00000,0x000000574bc00000)]
  0x00000190e045d800 JavaThread "File watcher consumer" daemon [_thread_blocked, id=36984, stack(0x000000574bd00000,0x000000574be00000)]
  0x00000190e0461800 JavaThread "Cache worker for checksums cache (C:\Users\HP\shops\android\.gradle\8.0.1\checksums)" [_thread_blocked, id=5020, stack(0x000000574d100000,0x000000574d200000)]
  0x00000190e0463800 JavaThread "Cache worker for cache directory md-rule (C:\Users\HP\.gradle\caches\8.0.1\md-rule)" [_thread_blocked, id=23516, stack(0x000000574e700000,0x000000574e800000)]
  0x00000190e045e800 JavaThread "Cache worker for file content cache (C:\Users\HP\.gradle\caches\8.0.1\fileContent)" [_thread_blocked, id=49580, stack(0x000000574e800000,0x000000574e900000)]
  0x00000190e0969800 JavaThread "Cache worker for file hash cache (C:\Users\HP\shops\android\.gradle\8.0.1\fileHashes)" [_thread_blocked, id=32172, stack(0x000000574e900000,0x000000574ea00000)]
  0x00000190e096a000 JavaThread "Cache worker for cache directory md-supplier (C:\Users\HP\.gradle\caches\8.0.1\md-supplier)" [_thread_blocked, id=860, stack(0x000000574ea00000,0x000000574eb00000)]
  0x00000190e0967000 JavaThread "Cache worker for execution history cache (C:\Users\HP\.gradle\caches\8.0.1\executionHistory)" [_thread_blocked, id=17812, stack(0x000000574eb00000,0x000000574ec00000)]

Other Threads:
  0x00000190dd3ee800 VMThread "VM Thread" [stack: 0x000000574c400000,0x000000574c500000] [id=28724]
  0x00000190ddf06000 WatcherThread [stack: 0x000000574ce00000,0x000000574cf00000] [id=10400]
  0x00000190be328800 GCTaskThread "GC Thread#0" [stack: 0x000000574bf00000,0x000000574c000000] [id=18528]
  0x00000190de9ec800 GCTaskThread "GC Thread#1" [stack: 0x000000574cf00000,0x000000574d000000] [id=5752]
  0x00000190ded94000 GCTaskThread "GC Thread#2" [stack: 0x000000574d000000,0x000000574d100000] [id=2304]
  0x00000190dec13800 GCTaskThread "GC Thread#3" [stack: 0x000000574db00000,0x000000574dc00000] [id=904]
  0x00000190dec14000 GCTaskThread "GC Thread#4" [stack: 0x000000574dc00000,0x000000574dd00000] [id=564]
  0x00000190df879000 GCTaskThread "GC Thread#5" [stack: 0x000000574dd00000,0x000000574de00000] [id=3684]
  0x00000190df879800 GCTaskThread "GC Thread#6" [stack: 0x000000574de00000,0x000000574df00000] [id=13204]
  0x00000190e051c800 GCTaskThread "GC Thread#7" [stack: 0x000000574df00000,0x000000574e000000] [id=10544]
  0x00000190be35a000 ConcurrentGCThread "G1 Main Marker" [stack: 0x000000574c000000,0x000000574c100000] [id=35212]
  0x00000190be35c000 ConcurrentGCThread "G1 Conc#0" [stack: 0x000000574c100000,0x000000574c200000] [id=43792]
  0x00000190de213800 ConcurrentGCThread "G1 Conc#1" [stack: 0x000000574e000000,0x000000574e100000] [id=45796]
  0x00000190be3dc800 ConcurrentGCThread "G1 Refine#0" [stack: 0x000000574c200000,0x000000574c300000] [id=6516]
  0x00000190dd262800 ConcurrentGCThread "G1 Young RemSet Sampling" [stack: 0x000000574c300000,0x000000574c400000] [id=48192]

Threads with active compile tasks:
C2 CompilerThread0   108984 2840   !   4       java.lang.ClassLoader::loadClass (122 bytes)

VM state:not at safepoint (normal execution)

VM Mutex/Monitor currently owned by a thread: None

Heap address: 0x0000000080000000, size: 2048 MB, Compressed Oops mode: 32-bit
Narrow klass base: 0x0000000000000000, Narrow klass shift: 3
Compressed class space size: 528482304 Address: 0x0000000100000000

Heap:
 garbage-first heap   total 131072K, used 56016K [0x0000000080000000, 0x0000000100000000)
  region size 1024K, 39 young (39936K), 4 survivors (4096K)
 Metaspace       used 32486K, capacity 33198K, committed 33536K, reserved 546816K
  class space    used 4234K, capacity 4510K, committed 4608K, reserved 516096K
Heap Regions: E=young(eden), S=young(survivor), O=old, HS=humongous(starts), HC=humongous(continues), CS=collection set, F=free, A=archive, TAMS=top-at-mark-start (previous, next)
|   0|0x0000000080000000, 0x0000000080100000, 0x0000000080100000|100%|HS|  |TAMS 0x0000000080100000, 0x0000000080000000| Complete 
|   1|0x0000000080100000, 0x0000000080200000, 0x0000000080200000|100%|HC|  |TAMS 0x0000000080200000, 0x0000000080100000| Complete 
|   2|0x0000000080200000, 0x0000000080300000, 0x0000000080300000|100%|HC|  |TAMS 0x0000000080300000, 0x0000000080200000| Complete 
|   3|0x0000000080300000, 0x0000000080400000, 0x0000000080400000|100%|HC|  |TAMS 0x0000000080400000, 0x0000000080300000| Complete 
|   4|0x0000000080400000, 0x0000000080500000, 0x0000000080500000|100%| O|  |TAMS 0x0000000080500000, 0x0000000080400000| Untracked 
|   5|0x0000000080500000, 0x0000000080600000, 0x0000000080600000|100%| O|  |TAMS 0x0000000080600000, 0x0000000080500000| Untracked 
|   6|0x0000000080600000, 0x0000000080700000, 0x0000000080700000|100%| O|  |TAMS 0x0000000080700000, 0x0000000080600000| Untracked 
|   7|0x0000000080700000, 0x0000000080800000, 0x0000000080800000|100%| O|  |TAMS 0x0000000080800000, 0x0000000080700000| Untracked 
|   8|0x0000000080800000, 0x0000000080900000, 0x0000000080900000|100%| O|  |TAMS 0x0000000080900000, 0x0000000080800000| Untracked 
|   9|0x0000000080900000, 0x0000000080a00000, 0x0000000080a00000|100%| O|  |TAMS 0x0000000080a00000, 0x0000000080900000| Untracked 
|  10|0x0000000080a00000, 0x0000000080b00000, 0x0000000080b00000|100%| O|  |TAMS 0x0000000080b00000, 0x0000000080a00000| Untracked 
|  11|0x0000000080b00000, 0x0000000080c00000, 0x0000000080c00000|100%| O|  |TAMS 0x0000000080c00000, 0x0000000080b00000| Untracked 
|  12|0x0000000080c00000, 0x0000000080d00000, 0x0000000080d00000|100%| O|  |TAMS 0x0000000080d00000, 0x0000000080c00000| Untracked 
|  13|0x0000000080d00000, 0x0000000080e00000, 0x0000000080e00000|100%| O|  |TAMS 0x0000000080e00000, 0x0000000080d00000| Untracked 
|  14|0x0000000080e00000, 0x0000000080f00000, 0x0000000080f00000|100%| O|  |TAMS 0x0000000080f00000, 0x0000000080e00000| Untracked 
|  15|0x0000000080f00000, 0x0000000081000000, 0x0000000081000000|100%| O|  |TAMS 0x0000000081000000, 0x0000000080f00000| Untracked 
|  16|0x0000000081000000, 0x0000000081100000, 0x0000000081100000|100%| O|  |TAMS 0x0000000081100000, 0x0000000081000000| Untracked 
|  17|0x0000000081100000, 0x0000000081142800, 0x0000000081200000| 25%| O|  |TAMS 0x0000000081142800, 0x0000000081100000| Untracked 
|  18|0x0000000081200000, 0x0000000081200000, 0x0000000081300000|  0%| F|  |TAMS 0x0000000081200000, 0x0000000081200000| Untracked 
|  19|0x0000000081300000, 0x0000000081300000, 0x0000000081400000|  0%| F|  |TAMS 0x0000000081300000, 0x0000000081300000| Untracked 
|  20|0x0000000081400000, 0x0000000081400000, 0x0000000081500000|  0%| F|  |TAMS 0x0000000081400000, 0x0000000081400000| Untracked 
|  21|0x0000000081500000, 0x0000000081500000, 0x0000000081600000|  0%| F|  |TAMS 0x0000000081500000, 0x0000000081500000| Untracked 
|  22|0x0000000081600000, 0x0000000081600000, 0x0000000081700000|  0%| F|  |TAMS 0x0000000081600000, 0x0000000081600000| Untracked 
|  23|0x0000000081700000, 0x0000000081700000, 0x0000000081800000|  0%| F|  |TAMS 0x0000000081700000, 0x0000000081700000| Untracked 
|  24|0x0000000081800000, 0x0000000081800000, 0x0000000081900000|  0%| F|  |TAMS 0x0000000081800000, 0x0000000081800000| Untracked 
|  25|0x0000000081900000, 0x0000000081900000, 0x0000000081a00000|  0%| F|  |TAMS 0x0000000081900000, 0x0000000081900000| Untracked 
|  26|0x0000000081a00000, 0x0000000081a00000, 0x0000000081b00000|  0%| F|  |TAMS 0x0000000081a00000, 0x0000000081a00000| Untracked 
|  27|0x0000000081b00000, 0x0000000081b00000, 0x0000000081c00000|  0%| F|  |TAMS 0x0000000081b00000, 0x0000000081b00000| Untracked 
|  28|0x0000000081c00000, 0x0000000081c00000, 0x0000000081d00000|  0%| F|  |TAMS 0x0000000081c00000, 0x0000000081c00000| Untracked 
|  29|0x0000000081d00000, 0x0000000081d00000, 0x0000000081e00000|  0%| F|  |TAMS 0x0000000081d00000, 0x0000000081d00000| Untracked 
|  30|0x0000000081e00000, 0x0000000081e00000, 0x0000000081f00000|  0%| F|  |TAMS 0x0000000081e00000, 0x0000000081e00000| Untracked 
|  31|0x0000000081f00000, 0x0000000081f00000, 0x0000000082000000|  0%| F|  |TAMS 0x0000000081f00000, 0x0000000081f00000| Untracked 
|  32|0x0000000082000000, 0x0000000082000000, 0x0000000082100000|  0%| F|  |TAMS 0x0000000082000000, 0x0000000082000000| Untracked 
|  33|0x0000000082100000, 0x0000000082100000, 0x0000000082200000|  0%| F|  |TAMS 0x0000000082100000, 0x0000000082100000| Untracked 
|  34|0x0000000082200000, 0x0000000082200000, 0x0000000082300000|  0%| F|  |TAMS 0x0000000082200000, 0x0000000082200000| Untracked 
|  35|0x0000000082300000, 0x0000000082300000, 0x0000000082400000|  0%| F|  |TAMS 0x0000000082300000, 0x0000000082300000| Untracked 
|  36|0x0000000082400000, 0x0000000082400000, 0x0000000082500000|  0%| F|  |TAMS 0x0000000082400000, 0x0000000082400000| Untracked 
|  37|0x0000000082500000, 0x0000000082500000, 0x0000000082600000|  0%| F|  |TAMS 0x0000000082500000, 0x0000000082500000| Untracked 
|  38|0x0000000082600000, 0x0000000082600000, 0x0000000082700000|  0%| F|  |TAMS 0x0000000082600000, 0x0000000082600000| Untracked 
|  39|0x0000000082700000, 0x0000000082700000, 0x0000000082800000|  0%| F|  |TAMS 0x0000000082700000, 0x0000000082700000| Untracked 
|  40|0x0000000082800000, 0x0000000082800000, 0x0000000082900000|  0%| F|  |TAMS 0x0000000082800000, 0x0000000082800000| Untracked 
|  41|0x0000000082900000, 0x0000000082900000, 0x0000000082a00000|  0%| F|  |TAMS 0x0000000082900000, 0x0000000082900000| Untracked 
|  42|0x0000000082a00000, 0x0000000082a00000, 0x0000000082b00000|  0%| F|  |TAMS 0x0000000082a00000, 0x0000000082a00000| Untracked 
|  43|0x0000000082b00000, 0x0000000082b00000, 0x0000000082c00000|  0%| F|  |TAMS 0x0000000082b00000, 0x0000000082b00000| Untracked 
|  44|0x0000000082c00000, 0x0000000082c00000, 0x0000000082d00000|  0%| F|  |TAMS 0x0000000082c00000, 0x0000000082c00000| Untracked 
|  45|0x0000000082d00000, 0x0000000082d00000, 0x0000000082e00000|  0%| F|  |TAMS 0x0000000082d00000, 0x0000000082d00000| Untracked 
|  46|0x0000000082e00000, 0x0000000082e00000, 0x0000000082f00000|  0%| F|  |TAMS 0x0000000082e00000, 0x0000000082e00000| Untracked 
|  47|0x0000000082f00000, 0x0000000082f00000, 0x0000000083000000|  0%| F|  |TAMS 0x0000000082f00000, 0x0000000082f00000| Untracked 
|  48|0x0000000083000000, 0x0000000083000000, 0x0000000083100000|  0%| F|  |TAMS 0x0000000083000000, 0x0000000083000000| Untracked 
|  49|0x0000000083100000, 0x0000000083100000, 0x0000000083200000|  0%| F|  |TAMS 0x0000000083100000, 0x0000000083100000| Untracked 
|  50|0x0000000083200000, 0x0000000083200000, 0x0000000083300000|  0%| F|  |TAMS 0x0000000083200000, 0x0000000083200000| Untracked 
|  51|0x0000000083300000, 0x0000000083300000, 0x0000000083400000|  0%| F|  |TAMS 0x0000000083300000, 0x0000000083300000| Untracked 
|  52|0x0000000083400000, 0x0000000083400000, 0x0000000083500000|  0%| F|  |TAMS 0x0000000083400000, 0x0000000083400000| Untracked 
|  53|0x0000000083500000, 0x0000000083500000, 0x0000000083600000|  0%| F|  |TAMS 0x0000000083500000, 0x0000000083500000| Untracked 
|  54|0x0000000083600000, 0x0000000083600000, 0x0000000083700000|  0%| F|  |TAMS 0x0000000083600000, 0x0000000083600000| Untracked 
|  55|0x0000000083700000, 0x0000000083700000, 0x0000000083800000|  0%| F|  |TAMS 0x0000000083700000, 0x0000000083700000| Untracked 
|  56|0x0000000083800000, 0x0000000083800000, 0x0000000083900000|  0%| F|  |TAMS 0x0000000083800000, 0x0000000083800000| Untracked 
|  57|0x0000000083900000, 0x0000000083900000, 0x0000000083a00000|  0%| F|  |TAMS 0x0000000083900000, 0x0000000083900000| Untracked 
|  58|0x0000000083a00000, 0x0000000083a00000, 0x0000000083b00000|  0%| F|  |TAMS 0x0000000083a00000, 0x0000000083a00000| Untracked 
|  59|0x0000000083b00000, 0x0000000083b00000, 0x0000000083c00000|  0%| F|  |TAMS 0x0000000083b00000, 0x0000000083b00000| Untracked 
|  60|0x0000000083c00000, 0x0000000083c00000, 0x0000000083d00000|  0%| F|  |TAMS 0x0000000083c00000, 0x0000000083c00000| Untracked 
|  61|0x0000000083d00000, 0x0000000083d00000, 0x0000000083e00000|  0%| F|  |TAMS 0x0000000083d00000, 0x0000000083d00000| Untracked 
|  62|0x0000000083e00000, 0x0000000083e00000, 0x0000000083f00000|  0%| F|  |TAMS 0x0000000083e00000, 0x0000000083e00000| Untracked 
|  63|0x0000000083f00000, 0x0000000083f00000, 0x0000000084000000|  0%| F|  |TAMS 0x0000000083f00000, 0x0000000083f00000| Untracked 
|  64|0x0000000084000000, 0x0000000084000000, 0x0000000084100000|  0%| F|  |TAMS 0x0000000084000000, 0x0000000084000000| Untracked 
|  65|0x0000000084100000, 0x0000000084100000, 0x0000000084200000|  0%| F|  |TAMS 0x0000000084100000, 0x0000000084100000| Untracked 
|  66|0x0000000084200000, 0x0000000084200000, 0x0000000084300000|  0%| F|  |TAMS 0x0000000084200000, 0x0000000084200000| Untracked 
|  67|0x0000000084300000, 0x0000000084300000, 0x0000000084400000|  0%| F|  |TAMS 0x0000000084300000, 0x0000000084300000| Untracked 
|  68|0x0000000084400000, 0x0000000084400000, 0x0000000084500000|  0%| F|  |TAMS 0x0000000084400000, 0x0000000084400000| Untracked 
|  69|0x0000000084500000, 0x0000000084500000, 0x0000000084600000|  0%| F|  |TAMS 0x0000000084500000, 0x0000000084500000| Untracked 
|  70|0x0000000084600000, 0x0000000084600000, 0x0000000084700000|  0%| F|  |TAMS 0x0000000084600000, 0x0000000084600000| Untracked 
|  71|0x0000000084700000, 0x0000000084700000, 0x0000000084800000|  0%| F|  |TAMS 0x0000000084700000, 0x0000000084700000| Untracked 
|  72|0x0000000084800000, 0x0000000084800000, 0x0000000084900000|  0%| F|  |TAMS 0x0000000084800000, 0x0000000084800000| Untracked 
|  73|0x0000000084900000, 0x0000000084900000, 0x0000000084a00000|  0%| F|  |TAMS 0x0000000084900000, 0x0000000084900000| Untracked 
|  74|0x0000000084a00000, 0x0000000084a00000, 0x0000000084b00000|  0%| F|  |TAMS 0x0000000084a00000, 0x0000000084a00000| Untracked 
|  75|0x0000000084b00000, 0x0000000084b00000, 0x0000000084c00000|  0%| F|  |TAMS 0x0000000084b00000, 0x0000000084b00000| Untracked 
|  76|0x0000000084c00000, 0x0000000084c00000, 0x0000000084d00000|  0%| F|  |TAMS 0x0000000084c00000, 0x0000000084c00000| Untracked 
|  77|0x0000000084d00000, 0x0000000084d00000, 0x0000000084e00000|  0%| F|  |TAMS 0x0000000084d00000, 0x0000000084d00000| Untracked 
|  78|0x0000000084e00000, 0x0000000084e00000, 0x0000000084f00000|  0%| F|  |TAMS 0x0000000084e00000, 0x0000000084e00000| Untracked 
|  79|0x0000000084f00000, 0x0000000084f00000, 0x0000000085000000|  0%| F|  |TAMS 0x0000000084f00000, 0x0000000084f00000| Untracked 
|  80|0x0000000085000000, 0x0000000085000000, 0x0000000085100000|  0%| F|  |TAMS 0x0000000085000000, 0x0000000085000000| Untracked 
|  81|0x0000000085100000, 0x0000000085171b20, 0x0000000085200000| 44%| S|CS|TAMS 0x0000000085100000, 0x0000000085100000| Complete 
|  82|0x0000000085200000, 0x0000000085300000, 0x0000000085300000|100%| S|CS|TAMS 0x0000000085200000, 0x0000000085200000| Complete 
|  83|0x0000000085300000, 0x0000000085400000, 0x0000000085400000|100%| S|CS|TAMS 0x0000000085300000, 0x0000000085300000| Complete 
|  84|0x0000000085400000, 0x0000000085500000, 0x0000000085500000|100%| S|CS|TAMS 0x0000000085400000, 0x0000000085400000| Complete 
|  85|0x0000000085500000, 0x0000000085500000, 0x0000000085600000|  0%| F|  |TAMS 0x0000000085500000, 0x0000000085500000| Untracked 
|  86|0x0000000085600000, 0x0000000085600000, 0x0000000085700000|  0%| F|  |TAMS 0x0000000085600000, 0x0000000085600000| Untracked 
|  87|0x0000000085700000, 0x0000000085700000, 0x0000000085800000|  0%| F|  |TAMS 0x0000000085700000, 0x0000000085700000| Untracked 
|  88|0x0000000085800000, 0x0000000085800000, 0x0000000085900000|  0%| F|  |TAMS 0x0000000085800000, 0x0000000085800000| Untracked 
|  89|0x0000000085900000, 0x0000000085900000, 0x0000000085a00000|  0%| F|  |TAMS 0x0000000085900000, 0x0000000085900000| Untracked 
|  90|0x0000000085a00000, 0x0000000085a00000, 0x0000000085b00000|  0%| F|  |TAMS 0x0000000085a00000, 0x0000000085a00000| Untracked 
|  91|0x0000000085b00000, 0x0000000085b00000, 0x0000000085c00000|  0%| F|  |TAMS 0x0000000085b00000, 0x0000000085b00000| Untracked 
|  92|0x0000000085c00000, 0x0000000085c00000, 0x0000000085d00000|  0%| F|  |TAMS 0x0000000085c00000, 0x0000000085c00000| Untracked 
|  93|0x0000000085d00000, 0x0000000085e00000, 0x0000000085e00000|100%| E|  |TAMS 0x0000000085d00000, 0x0000000085d00000| Complete 
|  94|0x0000000085e00000, 0x0000000085f00000, 0x0000000085f00000|100%| E|CS|TAMS 0x0000000085e00000, 0x0000000085e00000| Complete 
|  95|0x0000000085f00000, 0x0000000086000000, 0x0000000086000000|100%| E|CS|TAMS 0x0000000085f00000, 0x0000000085f00000| Complete 
|  96|0x0000000086000000, 0x0000000086100000, 0x0000000086100000|100%| E|CS|TAMS 0x0000000086000000, 0x0000000086000000| Complete 
|  97|0x0000000086100000, 0x0000000086200000, 0x0000000086200000|100%| E|CS|TAMS 0x0000000086100000, 0x0000000086100000| Complete 
|  98|0x0000000086200000, 0x0000000086300000, 0x0000000086300000|100%| E|CS|TAMS 0x0000000086200000, 0x0000000086200000| Complete 
|  99|0x0000000086300000, 0x0000000086400000, 0x0000000086400000|100%| E|CS|TAMS 0x0000000086300000, 0x0000000086300000| Complete 
| 100|0x0000000086400000, 0x0000000086500000, 0x0000000086500000|100%| E|CS|TAMS 0x0000000086400000, 0x0000000086400000| Complete 
| 101|0x0000000086500000, 0x0000000086600000, 0x0000000086600000|100%| E|CS|TAMS 0x0000000086500000, 0x0000000086500000| Complete 
| 102|0x0000000086600000, 0x0000000086700000, 0x0000000086700000|100%| E|CS|TAMS 0x0000000086600000, 0x0000000086600000| Complete 
| 103|0x0000000086700000, 0x0000000086800000, 0x0000000086800000|100%| E|CS|TAMS 0x0000000086700000, 0x0000000086700000| Complete 
| 104|0x0000000086800000, 0x0000000086900000, 0x0000000086900000|100%| E|CS|TAMS 0x0000000086800000, 0x0000000086800000| Complete 
| 105|0x0000000086900000, 0x0000000086a00000, 0x0000000086a00000|100%| E|CS|TAMS 0x0000000086900000, 0x0000000086900000| Complete 
| 106|0x0000000086a00000, 0x0000000086b00000, 0x0000000086b00000|100%| E|CS|TAMS 0x0000000086a00000, 0x0000000086a00000| Complete 
| 107|0x0000000086b00000, 0x0000000086c00000, 0x0000000086c00000|100%| E|CS|TAMS 0x0000000086b00000, 0x0000000086b00000| Complete 
| 108|0x0000000086c00000, 0x0000000086d00000, 0x0000000086d00000|100%| E|CS|TAMS 0x0000000086c00000, 0x0000000086c00000| Complete 
| 109|0x0000000086d00000, 0x0000000086e00000, 0x0000000086e00000|100%| E|CS|TAMS 0x0000000086d00000, 0x0000000086d00000| Complete 
| 110|0x0000000086e00000, 0x0000000086f00000, 0x0000000086f00000|100%| E|CS|TAMS 0x0000000086e00000, 0x0000000086e00000| Complete 
| 111|0x0000000086f00000, 0x0000000087000000, 0x0000000087000000|100%| E|CS|TAMS 0x0000000086f00000, 0x0000000086f00000| Complete 
| 112|0x0000000087000000, 0x0000000087100000, 0x0000000087100000|100%| E|CS|TAMS 0x0000000087000000, 0x0000000087000000| Complete 
| 113|0x0000000087100000, 0x0000000087200000, 0x0000000087200000|100%| E|CS|TAMS 0x0000000087100000, 0x0000000087100000| Complete 
| 114|0x0000000087200000, 0x0000000087300000, 0x0000000087300000|100%| E|CS|TAMS 0x0000000087200000, 0x0000000087200000| Complete 
| 115|0x0000000087300000, 0x0000000087400000, 0x0000000087400000|100%| E|CS|TAMS 0x0000000087300000, 0x0000000087300000| Complete 
| 116|0x0000000087400000, 0x0000000087500000, 0x0000000087500000|100%| E|CS|TAMS 0x0000000087400000, 0x0000000087400000| Complete 
| 117|0x0000000087500000, 0x0000000087600000, 0x0000000087600000|100%| E|CS|TAMS 0x0000000087500000, 0x0000000087500000| Complete 
| 118|0x0000000087600000, 0x0000000087700000, 0x0000000087700000|100%| E|CS|TAMS 0x0000000087600000, 0x0000000087600000| Complete 
| 119|0x0000000087700000, 0x0000000087800000, 0x0000000087800000|100%| E|CS|TAMS 0x0000000087700000, 0x0000000087700000| Complete 
| 120|0x0000000087800000, 0x0000000087900000, 0x0000000087900000|100%| E|CS|TAMS 0x0000000087800000, 0x0000000087800000| Complete 
| 121|0x0000000087900000, 0x0000000087a00000, 0x0000000087a00000|100%| E|CS|TAMS 0x0000000087900000, 0x0000000087900000| Complete 
| 122|0x0000000087a00000, 0x0000000087b00000, 0x0000000087b00000|100%| E|CS|TAMS 0x0000000087a00000, 0x0000000087a00000| Complete 
| 123|0x0000000087b00000, 0x0000000087c00000, 0x0000000087c00000|100%| E|CS|TAMS 0x0000000087b00000, 0x0000000087b00000| Complete 
| 124|0x0000000087c00000, 0x0000000087d00000, 0x0000000087d00000|100%| E|CS|TAMS 0x0000000087c00000, 0x0000000087c00000| Complete 
| 125|0x0000000087d00000, 0x0000000087e00000, 0x0000000087e00000|100%| E|CS|TAMS 0x0000000087d00000, 0x0000000087d00000| Complete 
| 126|0x0000000087e00000, 0x0000000087f00000, 0x0000000087f00000|100%| E|CS|TAMS 0x0000000087e00000, 0x0000000087e00000| Complete 
| 127|0x0000000087f00000, 0x0000000088000000, 0x0000000088000000|100%| E|CS|TAMS 0x0000000087f00000, 0x0000000087f00000| Complete 

Card table byte_map: [0x00000190d61b0000,0x00000190d65b0000] _byte_map_base: 0x00000190d5db0000

Marking Bits (Prev, Next): (CMBitMap*) 0x00000190be350f40, (CMBitMap*) 0x00000190be350f08
 Prev Bits: [0x00000190d89b0000, 0x00000190da9b0000)
 Next Bits: [0x00000190d69b0000, 0x00000190d89b0000)

Polling page: 0x00000190bc300000

Metaspace:

Usage:
  Non-class:     28.02 MB capacity,    27.59 MB ( 98%) used,   360.66 KB (  1%) free+waste,    75.69 KB ( <1%) overhead. 
      Class:      4.40 MB capacity,     4.14 MB ( 94%) used,   237.48 KB (  5%) free+waste,    37.69 KB ( <1%) overhead. 
       Both:     32.42 MB capacity,    31.73 MB ( 98%) used,   598.13 KB (  2%) free+waste,   113.38 KB ( <1%) overhead. 

Virtual space:
  Non-class space:       30.00 MB reserved,      28.25 MB ( 94%) committed 
      Class space:      504.00 MB reserved,       4.50 MB ( <1%) committed 
             Both:      534.00 MB reserved,      32.75 MB (  6%) committed 

Chunk freelists:
   Non-Class:  48.00 KB
       Class:  2.00 KB
        Both:  50.00 KB

MaxMetaspaceSize: 512.00 MB
CompressedClassSpaceSize: 504.00 MB
Initial GC threshold: 20.80 MB
Current GC threshold: 34.79 MB
CDS: off

CodeHeap 'non-profiled nmethods': size=120000Kb used=1446Kb max_used=1446Kb free=118553Kb
 bounds [0x00000190ce550000, 0x00000190ce7c0000, 0x00000190d5a80000]
CodeHeap 'profiled nmethods': size=120000Kb used=6225Kb max_used=6225Kb free=113774Kb
 bounds [0x00000190c7020000, 0x00000190c7640000, 0x00000190ce550000]
CodeHeap 'non-nmethods': size=5760Kb used=1242Kb max_used=1274Kb free=4517Kb
 bounds [0x00000190c6a80000, 0x00000190c6cf0000, 0x00000190c7020000]
 total_blobs=3427 nmethods=2904 adapters=435
 compilation: enabled
              stopped_count=0, restarted_count=0
 full_count=0

Compilation events (20 events):
Event: 106.250 Thread 0x00000190dd418000 nmethod 2834 0x00000190c7602510 code [0x00000190c7602700, 0x00000190c7602ad8]
Event: 106.250 Thread 0x00000190dd418000 2835       3       java.util.regex.Pattern$BmpCharPredicate::lambda$union$2 (26 bytes)
Event: 106.250 Thread 0x00000190dd418000 nmethod 2835 0x00000190c7602c10 code [0x00000190c7602de0, 0x00000190c76030f8]
Event: 106.398 Thread 0x00000190dd418000 2836       3       java.util.regex.CharPredicates$$Lambda$35/0x00000001000d9840::is (9 bytes)
Event: 106.404 Thread 0x00000190dd418000 nmethod 2836 0x00000190c7603210 code [0x00000190c76033e0, 0x00000190c7603778]
Event: 106.404 Thread 0x00000190dd418000 2837       3       java.util.regex.CharPredicates::lambda$ctype$14 (21 bytes)
Event: 106.404 Thread 0x00000190dd418000 nmethod 2837 0x00000190c7603910 code [0x00000190c7603ae0, 0x00000190c7603df8]
Event: 106.420 Thread 0x00000190dd418000 2838  s    1       java.net.DatagramPacket::getAddress (5 bytes)
Event: 106.420 Thread 0x00000190dd418000 nmethod 2838 0x00000190ce6b7110 code [0x00000190ce6b72c0, 0x00000190ce6b74d8]
Event: 106.428 Thread 0x00000190dd418000 2839       3       java.util.Collections::emptyMap (4 bytes)
Event: 106.429 Thread 0x00000190dd418000 nmethod 2839 0x00000190c7603f10 code [0x00000190c76040c0, 0x00000190c76041b8]
Event: 106.458 Thread 0x00000190dd417000 2840   !   4       java.lang.ClassLoader::loadClass (122 bytes)
Event: 106.545 Thread 0x00000190dd418000 2841       3       java.lang.invoke.MethodHandles$Lookup::resolveOrFail (39 bytes)
Event: 106.546 Thread 0x00000190dd418000 nmethod 2841 0x00000190c7604210 code [0x00000190c76044e0, 0x00000190c7605188]
Event: 106.546 Thread 0x00000190dd418000 2843   !   3       java.lang.invoke.MethodHandles$Lookup::canBeCached (150 bytes)
Event: 106.550 Thread 0x00000190dd418000 nmethod 2843 0x00000190c7605610 code [0x00000190c7605a20, 0x00000190c7607a88]
Event: 106.550 Thread 0x00000190dd418000 2842       3       java.lang.invoke.MethodHandles$Lookup::getDirectMethodForConstant (72 bytes)
Event: 106.552 Thread 0x00000190dd418000 nmethod 2842 0x00000190c7608590 code [0x00000190c7608920, 0x00000190c7609f48]
Event: 106.561 Thread 0x00000190dd418000 2844       3       java.lang.invoke.InfoFromMemberName::getDeclaringClass (8 bytes)
Event: 106.562 Thread 0x00000190dd418000 nmethod 2844 0x00000190c760a710 code [0x00000190c760a8c0, 0x00000190c760a9d8]

GC Heap History (10 events):
Event: 14.418 GC heap before
{Heap before GC invocations=0 (full 0):
 garbage-first heap   total 131072K, used 27648K [0x0000000080000000, 0x0000000100000000)
  region size 1024K, 24 young (24576K), 0 survivors (0K)
 Metaspace       used 9804K, capacity 10020K, committed 10112K, reserved 526336K
  class space    used 1001K, capacity 1069K, committed 1152K, reserved 516096K
}
Event: 14.424 GC heap after
{Heap after GC invocations=1 (full 0):
 garbage-first heap   total 131072K, used 10712K [0x0000000080000000, 0x0000000100000000)
  region size 1024K, 3 young (3072K), 3 survivors (3072K)
 Metaspace       used 9804K, capacity 10020K, committed 10112K, reserved 526336K
  class space    used 1001K, capacity 1069K, committed 1152K, reserved 516096K
}
Event: 65.503 GC heap before
{Heap before GC invocations=1 (full 0):
 garbage-first heap   total 131072K, used 85464K [0x0000000080000000, 0x0000000100000000)
  region size 1024K, 76 young (77824K), 3 survivors (3072K)
 Metaspace       used 19115K, capacity 19489K, committed 19840K, reserved 534528K
  class space    used 2181K, capacity 2308K, committed 2432K, reserved 516096K
}
Event: 65.682 GC heap after
{Heap after GC invocations=2 (full 0):
 garbage-first heap   total 131072K, used 17592K [0x0000000080000000, 0x0000000100000000)
  region size 1024K, 10 young (10240K), 10 survivors (10240K)
 Metaspace       used 19115K, capacity 19489K, committed 19840K, reserved 534528K
  class space    used 2181K, capacity 2308K, committed 2432K, reserved 516096K
}
Event: 68.355 GC heap before
{Heap before GC invocations=2 (full 0):
 garbage-first heap   total 131072K, used 25784K [0x0000000080000000, 0x0000000100000000)
  region size 1024K, 19 young (19456K), 10 survivors (10240K)
 Metaspace       used 20538K, capacity 21005K, committed 21248K, reserved 536576K
  class space    used 2390K, capacity 2542K, committed 2560K, reserved 516096K
}
Event: 68.386 GC heap after
{Heap after GC invocations=3 (full 0):
 garbage-first heap   total 131072K, used 18424K [0x0000000080000000, 0x0000000100000000)
  region size 1024K, 1 young (1024K), 1 survivors (1024K)
 Metaspace       used 20538K, capacity 21005K, committed 21248K, reserved 536576K
  class space    used 2390K, capacity 2542K, committed 2560K, reserved 516096K
}
Event: 90.772 GC heap before
{Heap before GC invocations=4 (full 0):
 garbage-first heap   total 131072K, used 67576K [0x0000000080000000, 0x0000000100000000)
  region size 1024K, 49 young (50176K), 1 survivors (1024K)
 Metaspace       used 24950K, capacity 25489K, committed 25600K, reserved 538624K
  class space    used 3091K, capacity 3316K, committed 3328K, reserved 516096K
}
Event: 90.890 GC heap after
{Heap after GC invocations=5 (full 0):
 garbage-first heap   total 131072K, used 19895K [0x0000000080000000, 0x0000000100000000)
  region size 1024K, 3 young (3072K), 3 survivors (3072K)
 Metaspace       used 24950K, capacity 25489K, committed 25600K, reserved 538624K
  class space    used 3091K, capacity 3316K, committed 3328K, reserved 516096K
}
Event: 103.341 GC heap before
{Heap before GC invocations=5 (full 0):
 garbage-first heap   total 131072K, used 63927K [0x0000000080000000, 0x0000000100000000)
  region size 1024K, 46 young (47104K), 3 survivors (3072K)
 Metaspace       used 28854K, capacity 29595K, committed 29952K, reserved 542720K
  class space    used 3707K, capacity 3990K, committed 4096K, reserved 516096K
}
Event: 103.378 GC heap after
{Heap after GC invocations=6 (full 0):
 garbage-first heap   total 131072K, used 21200K [0x0000000080000000, 0x0000000100000000)
  region size 1024K, 4 young (4096K), 4 survivors (4096K)
 Metaspace       used 28854K, capacity 29595K, committed 29952K, reserved 542720K
  class space    used 3707K, capacity 3990K, committed 4096K, reserved 516096K
}

Deoptimization events (20 events):
Event: 93.260 Thread 0x00000190defbc000 DEOPT PACKING pc=0x00000190ce636a78 sp=0x000000574d7f9ce0
Event: 93.260 Thread 0x00000190defbc000 DEOPT UNPACKING pc=0x00000190c6aca1af sp=0x000000574d7f9c60 mode 2
Event: 97.048 Thread 0x00000190defbc000 Uncommon trap: trap_request=0xffffff7e fr.pc=0x00000190ce697c9c relative=0x000000000000015c
Event: 97.048 Thread 0x00000190defbc000 Uncommon trap: reason=predicate action=maybe_recompile pc=0x00000190ce697c9c method=com.google.common.base.CharMatcher.indexIn(Ljava/lang/CharSequence;I)I @ 19 c2
Event: 97.048 Thread 0x00000190defbc000 DEOPT PACKING pc=0x00000190ce697c9c sp=0x000000574d7fb760
Event: 97.048 Thread 0x00000190defbc000 DEOPT UNPACKING pc=0x00000190c6aca1af sp=0x000000574d7fb6f0 mode 2
Event: 102.556 Thread 0x00000190defbc000 DEOPT PACKING pc=0x00000190c743b7f9 sp=0x000000574d7f7c60
Event: 102.556 Thread 0x00000190defbc000 DEOPT UNPACKING pc=0x00000190c6aca95e sp=0x000000574d7f71a8 mode 0
Event: 104.013 Thread 0x00000190defbc000 Uncommon trap: trap_request=0xffffff4d fr.pc=0x00000190ce63ab4c relative=0x000000000000020c
Event: 104.013 Thread 0x00000190defbc000 Uncommon trap: reason=unstable_if action=reinterpret pc=0x00000190ce63ab4c method=java.util.HashMap.hash(Ljava/lang/Object;)I @ 1 c2
Event: 104.013 Thread 0x00000190defbc000 DEOPT PACKING pc=0x00000190ce63ab4c sp=0x000000574d7f79a0
Event: 104.013 Thread 0x00000190defbc000 DEOPT UNPACKING pc=0x00000190c6aca1af sp=0x000000574d7f78d8 mode 2
Event: 104.013 Thread 0x00000190defbc000 Uncommon trap: trap_request=0xffffff4d fr.pc=0x00000190ce60e92c relative=0x000000000000008c
Event: 104.013 Thread 0x00000190defbc000 Uncommon trap: reason=unstable_if action=reinterpret pc=0x00000190ce60e92c method=java.util.HashMap.hash(Ljava/lang/Object;)I @ 1 c2
Event: 104.013 Thread 0x00000190defbc000 DEOPT PACKING pc=0x00000190ce60e92c sp=0x000000574d7f7710
Event: 104.013 Thread 0x00000190defbc000 DEOPT UNPACKING pc=0x00000190c6aca1af sp=0x000000574d7f76a8 mode 2
Event: 104.611 Thread 0x00000190defbc000 Uncommon trap: trap_request=0xffffff4d fr.pc=0x00000190ce6ac9e4 relative=0x00000000000001a4
Event: 104.611 Thread 0x00000190defbc000 Uncommon trap: reason=unstable_if action=reinterpret pc=0x00000190ce6ac9e4 method=java.util.regex.Pattern$BmpCharProperty.match(Ljava/util/regex/Matcher;ILjava/lang/CharSequence;)Z @ 39 c2
Event: 104.612 Thread 0x00000190defbc000 DEOPT PACKING pc=0x00000190ce6ac9e4 sp=0x000000574d7f9450
Event: 104.612 Thread 0x00000190defbc000 DEOPT UNPACKING pc=0x00000190c6aca1af sp=0x000000574d7f9400 mode 2

Classes redefined (0 events):
No events

Internal exceptions (20 events):
Event: 76.922 Thread 0x00000190defbc000 Exception <a 'java/lang/NoSuchMethodError'{0x00000000865328f0}: 'int java.lang.invoke.DirectMethodHandle$Holder.invokeSpecialIFC(java.lang.Object, java.lang.Object, java.lang.Object, java.lang.Object)'> (0x00000000865328f0) thrown at [s\src\hotspot\share\interpreter\linkResolver.cpp, line 773]
Event: 77.202 Thread 0x00000190defbc000 Exception <a 'java/lang/NoSuchMethodError'{0x0000000086540bd0}: 'java.lang.Object java.lang.invoke.DirectMethodHandle$Holder.invokeInterface(java.lang.Object, java.lang.Object, java.lang.Object)'> (0x0000000086540bd0) thrown at [s\src\hotspot\share\interpreter\linkResolver.cpp, line 773]
Event: 77.206 Thread 0x00000190defbc000 Exception <a 'java/lang/IncompatibleClassChangeError'{0x00000000865440a8}: Found class java.lang.Object, but interface was expected> (0x00000000865440a8) thrown at [s\src\hotspot\share\interpreter\linkResolver.cpp, line 839]
Event: 88.294 Thread 0x00000190defbc000 Exception <a 'java/lang/NoSuchMethodError'{0x00000000853c9228}: 'java.lang.Object java.lang.invoke.DirectMethodHandle$Holder.invokeVirtual(java.lang.Object, java.lang.Object, java.lang.Object, java.lang.Object)'> (0x00000000853c9228) thrown at [s\src\hotspot\share\interpreter\linkResolver.cpp, line 773]
Event: 89.927 Thread 0x00000190defbc000 Exception <a 'java/lang/NoSuchMethodError'{0x00000000850aa768}: 'java.lang.Object java.lang.invoke.Invokers$Holder.linkToTargetMethod(java.lang.Object, java.lang.Object, java.lang.Object, java.lang.Object, java.lang.Object, java.lang.Object, java.lang.Object)'> (0x00000000850aa768) thrown at [s\src\hotspot\share\interpreter\linkResolver.cpp, line 773]
Event: 90.983 Thread 0x00000190defbc000 Exception <a 'java/lang/NoSuchMethodError'{0x0000000087f8cc70}: 'java.lang.Object java.lang.invoke.DirectMethodHandle$Holder.invokeVirtual(java.lang.Object, java.lang.Object, java.lang.Object, java.lang.Object, java.lang.Object, java.lang.Object, java.lang.Object, java.lang.Object, java.lang.Object, java.lang.Object, java.lang.Object, java.lang.Object, java.lang.Object, java.lang.Object, java.lang.Object, java.lang.Object, java.lang.Object, java.lang.Object, java.lang.Object, java.lang.Object, java.lang.Ob
Event: 93.095 Thread 0x00000190defbc000 Exception <a 'java/lang/NoSuchMethodError'{0x0000000087887ac0}: 'void java.lang.invoke.DirectMethodHandle$Holder.invokeStatic(java.lang.Object, java.lang.Object, java.lang.Object, java.lang.Object, java.lang.Object)'> (0x0000000087887ac0) thrown at [s\src\hotspot\share\interpreter\linkResolver.cpp, line 773]
Event: 93.260 Thread 0x00000190defbc000 Implicit null exception at 0x00000190ce6363bb to 0x00000190ce636a5e
Event: 95.617 Thread 0x00000190defbc000 Exception <a 'java/lang/NoSuchMethodError'{0x0000000087000e68}: 'void java.lang.invoke.DirectMethodHandle$Holder.invokeStaticInit(java.lang.Object, java.lang.Object)'> (0x0000000087000e68) thrown at [s\src\hotspot\share\interpreter\linkResolver.cpp, line 773]
Event: 97.929 Thread 0x00000190defbc000 Exception <a 'java/lang/NoSuchMethodError'{0x0000000086a88178}: 'void java.lang.invoke.DirectMethodHandle$Holder.invokeStatic(java.lang.Object, java.lang.Object, java.lang.Object, java.lang.Object)'> (0x0000000086a88178) thrown at [s\src\hotspot\share\interpreter\linkResolver.cpp, line 773]
Event: 97.948 Thread 0x00000190defbc000 Exception <a 'java/lang/NoSuchMethodError'{0x0000000086aa7280}: 'int java.lang.invoke.DirectMethodHandle$Holder.invokeVirtual(java.lang.Object, java.lang.Object)'> (0x0000000086aa7280) thrown at [s\src\hotspot\share\interpreter\linkResolver.cpp, line 773]
Event: 98.307 Thread 0x00000190defbc000 Exception <a 'java/lang/NoSuchMethodError'{0x0000000086904c68}: 'int java.lang.invoke.DirectMethodHandle$Holder.invokeVirtual(java.lang.Object, java.lang.Object, java.lang.Object)'> (0x0000000086904c68) thrown at [s\src\hotspot\share\interpreter\linkResolver.cpp, line 773]
Event: 102.778 Thread 0x00000190defbc000 Exception <a 'java/lang/NoSuchMethodError'{0x000000008582b808}: 'java.lang.Object java.lang.invoke.DirectMethodHandle$Holder.invokeSpecialIFC(java.lang.Object, java.lang.Object, java.lang.Object, java.lang.Object)'> (0x000000008582b808) thrown at [s\src\hotspot\share\interpreter\linkResolver.cpp, line 773]
Event: 104.013 Thread 0x00000190defbc000 Implicit null exception at 0x00000190ce63a975 to 0x00000190ce63ab3c
Event: 104.013 Thread 0x00000190defbc000 Implicit null exception at 0x00000190ce60e8af to 0x00000190ce60e91d
Event: 104.650 Thread 0x00000190defbc000 Exception <a 'java/lang/NoSuchMethodError'{0x0000000087861790}: 'java.lang.Object java.lang.invoke.DirectMethodHandle$Holder.invokeSpecial(java.lang.Object, java.lang.Object, java.lang.Object, java.lang.Object, java.lang.Object, java.lang.Object, java.lang.Object, java.lang.Object, java.lang.Object, java.lang.Object, java.lang.Object, java.lang.Object, java.lang.Object)'> (0x0000000087861790) thrown at [s\src\hotspot\share\interpreter\linkResolver.cpp, line 773]
Event: 104.652 Thread 0x00000190defbc000 Exception <a 'java/lang/NoSuchMethodError'{0x0000000087872080}: 'java.lang.Object java.lang.invoke.Invokers$Holder.linkToTargetMethod(java.lang.Object, java.lang.Object, java.lang.Object, java.lang.Object, java.lang.Object, java.lang.Object, java.lang.Object, java.lang.Object, java.lang.Object, java.lang.Object, java.lang.Object)'> (0x0000000087872080) thrown at [s\src\hotspot\share\interpreter\linkResolver.cpp, line 773]
Event: 104.756 Thread 0x00000190defbc000 Exception <a 'java/lang/NoSuchMethodError'{0x00000000877167f0}: 'java.lang.Object java.lang.invoke.DirectMethodHandle$Holder.invokeSpecial(java.lang.Object, java.lang.Object, java.lang.Object, java.lang.Object, java.lang.Object, java.lang.Object, java.lang.Object, java.lang.Object, java.lang.Object, java.lang.Object, java.lang.Object, java.lang.Object, java.lang.Object, java.lang.Object)'> (0x00000000877167f0) thrown at [s\src\hotspot\share\interpreter\linkResolver.cpp, line 773]
Event: 104.758 Thread 0x00000190defbc000 Exception <a 'java/lang/NoSuchMethodError'{0x0000000087728058}: 'java.lang.Object java.lang.invoke.Invokers$Holder.linkToTargetMethod(java.lang.Object, java.lang.Object, java.lang.Object, java.lang.Object, java.lang.Object, java.lang.Object, java.lang.Object, java.lang.Object, java.lang.Object, java.lang.Object, java.lang.Object, java.lang.Object)'> (0x0000000087728058) thrown at [s\src\hotspot\share\interpreter\linkResolver.cpp, line 773]
Event: 104.936 Thread 0x00000190defbc000 Exception <a 'java/lang/NoSuchMethodError'{0x0000000087620250}: 'java.lang.Object java.lang.invoke.DirectMethodHandle$Holder.invokeStaticInit(java.lang.Object, java.lang.Object, java.lang.Object, java.lang.Object)'> (0x0000000087620250) thrown at [s\src\hotspot\share\interpreter\linkResolver.cpp, line 773]

Events (20 events):
Event: 106.545 loading class com/google/common/collect/ImmutableSet$Builder
Event: 106.545 loading class com/google/common/collect/ImmutableSet$Builder done
Event: 106.545 loading class org/gradle/internal/service/scopes/ExecutionGlobalServices$AnnotationHandlerRegistration
Event: 106.545 loading class org/gradle/internal/service/scopes/ExecutionGlobalServices$AnnotationHandlerRegistration done
Event: 106.545 loading class com/google/common/collect/ImmutableSet$Builder
Event: 106.545 loading class com/google/common/collect/ImmutableSet$Builder done
Event: 106.545 loading class org/gradle/internal/reflect/annotations/impl/DefaultTypeAnnotationMetadataStore
Event: 106.545 loading class org/gradle/internal/reflect/annotations/impl/DefaultTypeAnnotationMetadataStore done
Event: 106.548 loading class org/gradle/internal/reflect/annotations/TypeAnnotationMetadata
Event: 106.548 loading class org/gradle/internal/reflect/annotations/TypeAnnotationMetadata done
Event: 106.549 loading class org/gradle/internal/reflect/validation/TypeValidationContext
Event: 106.549 loading class org/gradle/internal/reflect/validation/TypeValidationContext done
Event: 106.551 loading class org/gradle/internal/reflect/annotations/impl/DefaultTypeAnnotationMetadataStore$1
Event: 106.551 loading class org/gradle/internal/reflect/annotations/impl/DefaultTypeAnnotationMetadataStore$1 done
Event: 106.552 loading class org/gradle/internal/reflect/annotations/AnnotationCategory$1
Event: 106.552 loading class org/gradle/internal/reflect/annotations/AnnotationCategory$1 done
Event: 106.559 loading class org/gradle/util/internal/ConfigureUtil$WrappedConfigureAction
Event: 106.559 loading class org/gradle/util/internal/ConfigureUtil$WrappedConfigureAction done
Event: 106.560 loading class org/gradle/internal/scripts/ScriptOrigin
Event: 106.560 loading class org/gradle/internal/scripts/ScriptOrigin done


Dynamic libraries:
0x00007ff69bf20000 - 0x00007ff69bf2d000 	C:\Program Files\Microsoft\jdk-11.0.20.8-hotspot\bin\java.exe
0x00007fff952f0000 - 0x00007fff95504000 	C:\WINDOWS\SYSTEM32\ntdll.dll
0x00007fff94dd0000 - 0x00007fff94e94000 	C:\WINDOWS\System32\KERNEL32.DLL
0x00007fff926d0000 - 0x00007fff92a74000 	C:\WINDOWS\System32\KERNELBASE.dll
0x00007fff643e0000 - 0x00007fff643f7000 	C:\Program Files\Microsoft\jdk-11.0.20.8-hotspot\bin\jli.dll
0x00007fff92b40000 - 0x00007fff92c51000 	C:\WINDOWS\System32\ucrtbase.dll
0x00007fff57620000 - 0x00007fff57635000 	C:\Program Files\Microsoft\jdk-11.0.20.8-hotspot\bin\VCRUNTIME140.dll
0x00007fff7b450000 - 0x00007fff7b6df000 	C:\WINDOWS\WinSxS\amd64_microsoft.windows.common-controls_6595b64144ccf1df_6.0.22621.2070_none_2713e6537381f706\COMCTL32.dll
0x00007fff93c90000 - 0x00007fff93e3a000 	C:\WINDOWS\System32\USER32.dll
0x00007fff92ea0000 - 0x00007fff92ec6000 	C:\WINDOWS\System32\win32u.dll
0x00007fff93e40000 - 0x00007fff93e69000 	C:\WINDOWS\System32\GDI32.dll
0x00007fff92ce0000 - 0x00007fff92df9000 	C:\WINDOWS\System32\gdi32full.dll
0x00007fff92e00000 - 0x00007fff92e9a000 	C:\WINDOWS\System32\msvcp_win.dll
0x00007fff94ea0000 - 0x00007fff94f47000 	C:\WINDOWS\System32\msvcrt.dll
0x00007fff93eb0000 - 0x00007fff93ee1000 	C:\WINDOWS\System32\IMM32.DLL
0x00007fff55760000 - 0x00007fff557fb000 	C:\Program Files\Microsoft\jdk-11.0.20.8-hotspot\bin\msvcp140.dll
0x00007fff54b00000 - 0x00007fff55696000 	C:\Program Files\Microsoft\jdk-11.0.20.8-hotspot\bin\server\jvm.dll
0x00007fff93f50000 - 0x00007fff94000000 	C:\WINDOWS\System32\ADVAPI32.dll
0x00007fff95100000 - 0x00007fff951a6000 	C:\WINDOWS\System32\sechost.dll
0x00007fff94b50000 - 0x00007fff94c67000 	C:\WINDOWS\System32\RPCRT4.dll
0x00007fff93c80000 - 0x00007fff93c88000 	C:\WINDOWS\System32\PSAPI.DLL
0x00007fff8f7c0000 - 0x00007fff8f7c9000 	C:\WINDOWS\SYSTEM32\WSOCK32.dll
0x00007fff94c70000 - 0x00007fff94ce1000 	C:\WINDOWS\System32\WS2_32.dll
0x00007fff8b6e0000 - 0x00007fff8b714000 	C:\WINDOWS\SYSTEM32\WINMM.dll
0x00007fff8a300000 - 0x00007fff8a30a000 	C:\WINDOWS\SYSTEM32\VERSION.dll
0x00007fff916c0000 - 0x00007fff916d8000 	C:\WINDOWS\SYSTEM32\kernel.appcore.dll
0x00007fff798f0000 - 0x00007fff79900000 	C:\Program Files\Microsoft\jdk-11.0.20.8-hotspot\bin\verify.dll
0x00007fff8ade0000 - 0x00007fff8b00e000 	C:\WINDOWS\SYSTEM32\DBGHELP.DLL
0x00007fff937d0000 - 0x00007fff93b5a000 	C:\WINDOWS\System32\combase.dll
0x00007fff94cf0000 - 0x00007fff94dc7000 	C:\WINDOWS\System32\OLEAUT32.dll
0x00007fff76460000 - 0x00007fff76492000 	C:\WINDOWS\SYSTEM32\dbgcore.DLL
0x00007fff92c60000 - 0x00007fff92cda000 	C:\WINDOWS\System32\bcryptPrimitives.dll
0x00007fff575f0000 - 0x00007fff57618000 	C:\Program Files\Microsoft\jdk-11.0.20.8-hotspot\bin\java.dll
0x00007fff73830000 - 0x00007fff7383a000 	C:\Program Files\Microsoft\jdk-11.0.20.8-hotspot\bin\jimage.dll
0x00007fff569b0000 - 0x00007fff569c8000 	C:\Program Files\Microsoft\jdk-11.0.20.8-hotspot\bin\zip.dll
0x00007fff94280000 - 0x00007fff94a96000 	C:\WINDOWS\System32\SHELL32.dll
0x00007fff906a0000 - 0x00007fff90f8a000 	C:\WINDOWS\SYSTEM32\windows.storage.dll
0x00007fff90560000 - 0x00007fff9069e000 	C:\WINDOWS\SYSTEM32\wintypes.dll
0x00007fff951b0000 - 0x00007fff952a3000 	C:\WINDOWS\System32\SHCORE.dll
0x00007fff93ef0000 - 0x00007fff93f4e000 	C:\WINDOWS\System32\shlwapi.dll
0x00007fff92600000 - 0x00007fff92626000 	C:\WINDOWS\SYSTEM32\profapi.dll
0x00007fff56300000 - 0x00007fff56319000 	C:\Program Files\Microsoft\jdk-11.0.20.8-hotspot\bin\net.dll
0x00007fff8a100000 - 0x00007fff8a237000 	C:\WINDOWS\SYSTEM32\WINHTTP.dll
0x00007fff91b90000 - 0x00007fff91bf9000 	C:\WINDOWS\system32\mswsock.dll
0x00007fff55740000 - 0x00007fff55753000 	C:\Program Files\Microsoft\jdk-11.0.20.8-hotspot\bin\nio.dll
0x00007fff55710000 - 0x00007fff55737000 	C:\Users\HP\.gradle\native\68d5fa5c4cc2d200863cafc0d521ce42e7d3e7ee720ec0a83991735586a16f82\windows-amd64\native-platform.dll
0x00007fff549b0000 - 0x00007fff54af4000 	C:\Users\HP\.gradle\native\e376f236ea51e6404a007f0833ffe2c6e607c4080706a723a18a27aeea778392\windows-amd64\native-platform-file-events.dll
0x00007fff71f70000 - 0x00007fff71f79000 	C:\Program Files\Microsoft\jdk-11.0.20.8-hotspot\bin\management.dll
0x00007fff6ede0000 - 0x00007fff6edeb000 	C:\Program Files\Microsoft\jdk-11.0.20.8-hotspot\bin\management_ext.dll
0x00007fff91de0000 - 0x00007fff91dfb000 	C:\WINDOWS\SYSTEM32\CRYPTSP.dll
0x00007fff91680000 - 0x00007fff916b5000 	C:\WINDOWS\system32\rsaenh.dll
0x00007fff91c80000 - 0x00007fff91cac000 	C:\WINDOWS\SYSTEM32\USERENV.dll
0x00007fff91fa0000 - 0x00007fff91fc8000 	C:\WINDOWS\SYSTEM32\bcrypt.dll
0x00007fff91e00000 - 0x00007fff91e0c000 	C:\WINDOWS\SYSTEM32\CRYPTBASE.dll
0x00007fff911f0000 - 0x00007fff9121d000 	C:\WINDOWS\SYSTEM32\IPHLPAPI.DLL
0x00007fff93c70000 - 0x00007fff93c79000 	C:\WINDOWS\System32\NSI.dll
0x00007fff8a310000 - 0x00007fff8a329000 	C:\WINDOWS\SYSTEM32\dhcpcsvc6.DLL
0x00007fff8a0e0000 - 0x00007fff8a0ff000 	C:\WINDOWS\SYSTEM32\dhcpcsvc.DLL
0x00007fff91260000 - 0x00007fff91353000 	C:\WINDOWS\SYSTEM32\DNSAPI.dll

dbghelp: loaded successfully - version: 4.0.5 - missing functions: none
symbol engine: initialized successfully - sym options: 0x614 - pdb path: .;C:\Program Files\Microsoft\jdk-11.0.20.8-hotspot\bin;C:\WINDOWS\SYSTEM32;C:\WINDOWS\WinSxS\amd64_microsoft.windows.common-controls_6595b64144ccf1df_6.0.22621.2070_none_2713e6537381f706;C:\Program Files\Microsoft\jdk-11.0.20.8-hotspot\bin\server;C:\Users\HP\.gradle\native\68d5fa5c4cc2d200863cafc0d521ce42e7d3e7ee720ec0a83991735586a16f82\windows-amd64;C:\Users\HP\.gradle\native\e376f236ea51e6404a007f0833ffe2c6e607c4080706a723a18a27aeea778392\windows-amd64

VM Arguments:
jvm_args: -XX:MaxMetaspaceSize=512m --add-opens=java.base/java.util=ALL-UNNAMED --add-opens=java.base/java.lang=ALL-UNNAMED --add-opens=java.base/java.lang.invoke=ALL-UNNAMED --add-opens=java.prefs/java.util.prefs=ALL-UNNAMED --add-opens=java.base/java.nio.charset=ALL-UNNAMED --add-opens=java.base/java.net=ALL-UNNAMED --add-opens=java.base/java.util.concurrent.atomic=ALL-UNNAMED -Xmx2048m -Dfile.encoding=windows-1252 -Duser.country=US -Duser.language=en -Duser.variant 
java_command: org.gradle.launcher.daemon.bootstrap.GradleDaemon 8.0.1
java_class_path (initial): C:\Users\HP\.gradle\wrapper\dists\gradle-8.0.1-all\aro4hu1c3oeioove7l0i4i14o\gradle-8.0.1\lib\gradle-launcher-8.0.1.jar
Launcher Type: SUN_STANDARD

[Global flags]
     intx CICompilerCount                          = 4                                         {product} {ergonomic}
   size_t CompressedClassSpaceSize                 = 528482304                                 {product} {ergonomic}
     uint ConcGCThreads                            = 2                                         {product} {ergonomic}
     uint G1ConcRefinementThreads                  = 8                                         {product} {ergonomic}
   size_t G1HeapRegionSize                         = 1048576                                   {product} {ergonomic}
    uintx GCDrainStackTargetSize                   = 64                                        {product} {ergonomic}
   size_t InitialHeapSize                          = 134217728                                 {product} {ergonomic}
   size_t MarkStackSize                            = 4194304                                   {product} {ergonomic}
   size_t MaxHeapSize                              = 2147483648                                {product} {command line}
   size_t MaxMetaspaceSize                         = 536870912                                 {product} {command line}
   size_t MaxNewSize                               = 1287651328                                {product} {ergonomic}
   size_t MinHeapDeltaBytes                        = 1048576                                   {product} {ergonomic}
    uintx NonNMethodCodeHeapSize                   = 5836300                                {pd product} {ergonomic}
    uintx NonProfiledCodeHeapSize                  = 122910970                              {pd product} {ergonomic}
    uintx ProfiledCodeHeapSize                     = 122910970                              {pd product} {ergonomic}
    uintx ReservedCodeCacheSize                    = 251658240                              {pd product} {ergonomic}
     bool SegmentedCodeCache                       = true                                      {product} {ergonomic}
     bool UseCompressedClassPointers               = true                                 {lp64_product} {ergonomic}
     bool UseCompressedOops                        = true                                 {lp64_product} {ergonomic}
     bool UseG1GC                                  = true                                      {product} {ergonomic}
     bool UseLargePagesIndividualAllocation        = false                                  {pd product} {ergonomic}

Logging:
Log output configuration:
 #0: stdout all=warning uptime,level,tags
 #1: stderr all=off uptime,level,tags

Environment Variables:
JAVA_HOME=C:\Program Files\Microsoft\jdk-11.0.20.8-hotspot\
CLASSPATH=C:\Users\HP\shops\android\\gradle\wrapper\gradle-wrapper.jar
PATH=C:\Users\HP\shops\node_modules\.bin;C:\Users\HP\shops\node_modules\.bin;C:\Users\HP\node_modules\.bin;C:\Users\node_modules\.bin;C:\node_modules\.bin;C:\Users\HP\AppData\Roaming\npm\node_modules\npm\node_modules\@npmcli\run-script\lib\node-gyp-bin;C:\Users\HP\shops\node_modules\.bin;C:\Users\HP\node_modules\.bin;C:\Users\node_modules\.bin;C:\node_modules\.bin;C:\Users\HP\AppData\Roaming\npm\node_modules\npm\node_modules\@npmcli\run-script\lib\node-gyp-bin;C:\Program Files\Microsoft\jdk-11.0.20.8-hotspot\bin;C:\WINDOWS\system32;C:\WINDOWS;C:\WINDOWS\System32\Wbem;C:\WINDOWS\System32\WindowsPowerShell\v1.0\;C:\WINDOWS\System32\OpenSSH\;C:\Program Files\Git\cmd;C:\ProgramData\ComposerSetup\bin;C:\wamp64\bin\php\php8.13;C:\xampp\php;C:\dev\flutter;C:\Users\hp\AppData\Local\Pub\Cache\bin;C:\ProgramData\chocolatey\bin;C:\Program Files\nodejs\;C:\Program Files\MySQL\MySQL Shell 8.0\bin\;C:\Users\HP\AppData\Local\Microsoft\WindowsApps;C:\Users\HP\AppData\Local\Programs\Microsoft VS Code\bin;C:\Users\HP\.fly\bin;C:\Program Files\heroku\bin;C:\Users\HP\AppData\Local\Microsoft\WindowsApps;C:\Users\HP\AppData\Roaming\Composer\vendor\bin;C:\Users\HP\flutter\bin;C:\Users\HP\AppData\Roaming\npm;C:\Users\HP\AppData\Local\Android\Sdk\platform-tools;
USERNAME=HP
LANG=en_US.UTF-8
OS=Windows_NT
PROCESSOR_IDENTIFIER=Intel64 Family 6 Model 142 Stepping 12, GenuineIntel
TMP=C:\Users\HP\AppData\Local\Temp
TEMP=C:\Users\HP\AppData\Local\Temp



---------------  S Y S T E M  ---------------

OS: Windows 11 , 64 bit Build 22621 (10.0.22621.2070)
OS uptime: 3 days 20:29 hours

CPU:total 8 (initial active 8) (4 cores per cpu, 2 threads per core) family 6 model 142 stepping 12 microcode 0xf0, cmov, cx8, fxsr, mmx, sse, sse2, sse3, ssse3, sse4.1, sse4.2, popcnt, avx, avx2, aes, clmul, erms, 3dnowpref, lzcnt, ht, tsc, tscinvbit, bmi1, bmi2, adx, fma

Memory: 4k page, system-wide physical 8073M (4M free)
TotalPageFile size 32649M (AvailPageFile size 0M)
current process WorkingSet (physical memory assigned to process): 106M, peak: 165M
current process commit charge ("private bytes"): 282M, peak: 282M

vm_info: OpenJDK 64-Bit Server VM (11.0.20+8-LTS) for windows-amd64 JRE (11.0.20+8-LTS), built on Jul  7 2023 17:05:21 by "MicrosoftCorporation" with MS VC++ 15.9 (VS2017)

END.
