#
# There is insufficient memory for the Java Runtime Environment to continue.
# Native memory allocation (malloc) failed to allocate 32744 bytes for ChunkPool::allocate
# Possible reasons:
#   The system is out of physical RAM or swap space
#   The process is running with CompressedOops enabled, and the Java Heap may be blocking the growth of the native heap
# Possible solutions:
#   Reduce memory load on the system
#   Increase physical memory or swap space
#   Check if swap backing store is full
#   Decrease Java heap size (-Xmx/-Xms)
#   Decrease number of Java threads
#   Decrease Java thread stack sizes (-Xss)
#   Set larger code cache with -XX:ReservedCodeCacheSize=
#   JVM is running with Unscaled Compressed Oops mode in which the Java heap is
#     placed in the first 4GB address space. The Java Heap base address is the
#     maximum limit for the native heap growth. Please use -XX:HeapBaseMinAddress
#     to set the Java Heap base and to place the Java Heap above 4GB virtual address.
# This output file may be truncated or incomplete.
#
#  Out of Memory Error (arena.cpp:81), pid=15512, tid=44736
#
# JRE version: OpenJDK Runtime Environment Microsoft-8035250 (11.0.20+8) (build 11.0.20+8-LTS)
# Java VM: OpenJDK 64-Bit Server VM Microsoft-8035250 (11.0.20+8-LTS, mixed mode, tiered, compressed oops, g1 gc, windows-amd64)
# No core dump will be written. Minidumps are not enabled by default on client versions of Windows
#

---------------  S U M M A R Y ------------

Command Line: -Xmx64m -Xms64m -Dorg.gradle.appname=gradlew org.gradle.wrapper.GradleWrapperMain tasks

Host: Intel(R) Core(TM) i5-8265U CPU @ 1.60GHz, 8 cores, 7G,  Windows 11 , 64 bit Build 22621 (10.0.22621.2070)
Time: Mon Aug 14 15:43:06 2023 W. Central Africa Standard Time elapsed time: 33.894781 seconds (0d 0h 0m 33s)

---------------  T H R E A D  ---------------

Current thread (0x0000022270d9c800):  JavaThread "C1 CompilerThread0" daemon [_thread_in_native, id=44736, stack(0x0000008f30e00000,0x0000008f30f00000)]


Current CompileTask:
C1:  33894 1184       3       java.io.DataInputStream::readUTF (501 bytes)

Stack: [0x0000008f30e00000,0x0000008f30f00000]
Native frames: (J=compiled Java code, j=interpreted, Vv=VM code, C=native code)
V  [jvm.dll+0x62e9da]
V  [jvm.dll+0x7bc4e9]
V  [jvm.dll+0x7bdbd8]
V  [jvm.dll+0x7be2b3]
V  [jvm.dll+0x2505a8]
V  [jvm.dll+0xc289b]
V  [jvm.dll+0xc2bfc]
V  [jvm.dll+0x155b0a]
V  [jvm.dll+0x1606cd]
V  [jvm.dll+0x15bd84]
V  [jvm.dll+0x15687e]
V  [jvm.dll+0x142d30]
V  [jvm.dll+0x12b129]
V  [jvm.dll+0x12aa2f]
V  [jvm.dll+0x12ac5f]
V  [jvm.dll+0x129f04]
V  [jvm.dll+0x12be17]
V  [jvm.dll+0x2181ec]
V  [jvm.dll+0x21642b]
V  [jvm.dll+0x77efc0]
V  [jvm.dll+0x777db4]
V  [jvm.dll+0x62d845]
C  [ucrtbase.dll+0x29363]
C  [KERNEL32.DLL+0x126ad]
C  [ntdll.dll+0x5aa68]


---------------  P R O C E S S  ---------------

Threads class SMR info:
_java_thread_list=0x00000222724c0f00, length=11, elements={
0x000002225668b800, 0x0000022270d34000, 0x0000022270d40800, 0x0000022270d30000,
0x0000022270d93800, 0x0000022270d94000, 0x0000022270d97000, 0x0000022270d9c800,
0x0000022270d43800, 0x00000222717ad800, 0x0000022271ad7800
}

Java Threads: ( => current thread )
  0x000002225668b800 JavaThread "main" [_thread_blocked, id=43000, stack(0x0000008f30000000,0x0000008f30100000)]
  0x0000022270d34000 JavaThread "Reference Handler" daemon [_thread_blocked, id=43476, stack(0x0000008f30800000,0x0000008f30900000)]
  0x0000022270d40800 JavaThread "Finalizer" daemon [_thread_blocked, id=8408, stack(0x0000008f30900000,0x0000008f30a00000)]
  0x0000022270d30000 JavaThread "Signal Dispatcher" daemon [_thread_blocked, id=23692, stack(0x0000008f30a00000,0x0000008f30b00000)]
  0x0000022270d93800 JavaThread "Attach Listener" daemon [_thread_blocked, id=38216, stack(0x0000008f30b00000,0x0000008f30c00000)]
  0x0000022270d94000 JavaThread "Service Thread" daemon [_thread_blocked, id=49104, stack(0x0000008f30c00000,0x0000008f30d00000)]
  0x0000022270d97000 JavaThread "C2 CompilerThread0" daemon [_thread_blocked, id=37548, stack(0x0000008f30d00000,0x0000008f30e00000)]
=>0x0000022270d9c800 JavaThread "C1 CompilerThread0" daemon [_thread_in_native, id=44736, stack(0x0000008f30e00000,0x0000008f30f00000)]
  0x0000022270d43800 JavaThread "Sweeper thread" daemon [_thread_blocked, id=49600, stack(0x0000008f30f00000,0x0000008f31000000)]
  0x00000222717ad800 JavaThread "Common-Cleaner" daemon [_thread_blocked, id=26672, stack(0x0000008f31100000,0x0000008f31200000)]
  0x0000022271ad7800 JavaThread "pool-1-thread-1" [_thread_blocked, id=10252, stack(0x0000008f31300000,0x0000008f31400000)]

Other Threads:
  0x0000022270cfb800 VMThread "VM Thread" [stack: 0x0000008f30700000,0x0000008f30800000] [id=44520]
  0x00000222717ac800 WatcherThread [stack: 0x0000008f31000000,0x0000008f31100000] [id=10900]
  0x00000222566a5000 GCTaskThread "GC Thread#0" [stack: 0x0000008f30200000,0x0000008f30300000] [id=20588]
  0x0000022272247000 GCTaskThread "GC Thread#1" [stack: 0x0000008f31200000,0x0000008f31300000] [id=42420]
  0x00000222566ac000 ConcurrentGCThread "G1 Main Marker" [stack: 0x0000008f30300000,0x0000008f30400000] [id=13692]
  0x00000222566af000 ConcurrentGCThread "G1 Conc#0" [stack: 0x0000008f30400000,0x0000008f30500000] [id=25180]
  0x0000022256714800 ConcurrentGCThread "G1 Refine#0" [stack: 0x0000008f30500000,0x0000008f30600000] [id=41896]
  0x0000022256715800 ConcurrentGCThread "G1 Young RemSet Sampling" [stack: 0x0000008f30600000,0x0000008f30700000] [id=20896]

Threads with active compile tasks:
C1 CompilerThread0    33926 1184       3       java.io.DataInputStream::readUTF (501 bytes)

VM state:not at safepoint (normal execution)

VM Mutex/Monitor currently owned by a thread: None

Heap address: 0x00000000fc000000, size: 64 MB, Compressed Oops mode: 32-bit
Narrow klass base: 0x0000000000000000, Narrow klass shift: 3
Compressed class space size: 1073741824 Address: 0x0000000100000000

Heap:
 garbage-first heap   total 65536K, used 26493K [0x00000000fc000000, 0x0000000100000000)
  region size 1024K, 20 young (20480K), 3 survivors (3072K)
 Metaspace       used 14174K, capacity 14452K, committed 14592K, reserved 1062912K
  class space    used 1609K, capacity 1736K, committed 1792K, reserved 1048576K
Heap Regions: E=young(eden), S=young(survivor), O=old, HS=humongous(starts), HC=humongous(continues), CS=collection set, F=free, A=archive, TAMS=top-at-mark-start (previous, next)
|   0|0x00000000fc000000, 0x00000000fc100000, 0x00000000fc100000|100%|HS|  |TAMS 0x00000000fc000000, 0x00000000fc000000| Complete 
|   1|0x00000000fc100000, 0x00000000fc200000, 0x00000000fc200000|100%|HC|  |TAMS 0x00000000fc100000, 0x00000000fc100000| Complete 
|   2|0x00000000fc200000, 0x00000000fc300000, 0x00000000fc300000|100%|HC|  |TAMS 0x00000000fc200000, 0x00000000fc200000| Complete 
|   3|0x00000000fc300000, 0x00000000fc400000, 0x00000000fc400000|100%|HC|  |TAMS 0x00000000fc300000, 0x00000000fc300000| Complete 
|   4|0x00000000fc400000, 0x00000000fc500000, 0x00000000fc500000|100%| O|  |TAMS 0x00000000fc400000, 0x00000000fc400000| Untracked 
|   5|0x00000000fc500000, 0x00000000fc600000, 0x00000000fc600000|100%| O|  |TAMS 0x00000000fc500000, 0x00000000fc500000| Untracked 
|   6|0x00000000fc600000, 0x00000000fc6df400, 0x00000000fc700000| 87%| O|  |TAMS 0x00000000fc600000, 0x00000000fc600000| Untracked 
|   7|0x00000000fc700000, 0x00000000fc700000, 0x00000000fc800000|  0%| F|  |TAMS 0x00000000fc700000, 0x00000000fc700000| Untracked 
|   8|0x00000000fc800000, 0x00000000fc800000, 0x00000000fc900000|  0%| F|  |TAMS 0x00000000fc800000, 0x00000000fc800000| Untracked 
|   9|0x00000000fc900000, 0x00000000fc900000, 0x00000000fca00000|  0%| F|  |TAMS 0x00000000fc900000, 0x00000000fc900000| Untracked 
|  10|0x00000000fca00000, 0x00000000fca00000, 0x00000000fcb00000|  0%| F|  |TAMS 0x00000000fca00000, 0x00000000fca00000| Untracked 
|  11|0x00000000fcb00000, 0x00000000fcb00000, 0x00000000fcc00000|  0%| F|  |TAMS 0x00000000fcb00000, 0x00000000fcb00000| Untracked 
|  12|0x00000000fcc00000, 0x00000000fcc00000, 0x00000000fcd00000|  0%| F|  |TAMS 0x00000000fcc00000, 0x00000000fcc00000| Untracked 
|  13|0x00000000fcd00000, 0x00000000fcd00000, 0x00000000fce00000|  0%| F|  |TAMS 0x00000000fcd00000, 0x00000000fcd00000| Untracked 
|  14|0x00000000fce00000, 0x00000000fce00000, 0x00000000fcf00000|  0%| F|  |TAMS 0x00000000fce00000, 0x00000000fce00000| Untracked 
|  15|0x00000000fcf00000, 0x00000000fcf00000, 0x00000000fd000000|  0%| F|  |TAMS 0x00000000fcf00000, 0x00000000fcf00000| Untracked 
|  16|0x00000000fd000000, 0x00000000fd000000, 0x00000000fd100000|  0%| F|  |TAMS 0x00000000fd000000, 0x00000000fd000000| Untracked 
|  17|0x00000000fd100000, 0x00000000fd100000, 0x00000000fd200000|  0%| F|  |TAMS 0x00000000fd100000, 0x00000000fd100000| Untracked 
|  18|0x00000000fd200000, 0x00000000fd200000, 0x00000000fd300000|  0%| F|  |TAMS 0x00000000fd200000, 0x00000000fd200000| Untracked 
|  19|0x00000000fd300000, 0x00000000fd300000, 0x00000000fd400000|  0%| F|  |TAMS 0x00000000fd300000, 0x00000000fd300000| Untracked 
|  20|0x00000000fd400000, 0x00000000fd400000, 0x00000000fd500000|  0%| F|  |TAMS 0x00000000fd400000, 0x00000000fd400000| Untracked 
|  21|0x00000000fd500000, 0x00000000fd500000, 0x00000000fd600000|  0%| F|  |TAMS 0x00000000fd500000, 0x00000000fd500000| Untracked 
|  22|0x00000000fd600000, 0x00000000fd600000, 0x00000000fd700000|  0%| F|  |TAMS 0x00000000fd600000, 0x00000000fd600000| Untracked 
|  23|0x00000000fd700000, 0x00000000fd700000, 0x00000000fd800000|  0%| F|  |TAMS 0x00000000fd700000, 0x00000000fd700000| Untracked 
|  24|0x00000000fd800000, 0x00000000fd800000, 0x00000000fd900000|  0%| F|  |TAMS 0x00000000fd800000, 0x00000000fd800000| Untracked 
|  25|0x00000000fd900000, 0x00000000fd900000, 0x00000000fda00000|  0%| F|  |TAMS 0x00000000fd900000, 0x00000000fd900000| Untracked 
|  26|0x00000000fda00000, 0x00000000fda00000, 0x00000000fdb00000|  0%| F|  |TAMS 0x00000000fda00000, 0x00000000fda00000| Untracked 
|  27|0x00000000fdb00000, 0x00000000fdb00000, 0x00000000fdc00000|  0%| F|  |TAMS 0x00000000fdb00000, 0x00000000fdb00000| Untracked 
|  28|0x00000000fdc00000, 0x00000000fdc00000, 0x00000000fdd00000|  0%| F|  |TAMS 0x00000000fdc00000, 0x00000000fdc00000| Untracked 
|  29|0x00000000fdd00000, 0x00000000fdd00000, 0x00000000fde00000|  0%| F|  |TAMS 0x00000000fdd00000, 0x00000000fdd00000| Untracked 
|  30|0x00000000fde00000, 0x00000000fde00000, 0x00000000fdf00000|  0%| F|  |TAMS 0x00000000fde00000, 0x00000000fde00000| Untracked 
|  31|0x00000000fdf00000, 0x00000000fdf00000, 0x00000000fe000000|  0%| F|  |TAMS 0x00000000fdf00000, 0x00000000fdf00000| Untracked 
|  32|0x00000000fe000000, 0x00000000fe000000, 0x00000000fe100000|  0%| F|  |TAMS 0x00000000fe000000, 0x00000000fe000000| Untracked 
|  33|0x00000000fe100000, 0x00000000fe100000, 0x00000000fe200000|  0%| F|  |TAMS 0x00000000fe100000, 0x00000000fe100000| Untracked 
|  34|0x00000000fe200000, 0x00000000fe200000, 0x00000000fe300000|  0%| F|  |TAMS 0x00000000fe200000, 0x00000000fe200000| Untracked 
|  35|0x00000000fe300000, 0x00000000fe300000, 0x00000000fe400000|  0%| F|  |TAMS 0x00000000fe300000, 0x00000000fe300000| Untracked 
|  36|0x00000000fe400000, 0x00000000fe400000, 0x00000000fe500000|  0%| F|  |TAMS 0x00000000fe400000, 0x00000000fe400000| Untracked 
|  37|0x00000000fe500000, 0x00000000fe600000, 0x00000000fe600000|100%| S|CS|TAMS 0x00000000fe500000, 0x00000000fe500000| Complete 
|  38|0x00000000fe600000, 0x00000000fe700000, 0x00000000fe700000|100%| S|CS|TAMS 0x00000000fe600000, 0x00000000fe600000| Complete 
|  39|0x00000000fe700000, 0x00000000fe800000, 0x00000000fe800000|100%| S|CS|TAMS 0x00000000fe700000, 0x00000000fe700000| Complete 
|  40|0x00000000fe800000, 0x00000000fe800000, 0x00000000fe900000|  0%| F|  |TAMS 0x00000000fe800000, 0x00000000fe800000| Untracked 
|  41|0x00000000fe900000, 0x00000000fe900000, 0x00000000fea00000|  0%| F|  |TAMS 0x00000000fe900000, 0x00000000fe900000| Untracked 
|  42|0x00000000fea00000, 0x00000000fea00000, 0x00000000feb00000|  0%| F|  |TAMS 0x00000000fea00000, 0x00000000fea00000| Untracked 
|  43|0x00000000feb00000, 0x00000000feb00000, 0x00000000fec00000|  0%| F|  |TAMS 0x00000000feb00000, 0x00000000feb00000| Untracked 
|  44|0x00000000fec00000, 0x00000000fec00000, 0x00000000fed00000|  0%| F|  |TAMS 0x00000000fec00000, 0x00000000fec00000| Untracked 
|  45|0x00000000fed00000, 0x00000000fed00000, 0x00000000fee00000|  0%| F|  |TAMS 0x00000000fed00000, 0x00000000fed00000| Untracked 
|  46|0x00000000fee00000, 0x00000000fee00000, 0x00000000fef00000|  0%| F|  |TAMS 0x00000000fee00000, 0x00000000fee00000| Untracked 
|  47|0x00000000fef00000, 0x00000000fef80ae0, 0x00000000ff000000| 50%| E|  |TAMS 0x00000000fef00000, 0x00000000fef00000| Complete 
|  48|0x00000000ff000000, 0x00000000ff100000, 0x00000000ff100000|100%| E|CS|TAMS 0x00000000ff000000, 0x00000000ff000000| Complete 
|  49|0x00000000ff100000, 0x00000000ff200000, 0x00000000ff200000|100%| E|CS|TAMS 0x00000000ff100000, 0x00000000ff100000| Complete 
|  50|0x00000000ff200000, 0x00000000ff300000, 0x00000000ff300000|100%| E|CS|TAMS 0x00000000ff200000, 0x00000000ff200000| Complete 
|  51|0x00000000ff300000, 0x00000000ff400000, 0x00000000ff400000|100%| E|CS|TAMS 0x00000000ff300000, 0x00000000ff300000| Complete 
|  52|0x00000000ff400000, 0x00000000ff500000, 0x00000000ff500000|100%| E|CS|TAMS 0x00000000ff400000, 0x00000000ff400000| Complete 
|  53|0x00000000ff500000, 0x00000000ff600000, 0x00000000ff600000|100%| E|CS|TAMS 0x00000000ff500000, 0x00000000ff500000| Complete 
|  54|0x00000000ff600000, 0x00000000ff700000, 0x00000000ff700000|100%| E|CS|TAMS 0x00000000ff600000, 0x00000000ff600000| Complete 
|  55|0x00000000ff700000, 0x00000000ff800000, 0x00000000ff800000|100%| E|CS|TAMS 0x00000000ff700000, 0x00000000ff700000| Complete 
|  56|0x00000000ff800000, 0x00000000ff900000, 0x00000000ff900000|100%| E|CS|TAMS 0x00000000ff800000, 0x00000000ff800000| Complete 
|  57|0x00000000ff900000, 0x00000000ffa00000, 0x00000000ffa00000|100%| E|CS|TAMS 0x00000000ff900000, 0x00000000ff900000| Complete 
|  58|0x00000000ffa00000, 0x00000000ffb00000, 0x00000000ffb00000|100%| E|CS|TAMS 0x00000000ffa00000, 0x00000000ffa00000| Complete 
|  59|0x00000000ffb00000, 0x00000000ffc00000, 0x00000000ffc00000|100%| E|CS|TAMS 0x00000000ffb00000, 0x00000000ffb00000| Complete 
|  60|0x00000000ffc00000, 0x00000000ffd00000, 0x00000000ffd00000|100%| E|CS|TAMS 0x00000000ffc00000, 0x00000000ffc00000| Complete 
|  61|0x00000000ffd00000, 0x00000000ffe00000, 0x00000000ffe00000|100%| E|CS|TAMS 0x00000000ffd00000, 0x00000000ffd00000| Complete 
|  62|0x00000000ffe00000, 0x00000000fff00000, 0x00000000fff00000|100%| E|CS|TAMS 0x00000000ffe00000, 0x00000000ffe00000| Complete 
|  63|0x00000000fff00000, 0x0000000100000000, 0x0000000100000000|100%| E|CS|TAMS 0x00000000fff00000, 0x00000000fff00000| Complete 

Card table byte_map: [0x00000222565e0000,0x0000022256600000] _byte_map_base: 0x0000022255e00000

Marking Bits (Prev, Next): (CMBitMap*) 0x00000222566aa108, (CMBitMap*) 0x00000222566aa140
 Prev Bits: [0x000002226e130000, 0x000002226e230000)
 Next Bits: [0x000002226e230000, 0x000002226e330000)

Polling page: 0x0000022255e60000

Metaspace:

Usage:
  Non-class:     12.42 MB capacity,    12.27 MB ( 99%) used,   130.66 KB (  1%) free+waste,    20.00 KB ( <1%) overhead. 
      Class:      1.70 MB capacity,     1.57 MB ( 93%) used,   116.71 KB (  7%) free+waste,     9.94 KB ( <1%) overhead. 
       Both:     14.11 MB capacity,    13.84 MB ( 98%) used,   247.38 KB (  2%) free+waste,    29.94 KB ( <1%) overhead. 

Virtual space:
  Non-class space:       14.00 MB reserved,      12.50 MB ( 89%) committed 
      Class space:        1.00 GB reserved,       1.75 MB ( <1%) committed 
             Both:        1.01 GB reserved,      14.25 MB (  1%) committed 

Chunk freelists:
   Non-Class:  20.00 KB
       Class:  24.00 KB
        Both:  44.00 KB

MaxMetaspaceSize: 17179869184.00 GB
CompressedClassSpaceSize: 1.00 GB
Initial GC threshold: 20.80 MB
Current GC threshold: 20.80 MB
CDS: off

CodeHeap 'non-profiled nmethods': size=120000Kb used=464Kb max_used=464Kb free=119535Kb
 bounds [0x00000222668d0000, 0x0000022266b40000, 0x000002226de00000]
CodeHeap 'profiled nmethods': size=120000Kb used=2212Kb max_used=2212Kb free=117787Kb
 bounds [0x000002225f3a0000, 0x000002225f610000, 0x00000222668d0000]
CodeHeap 'non-nmethods': size=5760Kb used=1146Kb max_used=1152Kb free=4613Kb
 bounds [0x000002225ee00000, 0x000002225f070000, 0x000002225f3a0000]
 total_blobs=1584 nmethods=1180 adapters=317
 compilation: enabled
              stopped_count=0, restarted_count=0
 full_count=0

Compilation events (20 events):
Event: 32.189 Thread 0x0000022270d9c800 nmethod 1171 0x000002225f5c3d90 code [0x000002225f5c4000, 0x000002225f5c4d88]
Event: 32.538 Thread 0x0000022270d9c800 1173       3       java.util.concurrent.ScheduledThreadPoolExecutor$ScheduledFutureTask::getDelay (16 bytes)
Event: 32.538 Thread 0x0000022270d9c800 nmethod 1173 0x000002225f5c5290 code [0x000002225f5c5460, 0x000002225f5c55e8]
Event: 32.538 Thread 0x0000022270d9c800 1174       3       java.util.concurrent.TimeUnit::convert (77 bytes)
Event: 32.539 Thread 0x0000022270d9c800 nmethod 1174 0x000002225f5c5690 code [0x000002225f5c58a0, 0x000002225f5c5be8]
Event: 32.875 Thread 0x0000022270d9c800 1175       1       java.util.concurrent.atomic.AtomicReference::get (5 bytes)
Event: 32.875 Thread 0x0000022270d9c800 nmethod 1175 0x0000022266943810 code [0x00000222669439c0, 0x0000022266943a78]
Event: 33.695 Thread 0x0000022270d9c800 1177       3       java.util.concurrent.locks.ReentrantLock$Sync::tryRelease (45 bytes)
Event: 33.696 Thread 0x0000022270d9c800 nmethod 1177 0x000002225f5c5d90 code [0x000002225f5c5f60, 0x000002225f5c6248]
Event: 33.775 Thread 0x0000022270d9c800 1178       3       java.io.BufferedInputStream::getBufIfOpen (21 bytes)
Event: 33.775 Thread 0x0000022270d9c800 nmethod 1178 0x000002225f5c6310 code [0x000002225f5c64e0, 0x000002225f5c66e8]
Event: 33.775 Thread 0x0000022270d9c800 1179  s    3       java.io.BufferedInputStream::read (49 bytes)
Event: 33.776 Thread 0x0000022270d9c800 nmethod 1179 0x000002225f5c6810 code [0x000002225f5c6a00, 0x000002225f5c6f38]
Event: 33.776 Thread 0x0000022270d9c800 1180       1       java.net.InetAddress::holder (5 bytes)
Event: 33.776 Thread 0x0000022270d9c800 nmethod 1180 0x0000022266944010 code [0x00000222669441c0, 0x0000022266944278]
Event: 33.778 Thread 0x0000022270d9c800 1181       3       java.io.WinNTFileSystem::normalize (143 bytes)
Event: 33.780 Thread 0x0000022270d9c800 nmethod 1181 0x000002225f5c7110 code [0x000002225f5c73a0, 0x000002225f5c7ef8]
Event: 33.780 Thread 0x0000022270d9c800 1182  s    3       java.io.BufferedInputStream::read (113 bytes)
Event: 33.781 Thread 0x0000022270d9c800 nmethod 1182 0x000002225f5c8390 code [0x000002225f5c85c0, 0x000002225f5c8f38]
Event: 33.781 Thread 0x0000022270d9c800 1184       3       java.io.DataInputStream::readUTF (501 bytes)

GC Heap History (2 events):
Event: 16.410 GC heap before
{Heap before GC invocations=0 (full 0):
 garbage-first heap   total 65536K, used 27648K [0x00000000fc000000, 0x0000000100000000)
  region size 1024K, 24 young (24576K), 0 survivors (0K)
 Metaspace       used 10283K, capacity 10477K, committed 10624K, reserved 1058816K
  class space    used 1039K, capacity 1129K, committed 1152K, reserved 1048576K
}
Event: 16.497 GC heap after
{Heap after GC invocations=1 (full 0):
 garbage-first heap   total 65536K, used 10109K [0x00000000fc000000, 0x0000000100000000)
  region size 1024K, 3 young (3072K), 3 survivors (3072K)
 Metaspace       used 10283K, capacity 10477K, committed 10624K, reserved 1058816K
  class space    used 1039K, capacity 1129K, committed 1152K, reserved 1048576K
}

Deoptimization events (20 events):
Event: 15.656 Thread 0x000002225668b800 Uncommon trap: trap_request=0xffffffde fr.pc=0x00000222668ee5ac relative=0x00000000000002cc
Event: 15.656 Thread 0x000002225668b800 Uncommon trap: reason=class_check action=maybe_recompile pc=0x00000222668ee5ac method=java.util.regex.Matcher.match(II)Z @ 121 c2
Event: 15.656 Thread 0x000002225668b800 DEOPT PACKING pc=0x00000222668ee5ac sp=0x0000008f300fcbf0
Event: 15.656 Thread 0x000002225668b800 DEOPT UNPACKING pc=0x000002225ee4a1af sp=0x0000008f300fcb88 mode 2
Event: 15.665 Thread 0x000002225668b800 Uncommon trap: trap_request=0xffffff4d fr.pc=0x00000222668dd974 relative=0x0000000000000054
Event: 15.665 Thread 0x000002225668b800 Uncommon trap: reason=unstable_if action=reinterpret pc=0x00000222668dd974 method=java.util.regex.Pattern.has(I)Z @ 6 c2
Event: 15.665 Thread 0x000002225668b800 DEOPT PACKING pc=0x00000222668dd974 sp=0x0000008f300fc9d0
Event: 15.665 Thread 0x000002225668b800 DEOPT UNPACKING pc=0x000002225ee4a1af sp=0x0000008f300fc960 mode 2
Event: 19.697 Thread 0x000002225668b800 DEOPT PACKING pc=0x000002225f441fff sp=0x0000008f300f97f0
Event: 19.697 Thread 0x000002225668b800 DEOPT UNPACKING pc=0x000002225ee4a95e sp=0x0000008f300f8c40 mode 0
Event: 20.065 Thread 0x000002225668b800 DEOPT PACKING pc=0x000002225f49e4b0 sp=0x0000008f300f8230
Event: 20.065 Thread 0x000002225668b800 DEOPT UNPACKING pc=0x000002225ee4a95e sp=0x0000008f300f7748 mode 0
Event: 20.079 Thread 0x000002225668b800 Uncommon trap: trap_request=0xffffff4d fr.pc=0x000002226691b21c relative=0x00000000000002bc
Event: 20.079 Thread 0x000002225668b800 Uncommon trap: reason=unstable_if action=reinterpret pc=0x000002226691b21c method=java.util.HashMap.getNode(ILjava/lang/Object;)Ljava/util/HashMap$Node; @ 129 c2
Event: 20.079 Thread 0x000002225668b800 DEOPT PACKING pc=0x000002226691b21c sp=0x0000008f300fa270
Event: 20.079 Thread 0x000002225668b800 DEOPT UNPACKING pc=0x000002225ee4a1af sp=0x0000008f300fa180 mode 2
Event: 25.153 Thread 0x000002225668b800 Uncommon trap: trap_request=0xffffff4d fr.pc=0x000002226692b5b4 relative=0x0000000000001a54
Event: 25.153 Thread 0x000002225668b800 Uncommon trap: reason=unstable_if action=reinterpret pc=0x000002226692b5b4 method=java.io.WinNTFileSystem.normalize(Ljava/lang/String;)Ljava/lang/String; @ 128 c2
Event: 25.153 Thread 0x000002225668b800 DEOPT PACKING pc=0x000002226692b5b4 sp=0x0000008f300f9d20
Event: 25.153 Thread 0x000002225668b800 DEOPT UNPACKING pc=0x000002225ee4a1af sp=0x0000008f300f9cf8 mode 2

Classes redefined (0 events):
No events

Internal exceptions (10 events):
Event: 2.265 Thread 0x000002225668b800 Exception <a 'java/lang/NoSuchMethodError'{0x00000000ffccf020}: 'int java.lang.invoke.DirectMethodHandle$Holder.invokeStaticInit(java.lang.Object, java.lang.Object)'> (0x00000000ffccf020) thrown at [s\src\hotspot\share\interpreter\linkResolver.cpp, line 773]
Event: 2.942 Thread 0x000002225668b800 Exception <a 'java/lang/NoSuchMethodError'{0x00000000ffba23d8}: 'int java.lang.invoke.DirectMethodHandle$Holder.invokeSpecial(java.lang.Object, java.lang.Object, java.lang.Object, java.lang.Object)'> (0x00000000ffba23d8) thrown at [s\src\hotspot\share\interpreter\linkResolver.cpp, line 773]
Event: 2.972 Thread 0x000002225668b800 Exception <a 'java/lang/NoSuchMethodError'{0x00000000ffbda2b8}: 'int java.lang.invoke.DirectMethodHandle$Holder.invokeSpecialIFC(java.lang.Object, java.lang.Object, int)'> (0x00000000ffbda2b8) thrown at [s\src\hotspot\share\interpreter\linkResolver.cpp, line 773]
Event: 16.270 Thread 0x000002225668b800 Exception <a 'java/lang/NoClassDefFoundError'{0x00000000fe86fa48}: org/slf4j/impl/StaticMarkerBinder> (0x00000000fe86fa48) thrown at [s\src\hotspot\share\classfile\systemDictionary.cpp, line 219]
Event: 16.703 Thread 0x000002225668b800 Exception <a 'java/lang/NoSuchMethodError'{0x00000000fff70e30}: 'java.lang.Object java.lang.invoke.DirectMethodHandle$Holder.invokeVirtual(java.lang.Object, java.lang.Object, java.lang.Object, java.lang.Object, java.lang.Object, java.lang.Object, java.lang.Object)'> (0x00000000fff70e30) thrown at [s\src\hotspot\share\interpreter\linkResolver.cpp, line 773]
Event: 16.711 Thread 0x000002225668b800 Exception <a 'java/lang/NoSuchMethodError'{0x00000000fffc7528}: 'java.lang.Object java.lang.invoke.Invokers$Holder.invoker(java.lang.Object, java.lang.Object, java.lang.Object)'> (0x00000000fffc7528) thrown at [s\src\hotspot\share\interpreter\linkResolver.cpp, line 773]
Event: 16.896 Thread 0x000002225668b800 Exception <a 'java/lang/NoSuchMethodError'{0x00000000fffd81c8}: 'void java.lang.invoke.DelegatingMethodHandle$Holder.delegate(java.lang.Object, java.lang.Object, int, java.lang.Object)'> (0x00000000fffd81c8) thrown at [s\src\hotspot\share\interpreter\linkResolver.cpp, line 773]
Event: 19.251 Thread 0x000002225668b800 Exception <a 'java/lang/NoSuchMethodError'{0x00000000ff69e390}: 'java.lang.Object java.lang.invoke.DirectMethodHandle$Holder.invokeStaticInit(java.lang.Object, java.lang.Object, java.lang.Object)'> (0x00000000ff69e390) thrown at [s\src\hotspot\share\interpreter\linkResolver.cpp, line 773]
Event: 20.163 Thread 0x000002225668b800 Exception <a 'java/lang/NoSuchMethodError'{0x00000000ff1a86a8}: 'java.lang.Object java.lang.invoke.DirectMethodHandle$Holder.invokeStaticInit(java.lang.Object, int, int, int, int)'> (0x00000000ff1a86a8) thrown at [s\src\hotspot\share\interpreter\linkResolver.cpp, line 773]
Event: 32.150 Thread 0x000002225668b800 Exception <a 'java/lang/NoSuchMethodError'{0x00000000ff0697d0}: 'java.lang.Object java.lang.invoke.DirectMethodHandle$Holder.invokeStaticInit(java.lang.Object, java.lang.Object, int, int, int, int)'> (0x00000000ff0697d0) thrown at [s\src\hotspot\share\interpreter\linkResolver.cpp, line 773]

Events (20 events):
Event: 33.697 loading class org/gradle/cache/internal/filelock/DefaultLockStateSerializer$SequenceNumberLockState
Event: 33.697 loading class org/gradle/cache/internal/filelock/DefaultLockStateSerializer$SequenceNumberLockState done
Event: 33.769 loading class org/gradle/internal/serialize/InputStreamBackedDecoder
Event: 33.769 loading class org/gradle/internal/serialize/InputStreamBackedDecoder done
Event: 33.769 loading class org/gradle/internal/serialize/AbstractDecoder
Event: 33.769 loading class org/gradle/internal/serialize/AbstractDecoder done
Event: 33.770 loading class org/gradle/internal/serialize/AbstractDecoder$DecoderStream
Event: 33.770 loading class org/gradle/internal/serialize/AbstractDecoder$DecoderStream done
Event: 33.772 loading class org/gradle/internal/remote/internal/inet/MultiChoiceAddress
Event: 33.772 loading class org/gradle/internal/remote/internal/inet/MultiChoiceAddress done
Event: 33.773 loading class org/gradle/internal/remote/internal/inet/InetEndpoint
Event: 33.773 loading class org/gradle/internal/remote/internal/inet/InetEndpoint done
Event: 33.774 loading class org/gradle/internal/remote/Address
Event: 33.774 loading class org/gradle/internal/remote/Address done
Event: 33.775 loading class org/gradle/launcher/daemon/registry/DaemonInfo$Serializer
Event: 33.775 loading class org/gradle/launcher/daemon/registry/DaemonInfo$Serializer done
Event: 33.776 loading class org/gradle/launcher/daemon/server/api/DaemonStateControl$State
Event: 33.776 loading class org/gradle/launcher/daemon/server/api/DaemonStateControl$State done
Event: 33.777 loading class org/gradle/launcher/daemon/registry/DaemonInfo
Event: 33.777 loading class org/gradle/launcher/daemon/registry/DaemonInfo done


Dynamic libraries:
0x00007ff69bf20000 - 0x00007ff69bf2d000 	C:\Program Files\Microsoft\jdk-11.0.20.8-hotspot\bin\java.exe
0x00007fff952f0000 - 0x00007fff95504000 	C:\WINDOWS\SYSTEM32\ntdll.dll
0x00007fff94dd0000 - 0x00007fff94e94000 	C:\WINDOWS\System32\KERNEL32.DLL
0x00007fff926d0000 - 0x00007fff92a74000 	C:\WINDOWS\System32\KERNELBASE.dll
0x00007fff92b40000 - 0x00007fff92c51000 	C:\WINDOWS\System32\ucrtbase.dll
0x00007fff643e0000 - 0x00007fff643f7000 	C:\Program Files\Microsoft\jdk-11.0.20.8-hotspot\bin\jli.dll
0x00007fff93c90000 - 0x00007fff93e3a000 	C:\WINDOWS\System32\USER32.dll
0x00007fff92ea0000 - 0x00007fff92ec6000 	C:\WINDOWS\System32\win32u.dll
0x00007fff93e40000 - 0x00007fff93e69000 	C:\WINDOWS\System32\GDI32.dll
0x00007fff92ce0000 - 0x00007fff92df9000 	C:\WINDOWS\System32\gdi32full.dll
0x00007fff92e00000 - 0x00007fff92e9a000 	C:\WINDOWS\System32\msvcp_win.dll
0x00007fff57620000 - 0x00007fff57635000 	C:\Program Files\Microsoft\jdk-11.0.20.8-hotspot\bin\VCRUNTIME140.dll
0x00007fff7b450000 - 0x00007fff7b6df000 	C:\WINDOWS\WinSxS\amd64_microsoft.windows.common-controls_6595b64144ccf1df_6.0.22621.2070_none_2713e6537381f706\COMCTL32.dll
0x00007fff94ea0000 - 0x00007fff94f47000 	C:\WINDOWS\System32\msvcrt.dll
0x00007fff93eb0000 - 0x00007fff93ee1000 	C:\WINDOWS\System32\IMM32.DLL
0x00007fff55760000 - 0x00007fff557fb000 	C:\Program Files\Microsoft\jdk-11.0.20.8-hotspot\bin\msvcp140.dll
0x00007fff54b00000 - 0x00007fff55696000 	C:\Program Files\Microsoft\jdk-11.0.20.8-hotspot\bin\server\jvm.dll
0x00007fff93f50000 - 0x00007fff94000000 	C:\WINDOWS\System32\ADVAPI32.dll
0x00007fff95100000 - 0x00007fff951a6000 	C:\WINDOWS\System32\sechost.dll
0x00007fff94b50000 - 0x00007fff94c67000 	C:\WINDOWS\System32\RPCRT4.dll
0x00007fff93c80000 - 0x00007fff93c88000 	C:\WINDOWS\System32\PSAPI.DLL
0x00007fff8f7c0000 - 0x00007fff8f7c9000 	C:\WINDOWS\SYSTEM32\WSOCK32.dll
0x00007fff94c70000 - 0x00007fff94ce1000 	C:\WINDOWS\System32\WS2_32.dll
0x00007fff8b6e0000 - 0x00007fff8b714000 	C:\WINDOWS\SYSTEM32\WINMM.dll
0x00007fff8a300000 - 0x00007fff8a30a000 	C:\WINDOWS\SYSTEM32\VERSION.dll
0x00007fff916c0000 - 0x00007fff916d8000 	C:\WINDOWS\SYSTEM32\kernel.appcore.dll
0x00007fff798f0000 - 0x00007fff79900000 	C:\Program Files\Microsoft\jdk-11.0.20.8-hotspot\bin\verify.dll
0x00007fff8ade0000 - 0x00007fff8b00e000 	C:\WINDOWS\SYSTEM32\DBGHELP.DLL
0x00007fff937d0000 - 0x00007fff93b5a000 	C:\WINDOWS\System32\combase.dll
0x00007fff94cf0000 - 0x00007fff94dc7000 	C:\WINDOWS\System32\OLEAUT32.dll
0x00007fff76460000 - 0x00007fff76492000 	C:\WINDOWS\SYSTEM32\dbgcore.DLL
0x00007fff92c60000 - 0x00007fff92cda000 	C:\WINDOWS\System32\bcryptPrimitives.dll
0x00007fff575f0000 - 0x00007fff57618000 	C:\Program Files\Microsoft\jdk-11.0.20.8-hotspot\bin\java.dll
0x00007fff73830000 - 0x00007fff7383a000 	C:\Program Files\Microsoft\jdk-11.0.20.8-hotspot\bin\jimage.dll
0x00007fff569b0000 - 0x00007fff569c8000 	C:\Program Files\Microsoft\jdk-11.0.20.8-hotspot\bin\zip.dll
0x00007fff94280000 - 0x00007fff94a96000 	C:\WINDOWS\System32\SHELL32.dll
0x00007fff906a0000 - 0x00007fff90f8a000 	C:\WINDOWS\SYSTEM32\windows.storage.dll
0x00007fff90560000 - 0x00007fff9069e000 	C:\WINDOWS\SYSTEM32\wintypes.dll
0x00007fff951b0000 - 0x00007fff952a3000 	C:\WINDOWS\System32\SHCORE.dll
0x00007fff93ef0000 - 0x00007fff93f4e000 	C:\WINDOWS\System32\shlwapi.dll
0x00007fff92600000 - 0x00007fff92626000 	C:\WINDOWS\SYSTEM32\profapi.dll
0x00007fff56300000 - 0x00007fff56319000 	C:\Program Files\Microsoft\jdk-11.0.20.8-hotspot\bin\net.dll
0x00007fff8a100000 - 0x00007fff8a237000 	C:\WINDOWS\SYSTEM32\WINHTTP.dll
0x00007fff91b90000 - 0x00007fff91bf9000 	C:\WINDOWS\system32\mswsock.dll
0x00007fff55740000 - 0x00007fff55753000 	C:\Program Files\Microsoft\jdk-11.0.20.8-hotspot\bin\nio.dll
0x00007fff55710000 - 0x00007fff55737000 	C:\Users\HP\.gradle\native\68d5fa5c4cc2d200863cafc0d521ce42e7d3e7ee720ec0a83991735586a16f82\windows-amd64\native-platform.dll
0x00007fff71f70000 - 0x00007fff71f79000 	C:\Program Files\Microsoft\jdk-11.0.20.8-hotspot\bin\management.dll
0x00007fff6ede0000 - 0x00007fff6edeb000 	C:\Program Files\Microsoft\jdk-11.0.20.8-hotspot\bin\management_ext.dll
0x00007fff91de0000 - 0x00007fff91dfb000 	C:\WINDOWS\SYSTEM32\CRYPTSP.dll
0x00007fff91680000 - 0x00007fff916b5000 	C:\WINDOWS\system32\rsaenh.dll
0x00007fff91c80000 - 0x00007fff91cac000 	C:\WINDOWS\SYSTEM32\USERENV.dll
0x00007fff91fa0000 - 0x00007fff91fc8000 	C:\WINDOWS\SYSTEM32\bcrypt.dll
0x00007fff91e00000 - 0x00007fff91e0c000 	C:\WINDOWS\SYSTEM32\CRYPTBASE.dll
0x00007fff911f0000 - 0x00007fff9121d000 	C:\WINDOWS\SYSTEM32\IPHLPAPI.DLL
0x00007fff93c70000 - 0x00007fff93c79000 	C:\WINDOWS\System32\NSI.dll
0x00007fff8a310000 - 0x00007fff8a329000 	C:\WINDOWS\SYSTEM32\dhcpcsvc6.DLL
0x00007fff8a0e0000 - 0x00007fff8a0ff000 	C:\WINDOWS\SYSTEM32\dhcpcsvc.DLL
0x00007fff91260000 - 0x00007fff91353000 	C:\WINDOWS\SYSTEM32\DNSAPI.dll

dbghelp: loaded successfully - version: 4.0.5 - missing functions: none
symbol engine: initialized successfully - sym options: 0x614 - pdb path: .;C:\Program Files\Microsoft\jdk-11.0.20.8-hotspot\bin;C:\WINDOWS\SYSTEM32;C:\WINDOWS\WinSxS\amd64_microsoft.windows.common-controls_6595b64144ccf1df_6.0.22621.2070_none_2713e6537381f706;C:\Program Files\Microsoft\jdk-11.0.20.8-hotspot\bin\server;C:\Users\HP\.gradle\native\68d5fa5c4cc2d200863cafc0d521ce42e7d3e7ee720ec0a83991735586a16f82\windows-amd64

VM Arguments:
jvm_args: -Xmx64m -Xms64m -Dorg.gradle.appname=gradlew 
java_command: org.gradle.wrapper.GradleWrapperMain tasks
java_class_path (initial): C:\Users\HP\shops\android\\gradle\wrapper\gradle-wrapper.jar
Launcher Type: SUN_STANDARD

[Global flags]
     intx CICompilerCount                          = 4                                         {product} {ergonomic}
     uint ConcGCThreads                            = 2                                         {product} {ergonomic}
     uint G1ConcRefinementThreads                  = 8                                         {product} {ergonomic}
   size_t G1HeapRegionSize                         = 1048576                                   {product} {ergonomic}
    uintx GCDrainStackTargetSize                   = 64                                        {product} {ergonomic}
   size_t InitialHeapSize                          = 67108864                                  {product} {command line}
   size_t MarkStackSize                            = 4194304                                   {product} {ergonomic}
   size_t MaxHeapSize                              = 67108864                                  {product} {command line}
   size_t MaxNewSize                               = 39845888                                  {product} {ergonomic}
   size_t MinHeapDeltaBytes                        = 1048576                                   {product} {ergonomic}
    uintx NonNMethodCodeHeapSize                   = 5836300                                {pd product} {ergonomic}
    uintx NonProfiledCodeHeapSize                  = 122910970                              {pd product} {ergonomic}
    uintx ProfiledCodeHeapSize                     = 122910970                              {pd product} {ergonomic}
    uintx ReservedCodeCacheSize                    = 251658240                              {pd product} {ergonomic}
     bool SegmentedCodeCache                       = true                                      {product} {ergonomic}
     bool UseCompressedClassPointers               = true                                 {lp64_product} {ergonomic}
     bool UseCompressedOops                        = true                                 {lp64_product} {ergonomic}
     bool UseG1GC                                  = true                                      {product} {ergonomic}
     bool UseLargePagesIndividualAllocation        = false                                  {pd product} {ergonomic}

Logging:
Log output configuration:
 #0: stdout all=warning uptime,level,tags
 #1: stderr all=off uptime,level,tags

Environment Variables:
JAVA_HOME=C:\Program Files\Microsoft\jdk-11.0.20.8-hotspot\
CLASSPATH=C:\Users\HP\shops\android\\gradle\wrapper\gradle-wrapper.jar
PATH=C:\Users\HP\shops\node_modules\.bin;C:\Users\HP\shops\node_modules\.bin;C:\Users\HP\node_modules\.bin;C:\Users\node_modules\.bin;C:\node_modules\.bin;C:\Users\HP\AppData\Roaming\npm\node_modules\npm\node_modules\@npmcli\run-script\lib\node-gyp-bin;C:\Users\HP\shops\node_modules\.bin;C:\Users\HP\node_modules\.bin;C:\Users\node_modules\.bin;C:\node_modules\.bin;C:\Users\HP\AppData\Roaming\npm\node_modules\npm\node_modules\@npmcli\run-script\lib\node-gyp-bin;C:\Program Files\Microsoft\jdk-11.0.20.8-hotspot\bin;C:\WINDOWS\system32;C:\WINDOWS;C:\WINDOWS\System32\Wbem;C:\WINDOWS\System32\WindowsPowerShell\v1.0\;C:\WINDOWS\System32\OpenSSH\;C:\Program Files\Git\cmd;C:\ProgramData\ComposerSetup\bin;C:\wamp64\bin\php\php8.13;C:\xampp\php;C:\dev\flutter;C:\Users\hp\AppData\Local\Pub\Cache\bin;C:\ProgramData\chocolatey\bin;C:\Program Files\nodejs\;C:\Program Files\MySQL\MySQL Shell 8.0\bin\;C:\Users\HP\AppData\Local\Microsoft\WindowsApps;C:\Users\HP\AppData\Local\Programs\Microsoft VS Code\bin;C:\Users\HP\.fly\bin;C:\Program Files\heroku\bin;C:\Users\HP\AppData\Local\Microsoft\WindowsApps;C:\Users\HP\AppData\Roaming\Composer\vendor\bin;C:\Users\HP\flutter\bin;C:\Users\HP\AppData\Roaming\npm;C:\Users\HP\AppData\Local\Android\Sdk\platform-tools;
USERNAME=HP
LANG=en_US.UTF-8
OS=Windows_NT
PROCESSOR_IDENTIFIER=Intel64 Family 6 Model 142 Stepping 12, GenuineIntel
TMP=C:\Users\HP\AppData\Local\Temp
TEMP=C:\Users\HP\AppData\Local\Temp



---------------  S Y S T E M  ---------------

OS: Windows 11 , 64 bit Build 22621 (10.0.22621.2070)
OS uptime: 3 days 20:29 hours

CPU:total 8 (initial active 8) (4 cores per cpu, 2 threads per core) family 6 model 142 stepping 12 microcode 0xf0, cmov, cx8, fxsr, mmx, sse, sse2, sse3, ssse3, sse4.1, sse4.2, popcnt, avx, avx2, aes, clmul, erms, 3dnowpref, lzcnt, ht, tsc, tscinvbit, bmi1, bmi2, adx, fma

Memory: 4k page, system-wide physical 8073M (76M free)
TotalPageFile size 32649M (AvailPageFile size 25M)
current process WorkingSet (physical memory assigned to process): 24M, peak: 81M
current process commit charge ("private bytes"): 156M, peak: 161M

vm_info: OpenJDK 64-Bit Server VM (11.0.20+8-LTS) for windows-amd64 JRE (11.0.20+8-LTS), built on Jul  7 2023 17:05:21 by "MicrosoftCorporation" with MS VC++ 15.9 (VS2017)

END.
