#
# There is insufficient memory for the Java Runtime Environment to continue.
# Native memory allocation (malloc) failed to allocate 32744 bytes for ChunkPool::allocate
# Possible reasons:
#   The system is out of physical RAM or swap space
#   The process is running with CompressedOops enabled, and the Java Heap may be blocking the growth of the native heap
# Possible solutions:
#   Reduce memory load on the system
#   Increase physical memory or swap space
#   Check if swap backing store is full
#   Decrease Java heap size (-Xmx/-Xms)
#   Decrease number of Java threads
#   Decrease Java thread stack sizes (-Xss)
#   Set larger code cache with -XX:ReservedCodeCacheSize=
#   JVM is running with Unscaled Compressed Oops mode in which the Java heap is
#     placed in the first 4GB address space. The Java Heap base address is the
#     maximum limit for the native heap growth. Please use -XX:HeapBaseMinAddress
#     to set the Java Heap base and to place the Java Heap above 4GB virtual address.
# This output file may be truncated or incomplete.
#
#  Out of Memory Error (arena.cpp:81), pid=38764, tid=22412
#
# JRE version: OpenJDK Runtime Environment Microsoft-8035250 (11.0.20+8) (build 11.0.20+8-LTS)
# Java VM: OpenJDK 64-Bit Server VM Microsoft-8035250 (11.0.20+8-LTS, mixed mode, tiered, compressed oops, g1 gc, windows-amd64)
# No core dump will be written. Minidumps are not enabled by default on client versions of Windows
#

---------------  S U M M A R Y ------------

Command Line: -Xmx64m -Xms64m -Dorg.gradle.appname=gradlew org.gradle.wrapper.GradleWrapperMain tasks

Host: Intel(R) Core(TM) i5-8265U CPU @ 1.60GHz, 8 cores, 7G,  Windows 11 , 64 bit Build 22621 (10.0.22621.2070)
Time: Mon Aug 14 15:43:09 2023 W. Central Africa Standard Time elapsed time: 168.757131 seconds (0d 0h 2m 48s)

---------------  T H R E A D  ---------------

Current thread (0x000002aeeeeb8000):  JavaThread "C2 CompilerThread0" daemon [_thread_in_native, id=22412, stack(0x000000ee32e00000,0x000000ee32f00000)]


Current CompileTask:
C2: 168910 1410       4       java.io.WinNTFileSystem::normalize (143 bytes)

Stack: [0x000000ee32e00000,0x000000ee32f00000]
Native frames: (J=compiled Java code, j=interpreted, Vv=VM code, C=native code)
V  [jvm.dll+0x62e9da]
V  [jvm.dll+0x7bc4e9]
V  [jvm.dll+0x7bdbd8]
V  [jvm.dll+0x7be2b3]
V  [jvm.dll+0x2505a8]
V  [jvm.dll+0xc289b]
V  [jvm.dll+0xc2bfc]
V  [jvm.dll+0xc274b]
V  [jvm.dll+0x60c2ff]
V  [jvm.dll+0x65ff24]
V  [jvm.dll+0x19f2cd]
V  [jvm.dll+0x2098c5]
V  [jvm.dll+0x20893d]
V  [jvm.dll+0x18a7de]
V  [jvm.dll+0x2181ec]
V  [jvm.dll+0x21642b]
V  [jvm.dll+0x77efc0]
V  [jvm.dll+0x777db4]
V  [jvm.dll+0x62d845]
C  [ucrtbase.dll+0x29363]
C  [KERNEL32.DLL+0x126ad]
C  [ntdll.dll+0x5aa68]


---------------  P R O C E S S  ---------------

Threads class SMR info:
_java_thread_list=0x000002aef014b050, length=11, elements={
0x000002aed3fab800, 0x000002aeeee52000, 0x000002aeeee56800, 0x000002aeeee4f000,
0x000002aeeeeb3800, 0x000002aeeeeb4800, 0x000002aeeeeb8000, 0x000002aeeee61000,
0x000002aeeee64800, 0x000002aeef0d1800, 0x000002aeef700000
}

Java Threads: ( => current thread )
  0x000002aed3fab800 JavaThread "main" [_thread_in_Java, id=35572, stack(0x000000ee32200000,0x000000ee32300000)]
  0x000002aeeee52000 JavaThread "Reference Handler" daemon [_thread_blocked, id=50752, stack(0x000000ee32900000,0x000000ee32a00000)]
  0x000002aeeee56800 JavaThread "Finalizer" daemon [_thread_blocked, id=26948, stack(0x000000ee32a00000,0x000000ee32b00000)]
  0x000002aeeee4f000 JavaThread "Signal Dispatcher" daemon [_thread_blocked, id=34620, stack(0x000000ee32b00000,0x000000ee32c00000)]
  0x000002aeeeeb3800 JavaThread "Attach Listener" daemon [_thread_blocked, id=50512, stack(0x000000ee32c00000,0x000000ee32d00000)]
  0x000002aeeeeb4800 JavaThread "Service Thread" daemon [_thread_blocked, id=32904, stack(0x000000ee32d00000,0x000000ee32e00000)]
=>0x000002aeeeeb8000 JavaThread "C2 CompilerThread0" daemon [_thread_in_native, id=22412, stack(0x000000ee32e00000,0x000000ee32f00000)]
  0x000002aeeee61000 JavaThread "C1 CompilerThread0" daemon [_thread_blocked, id=22596, stack(0x000000ee32f00000,0x000000ee33000000)]
  0x000002aeeee64800 JavaThread "Sweeper thread" daemon [_thread_blocked, id=12264, stack(0x000000ee33000000,0x000000ee33100000)]
  0x000002aeef0d1800 JavaThread "Common-Cleaner" daemon [_thread_blocked, id=12696, stack(0x000000ee33200000,0x000000ee33300000)]
  0x000002aeef700000 JavaThread "pool-1-thread-1" [_thread_blocked, id=48496, stack(0x000000ee33400000,0x000000ee33500000)]

Other Threads:
  0x000002aeeee19000 VMThread "VM Thread" [stack: 0x000000ee32800000,0x000000ee32900000] [id=17116]
  0x000002aeef099800 WatcherThread [stack: 0x000000ee33100000,0x000000ee33200000] [id=15948]
  0x000002aed3fc5000 GCTaskThread "GC Thread#0" [stack: 0x000000ee32300000,0x000000ee32400000] [id=27904]
  0x000002aeef8d8800 GCTaskThread "GC Thread#1" [stack: 0x000000ee33300000,0x000000ee33400000] [id=25064]
  0x000002aed3fcc000 ConcurrentGCThread "G1 Main Marker" [stack: 0x000000ee32400000,0x000000ee32500000] [id=33784]
  0x000002aed3fce000 ConcurrentGCThread "G1 Conc#0" [stack: 0x000000ee32500000,0x000000ee32600000] [id=29104]
  0x000002aed4034800 ConcurrentGCThread "G1 Refine#0" [stack: 0x000000ee32600000,0x000000ee32700000] [id=7460]
  0x000002aed4037800 ConcurrentGCThread "G1 Young RemSet Sampling" [stack: 0x000000ee32700000,0x000000ee32800000] [id=46940]

Threads with active compile tasks:
C2 CompilerThread0   169492 1410       4       java.io.WinNTFileSystem::normalize (143 bytes)

VM state:not at safepoint (normal execution)

VM Mutex/Monitor currently owned by a thread: None

Heap address: 0x00000000fc000000, size: 64 MB, Compressed Oops mode: 32-bit
Narrow klass base: 0x0000000000000000, Narrow klass shift: 3
Compressed class space size: 1073741824 Address: 0x0000000100000000

Heap:
 garbage-first heap   total 65536K, used 33661K [0x00000000fc000000, 0x0000000100000000)
  region size 1024K, 27 young (27648K), 3 survivors (3072K)
 Metaspace       used 15794K, capacity 16113K, committed 16256K, reserved 1062912K
  class space    used 1755K, capacity 1888K, committed 1920K, reserved 1048576K
Heap Regions: E=young(eden), S=young(survivor), O=old, HS=humongous(starts), HC=humongous(continues), CS=collection set, F=free, A=archive, TAMS=top-at-mark-start (previous, next)
|   0|0x00000000fc000000, 0x00000000fc100000, 0x00000000fc100000|100%|HS|  |TAMS 0x00000000fc000000, 0x00000000fc000000| Complete 
|   1|0x00000000fc100000, 0x00000000fc200000, 0x00000000fc200000|100%|HC|  |TAMS 0x00000000fc100000, 0x00000000fc100000| Complete 
|   2|0x00000000fc200000, 0x00000000fc300000, 0x00000000fc300000|100%|HC|  |TAMS 0x00000000fc200000, 0x00000000fc200000| Complete 
|   3|0x00000000fc300000, 0x00000000fc400000, 0x00000000fc400000|100%|HC|  |TAMS 0x00000000fc300000, 0x00000000fc300000| Complete 
|   4|0x00000000fc400000, 0x00000000fc500000, 0x00000000fc500000|100%| O|  |TAMS 0x00000000fc400000, 0x00000000fc400000| Untracked 
|   5|0x00000000fc500000, 0x00000000fc600000, 0x00000000fc600000|100%| O|  |TAMS 0x00000000fc500000, 0x00000000fc500000| Untracked 
|   6|0x00000000fc600000, 0x00000000fc6df600, 0x00000000fc700000| 87%| O|  |TAMS 0x00000000fc600000, 0x00000000fc600000| Untracked 
|   7|0x00000000fc700000, 0x00000000fc700000, 0x00000000fc800000|  0%| F|  |TAMS 0x00000000fc700000, 0x00000000fc700000| Untracked 
|   8|0x00000000fc800000, 0x00000000fc800000, 0x00000000fc900000|  0%| F|  |TAMS 0x00000000fc800000, 0x00000000fc800000| Untracked 
|   9|0x00000000fc900000, 0x00000000fc900000, 0x00000000fca00000|  0%| F|  |TAMS 0x00000000fc900000, 0x00000000fc900000| Untracked 
|  10|0x00000000fca00000, 0x00000000fca00000, 0x00000000fcb00000|  0%| F|  |TAMS 0x00000000fca00000, 0x00000000fca00000| Untracked 
|  11|0x00000000fcb00000, 0x00000000fcb00000, 0x00000000fcc00000|  0%| F|  |TAMS 0x00000000fcb00000, 0x00000000fcb00000| Untracked 
|  12|0x00000000fcc00000, 0x00000000fcc00000, 0x00000000fcd00000|  0%| F|  |TAMS 0x00000000fcc00000, 0x00000000fcc00000| Untracked 
|  13|0x00000000fcd00000, 0x00000000fcd00000, 0x00000000fce00000|  0%| F|  |TAMS 0x00000000fcd00000, 0x00000000fcd00000| Untracked 
|  14|0x00000000fce00000, 0x00000000fce00000, 0x00000000fcf00000|  0%| F|  |TAMS 0x00000000fce00000, 0x00000000fce00000| Untracked 
|  15|0x00000000fcf00000, 0x00000000fcf00000, 0x00000000fd000000|  0%| F|  |TAMS 0x00000000fcf00000, 0x00000000fcf00000| Untracked 
|  16|0x00000000fd000000, 0x00000000fd000000, 0x00000000fd100000|  0%| F|  |TAMS 0x00000000fd000000, 0x00000000fd000000| Untracked 
|  17|0x00000000fd100000, 0x00000000fd100000, 0x00000000fd200000|  0%| F|  |TAMS 0x00000000fd100000, 0x00000000fd100000| Untracked 
|  18|0x00000000fd200000, 0x00000000fd200000, 0x00000000fd300000|  0%| F|  |TAMS 0x00000000fd200000, 0x00000000fd200000| Untracked 
|  19|0x00000000fd300000, 0x00000000fd300000, 0x00000000fd400000|  0%| F|  |TAMS 0x00000000fd300000, 0x00000000fd300000| Untracked 
|  20|0x00000000fd400000, 0x00000000fd400000, 0x00000000fd500000|  0%| F|  |TAMS 0x00000000fd400000, 0x00000000fd400000| Untracked 
|  21|0x00000000fd500000, 0x00000000fd500000, 0x00000000fd600000|  0%| F|  |TAMS 0x00000000fd500000, 0x00000000fd500000| Untracked 
|  22|0x00000000fd600000, 0x00000000fd600000, 0x00000000fd700000|  0%| F|  |TAMS 0x00000000fd600000, 0x00000000fd600000| Untracked 
|  23|0x00000000fd700000, 0x00000000fd700000, 0x00000000fd800000|  0%| F|  |TAMS 0x00000000fd700000, 0x00000000fd700000| Untracked 
|  24|0x00000000fd800000, 0x00000000fd800000, 0x00000000fd900000|  0%| F|  |TAMS 0x00000000fd800000, 0x00000000fd800000| Untracked 
|  25|0x00000000fd900000, 0x00000000fd900000, 0x00000000fda00000|  0%| F|  |TAMS 0x00000000fd900000, 0x00000000fd900000| Untracked 
|  26|0x00000000fda00000, 0x00000000fda00000, 0x00000000fdb00000|  0%| F|  |TAMS 0x00000000fda00000, 0x00000000fda00000| Untracked 
|  27|0x00000000fdb00000, 0x00000000fdb00000, 0x00000000fdc00000|  0%| F|  |TAMS 0x00000000fdb00000, 0x00000000fdb00000| Untracked 
|  28|0x00000000fdc00000, 0x00000000fdc00000, 0x00000000fdd00000|  0%| F|  |TAMS 0x00000000fdc00000, 0x00000000fdc00000| Untracked 
|  29|0x00000000fdd00000, 0x00000000fdd00000, 0x00000000fde00000|  0%| F|  |TAMS 0x00000000fdd00000, 0x00000000fdd00000| Untracked 
|  30|0x00000000fde00000, 0x00000000fde00000, 0x00000000fdf00000|  0%| F|  |TAMS 0x00000000fde00000, 0x00000000fde00000| Untracked 
|  31|0x00000000fdf00000, 0x00000000fdf00000, 0x00000000fe000000|  0%| F|  |TAMS 0x00000000fdf00000, 0x00000000fdf00000| Untracked 
|  32|0x00000000fe000000, 0x00000000fe000000, 0x00000000fe100000|  0%| F|  |TAMS 0x00000000fe000000, 0x00000000fe000000| Untracked 
|  33|0x00000000fe100000, 0x00000000fe100000, 0x00000000fe200000|  0%| F|  |TAMS 0x00000000fe100000, 0x00000000fe100000| Untracked 
|  34|0x00000000fe200000, 0x00000000fe200000, 0x00000000fe300000|  0%| F|  |TAMS 0x00000000fe200000, 0x00000000fe200000| Untracked 
|  35|0x00000000fe300000, 0x00000000fe300000, 0x00000000fe400000|  0%| F|  |TAMS 0x00000000fe300000, 0x00000000fe300000| Untracked 
|  36|0x00000000fe400000, 0x00000000fe400000, 0x00000000fe500000|  0%| F|  |TAMS 0x00000000fe400000, 0x00000000fe400000| Untracked 
|  37|0x00000000fe500000, 0x00000000fe600000, 0x00000000fe600000|100%| S|CS|TAMS 0x00000000fe500000, 0x00000000fe500000| Complete 
|  38|0x00000000fe600000, 0x00000000fe700000, 0x00000000fe700000|100%| S|CS|TAMS 0x00000000fe600000, 0x00000000fe600000| Complete 
|  39|0x00000000fe700000, 0x00000000fe800000, 0x00000000fe800000|100%| S|CS|TAMS 0x00000000fe700000, 0x00000000fe700000| Complete 
|  40|0x00000000fe800000, 0x00000000fe8ca328, 0x00000000fe900000| 78%| E|  |TAMS 0x00000000fe800000, 0x00000000fe800000| Complete 
|  41|0x00000000fe900000, 0x00000000fea00000, 0x00000000fea00000|100%| E|CS|TAMS 0x00000000fe900000, 0x00000000fe900000| Complete 
|  42|0x00000000fea00000, 0x00000000feb00000, 0x00000000feb00000|100%| E|CS|TAMS 0x00000000fea00000, 0x00000000fea00000| Complete 
|  43|0x00000000feb00000, 0x00000000fec00000, 0x00000000fec00000|100%| E|CS|TAMS 0x00000000feb00000, 0x00000000feb00000| Complete 
|  44|0x00000000fec00000, 0x00000000fed00000, 0x00000000fed00000|100%| E|CS|TAMS 0x00000000fec00000, 0x00000000fec00000| Complete 
|  45|0x00000000fed00000, 0x00000000fee00000, 0x00000000fee00000|100%| E|CS|TAMS 0x00000000fed00000, 0x00000000fed00000| Complete 
|  46|0x00000000fee00000, 0x00000000fef00000, 0x00000000fef00000|100%| E|CS|TAMS 0x00000000fee00000, 0x00000000fee00000| Complete 
|  47|0x00000000fef00000, 0x00000000ff000000, 0x00000000ff000000|100%| E|CS|TAMS 0x00000000fef00000, 0x00000000fef00000| Complete 
|  48|0x00000000ff000000, 0x00000000ff100000, 0x00000000ff100000|100%| E|CS|TAMS 0x00000000ff000000, 0x00000000ff000000| Complete 
|  49|0x00000000ff100000, 0x00000000ff200000, 0x00000000ff200000|100%| E|CS|TAMS 0x00000000ff100000, 0x00000000ff100000| Complete 
|  50|0x00000000ff200000, 0x00000000ff300000, 0x00000000ff300000|100%| E|CS|TAMS 0x00000000ff200000, 0x00000000ff200000| Complete 
|  51|0x00000000ff300000, 0x00000000ff400000, 0x00000000ff400000|100%| E|CS|TAMS 0x00000000ff300000, 0x00000000ff300000| Complete 
|  52|0x00000000ff400000, 0x00000000ff500000, 0x00000000ff500000|100%| E|CS|TAMS 0x00000000ff400000, 0x00000000ff400000| Complete 
|  53|0x00000000ff500000, 0x00000000ff600000, 0x00000000ff600000|100%| E|CS|TAMS 0x00000000ff500000, 0x00000000ff500000| Complete 
|  54|0x00000000ff600000, 0x00000000ff700000, 0x00000000ff700000|100%| E|CS|TAMS 0x00000000ff600000, 0x00000000ff600000| Complete 
|  55|0x00000000ff700000, 0x00000000ff800000, 0x00000000ff800000|100%| E|CS|TAMS 0x00000000ff700000, 0x00000000ff700000| Complete 
|  56|0x00000000ff800000, 0x00000000ff900000, 0x00000000ff900000|100%| E|CS|TAMS 0x00000000ff800000, 0x00000000ff800000| Complete 
|  57|0x00000000ff900000, 0x00000000ffa00000, 0x00000000ffa00000|100%| E|CS|TAMS 0x00000000ff900000, 0x00000000ff900000| Complete 
|  58|0x00000000ffa00000, 0x00000000ffb00000, 0x00000000ffb00000|100%| E|CS|TAMS 0x00000000ffa00000, 0x00000000ffa00000| Complete 
|  59|0x00000000ffb00000, 0x00000000ffc00000, 0x00000000ffc00000|100%| E|CS|TAMS 0x00000000ffb00000, 0x00000000ffb00000| Complete 
|  60|0x00000000ffc00000, 0x00000000ffd00000, 0x00000000ffd00000|100%| E|CS|TAMS 0x00000000ffc00000, 0x00000000ffc00000| Complete 
|  61|0x00000000ffd00000, 0x00000000ffe00000, 0x00000000ffe00000|100%| E|CS|TAMS 0x00000000ffd00000, 0x00000000ffd00000| Complete 
|  62|0x00000000ffe00000, 0x00000000fff00000, 0x00000000fff00000|100%| E|CS|TAMS 0x00000000ffe00000, 0x00000000ffe00000| Complete 
|  63|0x00000000fff00000, 0x0000000100000000, 0x0000000100000000|100%| E|CS|TAMS 0x00000000fff00000, 0x00000000fff00000| Complete 

Card table byte_map: [0x000002aed3f00000,0x000002aed3f20000] _byte_map_base: 0x000002aed3720000

Marking Bits (Prev, Next): (CMBitMap*) 0x000002aed3fcab08, (CMBitMap*) 0x000002aed3fcab40
 Prev Bits: [0x000002aeeba50000, 0x000002aeebb50000)
 Next Bits: [0x000002aeebb50000, 0x000002aeebc50000)

Polling page: 0x000002aed3780000

Metaspace:

Usage:
  Non-class:     13.89 MB capacity,    13.71 MB ( 99%) used,   160.63 KB (  1%) free+waste,    23.56 KB ( <1%) overhead. 
      Class:      1.84 MB capacity,     1.72 MB ( 93%) used,   119.14 KB (  6%) free+waste,    11.63 KB ( <1%) overhead. 
       Both:     15.74 MB capacity,    15.43 MB ( 98%) used,   279.77 KB (  2%) free+waste,    35.19 KB ( <1%) overhead. 

Virtual space:
  Non-class space:       14.00 MB reserved,      14.00 MB (100%) committed 
      Class space:        1.00 GB reserved,       1.88 MB ( <1%) committed 
             Both:        1.01 GB reserved,      15.88 MB (  2%) committed 

Chunk freelists:
   Non-Class:  47.00 KB
       Class:  0 bytes
        Both:  47.00 KB

MaxMetaspaceSize: 17179869184.00 GB
CompressedClassSpaceSize: 1.00 GB
Initial GC threshold: 20.80 MB
Current GC threshold: 20.80 MB
CDS: off

CodeHeap 'non-profiled nmethods': size=120000Kb used=554Kb max_used=554Kb free=119445Kb
 bounds [0x000002aee41f0000, 0x000002aee4460000, 0x000002aeeb720000]
CodeHeap 'profiled nmethods': size=120000Kb used=2878Kb max_used=2878Kb free=117121Kb
 bounds [0x000002aedccc0000, 0x000002aedcf90000, 0x000002aee41f0000]
CodeHeap 'non-nmethods': size=5760Kb used=1159Kb max_used=1171Kb free=4600Kb
 bounds [0x000002aedc720000, 0x000002aedc990000, 0x000002aedccc0000]
 total_blobs=1834 nmethods=1410 adapters=337
 compilation: enabled
              stopped_count=0, restarted_count=0
 full_count=0

Compilation events (20 events):
Event: 146.742 Thread 0x000002aeeee61000 nmethod 1400 0x000002aedcf87410 code [0x000002aedcf87600, 0x000002aedcf87978]
Event: 161.021 Thread 0x000002aeeee61000 1402  s    3       java.io.ByteArrayInputStream::read (36 bytes)
Event: 161.059 Thread 0x000002aeeee61000 nmethod 1402 0x000002aedcf87b10 code [0x000002aedcf87cc0, 0x000002aedcf87fb8]
Event: 161.065 Thread 0x000002aeeee61000 1403       3       org.gradle.internal.stream.EncodedStream$EncodedInput::hexToByte (61 bytes)
Event: 161.173 Thread 0x000002aeeee61000 nmethod 1403 0x000002aedcf88090 code [0x000002aedcf88340, 0x000002aedcf88f58]
Event: 163.515 Thread 0x000002aeeee61000 1404       3       jdk.internal.math.FDBigInteger::mult (64 bytes)
Event: 163.520 Thread 0x000002aeeee61000 nmethod 1404 0x000002aedcf89390 code [0x000002aedcf89560, 0x000002aedcf89798]
Event: 163.520 Thread 0x000002aeeee61000 1405       3       jdk.internal.math.FDBigInteger::<init> (30 bytes)
Event: 163.520 Thread 0x000002aeeee61000 nmethod 1405 0x000002aedcf89990 code [0x000002aedcf89b60, 0x000002aedcf89d68]
Event: 163.520 Thread 0x000002aeeee61000 1406       3       jdk.internal.math.FDBigInteger::trimLeadingZeros (57 bytes)
Event: 163.521 Thread 0x000002aeeee61000 nmethod 1406 0x000002aedcf89e90 code [0x000002aedcf8a060, 0x000002aedcf8a338]
Event: 165.760 Thread 0x000002aeeee61000 1407       3       java.util.ArrayList::toArray (12 bytes)
Event: 165.823 Thread 0x000002aeeee61000 nmethod 1407 0x000002aedcf8a490 code [0x000002aedcf8a660, 0x000002aedcf8a828]
Event: 165.858 Thread 0x000002aeeee61000 1408       3       org.gradle.internal.serialize.InputStreamBackedDecoder::readBytes (11 bytes)
Event: 165.858 Thread 0x000002aeeeeb8000 1410       4       java.io.WinNTFileSystem::normalize (143 bytes)
Event: 165.904 Thread 0x000002aeeee61000 nmethod 1408 0x000002aedcf8a910 code [0x000002aedcf8aac0, 0x000002aedcf8abe8]
Event: 165.904 Thread 0x000002aeeee61000 1409       3       org.gradle.internal.serialize.InputStreamBackedDecoder::readByte (13 bytes)
Event: 165.948 Thread 0x000002aeeee61000 nmethod 1409 0x000002aedcf8ad10 code [0x000002aedcf8af00, 0x000002aedcf8b238]
Event: 166.337 Thread 0x000002aeeee61000 1411       3       java.util.regex.Pattern::curly (115 bytes)
Event: 166.498 Thread 0x000002aeeee61000 nmethod 1411 0x000002aedcf8b390 code [0x000002aedcf8b6e0, 0x000002aedcf8cf88]

GC Heap History (2 events):
Event: 26.356 GC heap before
{Heap before GC invocations=0 (full 0):
 garbage-first heap   total 65536K, used 27648K [0x00000000fc000000, 0x0000000100000000)
  region size 1024K, 24 young (24576K), 0 survivors (0K)
 Metaspace       used 10318K, capacity 10541K, committed 10624K, reserved 1058816K
  class space    used 1039K, capacity 1129K, committed 1152K, reserved 1048576K
}
Event: 26.611 GC heap after
{Heap after GC invocations=1 (full 0):
 garbage-first heap   total 65536K, used 10109K [0x00000000fc000000, 0x0000000100000000)
  region size 1024K, 3 young (3072K), 3 survivors (3072K)
 Metaspace       used 10318K, capacity 10541K, committed 10624K, reserved 1058816K
  class space    used 1039K, capacity 1129K, committed 1152K, reserved 1048576K
}

Deoptimization events (20 events):
Event: 57.390 Thread 0x000002aed3fab800 DEOPT PACKING pc=0x000002aedcd7a721 sp=0x000000ee322fc490
Event: 57.390 Thread 0x000002aed3fab800 DEOPT UNPACKING pc=0x000002aedc76a95e sp=0x000000ee322fb988 mode 0
Event: 59.427 Thread 0x000002aeef96d800 Uncommon trap: trap_request=0xffffff4d fr.pc=0x000002aee42243f8 relative=0x0000000000000058
Event: 59.428 Thread 0x000002aeef96d800 Uncommon trap: reason=unstable_if action=reinterpret pc=0x000002aee42243f8 method=java.lang.AbstractStringBuilder.isLatin1()Z @ 10 c2
Event: 59.428 Thread 0x000002aeef96d800 DEOPT PACKING pc=0x000002aee42243f8 sp=0x000000ee335ff0d0
Event: 59.428 Thread 0x000002aeef96d800 DEOPT UNPACKING pc=0x000002aedc76a1af sp=0x000000ee335ff060 mode 2
Event: 59.428 Thread 0x000002aeef96d800 Uncommon trap: trap_request=0xffffff4d fr.pc=0x000002aee426186c relative=0x00000000000000cc
Event: 59.428 Thread 0x000002aeef96d800 Uncommon trap: reason=unstable_if action=reinterpret pc=0x000002aee426186c method=java.lang.String.getBytes([BIB)V @ 5 c2
Event: 59.428 Thread 0x000002aeef96d800 DEOPT PACKING pc=0x000002aee426186c sp=0x000000ee335ff110
Event: 59.428 Thread 0x000002aeef96d800 DEOPT UNPACKING pc=0x000002aedc76a1af sp=0x000000ee335ff0b8 mode 2
Event: 59.428 Thread 0x000002aeef96d800 Uncommon trap: trap_request=0xffffff4d fr.pc=0x000002aee425f640 relative=0x0000000000000380
Event: 59.428 Thread 0x000002aeef96d800 Uncommon trap: reason=unstable_if action=reinterpret pc=0x000002aee425f640 method=java.lang.AbstractStringBuilder.isLatin1()Z @ 10 c2
Event: 59.428 Thread 0x000002aeef96d800 DEOPT PACKING pc=0x000002aee425f640 sp=0x000000ee335ff1d0
Event: 59.428 Thread 0x000002aeef96d800 DEOPT UNPACKING pc=0x000002aedc76a1af sp=0x000000ee335ff150 mode 2
Event: 145.733 Thread 0x000002aeef96d800 Uncommon trap: trap_request=0xffffff4d fr.pc=0x000002aee41fd71c relative=0x000000000000007c
Event: 145.733 Thread 0x000002aeef96d800 Uncommon trap: reason=unstable_if action=reinterpret pc=0x000002aee41fd71c method=java.lang.String.codePointAt(I)I @ 4 c2
Event: 145.733 Thread 0x000002aeef96d800 DEOPT PACKING pc=0x000002aee41fd71c sp=0x000000ee335ff150
Event: 145.797 Thread 0x000002aeef96d800 DEOPT UNPACKING pc=0x000002aedc76a1af sp=0x000000ee335ff0e8 mode 2
Event: 165.865 Thread 0x000002aed3fab800 DEOPT PACKING pc=0x000002aedceee7e8 sp=0x000000ee322fc1f0
Event: 165.875 Thread 0x000002aed3fab800 DEOPT UNPACKING pc=0x000002aedc76a95e sp=0x000000ee322fb6f8 mode 0

Classes redefined (0 events):
No events

Internal exceptions (19 events):
Event: 5.846 Thread 0x000002aed3fab800 Exception <a 'java/lang/NoSuchMethodError'{0x00000000ffccf020}: 'int java.lang.invoke.DirectMethodHandle$Holder.invokeStaticInit(java.lang.Object, java.lang.Object)'> (0x00000000ffccf020) thrown at [s\src\hotspot\share\interpreter\linkResolver.cpp, line 773]
Event: 6.073 Thread 0x000002aed3fab800 Exception <a 'java/lang/NoSuchMethodError'{0x00000000ffba23d8}: 'int java.lang.invoke.DirectMethodHandle$Holder.invokeSpecial(java.lang.Object, java.lang.Object, java.lang.Object, java.lang.Object)'> (0x00000000ffba23d8) thrown at [s\src\hotspot\share\interpreter\linkResolver.cpp, line 773]
Event: 6.087 Thread 0x000002aed3fab800 Exception <a 'java/lang/NoSuchMethodError'{0x00000000ffbda2b8}: 'int java.lang.invoke.DirectMethodHandle$Holder.invokeSpecialIFC(java.lang.Object, java.lang.Object, int)'> (0x00000000ffbda2b8) thrown at [s\src\hotspot\share\interpreter\linkResolver.cpp, line 773]
Event: 25.843 Thread 0x000002aed3fab800 Implicit null exception at 0x000002aee4239795 to 0x000002aee4239b88
Event: 25.906 Thread 0x000002aed3fab800 Exception <a 'java/lang/NoClassDefFoundError'{0x00000000fe86fb00}: org/slf4j/impl/StaticMarkerBinder> (0x00000000fe86fb00) thrown at [s\src\hotspot\share\classfile\systemDictionary.cpp, line 219]
Event: 26.649 Thread 0x000002aed3fab800 Exception <a 'java/lang/NoSuchMethodError'{0x00000000fff70870}: 'java.lang.Object java.lang.invoke.DirectMethodHandle$Holder.invokeVirtual(java.lang.Object, java.lang.Object, java.lang.Object, java.lang.Object, java.lang.Object, java.lang.Object, java.lang.Object)'> (0x00000000fff70870) thrown at [s\src\hotspot\share\interpreter\linkResolver.cpp, line 773]
Event: 26.654 Thread 0x000002aed3fab800 Exception <a 'java/lang/NoSuchMethodError'{0x00000000fff84d38}: 'java.lang.Object java.lang.invoke.Invokers$Holder.invoker(java.lang.Object, java.lang.Object, java.lang.Object)'> (0x00000000fff84d38) thrown at [s\src\hotspot\share\interpreter\linkResolver.cpp, line 773]
Event: 26.867 Thread 0x000002aed3fab800 Exception <a 'java/lang/NoSuchMethodError'{0x00000000fff95b00}: 'void java.lang.invoke.DelegatingMethodHandle$Holder.delegate(java.lang.Object, java.lang.Object, int, java.lang.Object)'> (0x00000000fff95b00) thrown at [s\src\hotspot\share\interpreter\linkResolver.cpp, line 773]
Event: 29.565 Thread 0x000002aed3fab800 Exception <a 'java/lang/NoSuchMethodError'{0x00000000ff69ee68}: 'java.lang.Object java.lang.invoke.DirectMethodHandle$Holder.invokeStaticInit(java.lang.Object, java.lang.Object, java.lang.Object)'> (0x00000000ff69ee68) thrown at [s\src\hotspot\share\interpreter\linkResolver.cpp, line 773]
Event: 30.670 Thread 0x000002aed3fab800 Exception <a 'java/lang/NoSuchMethodError'{0x00000000ff1a86a8}: 'java.lang.Object java.lang.invoke.DirectMethodHandle$Holder.invokeStaticInit(java.lang.Object, int, int, int, int)'> (0x00000000ff1a86a8) thrown at [s\src\hotspot\share\interpreter\linkResolver.cpp, line 773]
Event: 37.986 Thread 0x000002aed3fab800 Exception <a 'java/lang/NoSuchMethodError'{0x00000000ff069a30}: 'java.lang.Object java.lang.invoke.DirectMethodHandle$Holder.invokeStaticInit(java.lang.Object, java.lang.Object, int, int, int, int)'> (0x00000000ff069a30) thrown at [s\src\hotspot\share\interpreter\linkResolver.cpp, line 773]
Event: 49.106 Thread 0x000002aed3fab800 Exception <a 'java/lang/NoSuchMethodError'{0x00000000fef37908}: 'void java.lang.invoke.DirectMethodHandle$Holder.invokeSpecial(java.lang.Object, java.lang.Object)'> (0x00000000fef37908) thrown at [s\src\hotspot\share\interpreter\linkResolver.cpp, line 773]
Event: 49.112 Thread 0x000002aed3fab800 Implicit null exception at 0x000002aee4227774 to 0x000002aee4227c78
Event: 49.112 Thread 0x000002aed3fab800 Implicit null exception at 0x000002aee42246f4 to 0x000002aee4224bcc
Event: 58.500 Thread 0x000002aeef96d800 Exception <a 'java/lang/NoSuchMethodError'{0x00000000fe98e828}: 'void java.lang.invoke.DirectMethodHandle$Holder.invokeStatic(java.lang.Object, long)'> (0x00000000fe98e828) thrown at [s\src\hotspot\share\interpreter\linkResolver.cpp, line 773]
Event: 58.501 Thread 0x000002aeef96d800 Exception <a 'java/lang/NoSuchMethodError'{0x00000000fe9937d0}: 'java.lang.Object java.lang.invoke.DirectMethodHandle$Holder.invokeStatic(java.lang.Object, long)'> (0x00000000fe9937d0) thrown at [s\src\hotspot\share\interpreter\linkResolver.cpp, line 773]
Event: 58.505 Thread 0x000002aeef96d800 Exception <a 'java/lang/NoSuchMethodError'{0x00000000fe9a1870}: 'java.lang.Object java.lang.invoke.DirectMethodHandle$Holder.invokeStaticInit(java.lang.Object, java.lang.Object, long, java.lang.Object)'> (0x00000000fe9a1870) thrown at [s\src\hotspot\share\interpreter\linkResolver.cpp, line 773]
Event: 58.506 Thread 0x000002aeef96d800 Exception <a 'java/lang/NoSuchMethodError'{0x00000000fe9a7760}: 'java.lang.Object java.lang.invoke.DirectMethodHandle$Holder.invokeStatic(java.lang.Object, java.lang.Object, long)'> (0x00000000fe9a7760) thrown at [s\src\hotspot\share\interpreter\linkResolver.cpp, line 773]
Event: 58.577 Thread 0x000002aeef96d800 Exception <a 'java/lang/NoSuchMethodError'{0x00000000fe9ada30}: 'java.lang.Object java.lang.invoke.Invokers$Holder.linkToTargetMethod(java.lang.Object, long, java.lang.Object)'> (0x00000000fe9ada30) thrown at [s\src\hotspot\share\interpreter\linkResolver.cpp, line 773]

Events (20 events):
Event: 149.258 loading class java/util/regex/Matcher$ImmutableMatchResult done
Event: 155.923 loading class org/gradle/process/internal/DefaultExecHandle$ExecResultImpl
Event: 155.923 loading class org/gradle/process/internal/DefaultExecHandle$ExecResultImpl done
Event: 158.337 Executing VM operation: RevokeBias
Event: 158.443 Executing VM operation: RevokeBias done
Event: 158.581 Thread 0x000002aeef96d800 Thread exited: 0x000002aeef96d800
Event: 161.088 loading class org/gradle/launcher/daemon/diagnostics/DaemonStartupInfo
Event: 161.088 loading class org/gradle/launcher/daemon/diagnostics/DaemonStartupInfo done
Event: 161.955 loading class org/gradle/launcher/daemon/diagnostics/DaemonDiagnostics
Event: 161.955 loading class org/gradle/launcher/daemon/diagnostics/DaemonDiagnostics done
Event: 162.397 loading class org/gradle/internal/time/TimeFormatting
Event: 162.398 loading class org/gradle/internal/time/TimeFormatting done
Event: 162.872 loading class jdk/internal/math/FDBigInteger
Event: 163.399 loading class jdk/internal/math/FDBigInteger done
Event: 164.314 Executing VM operation: RevokeBias
Event: 164.318 Executing VM operation: RevokeBias done
Event: 164.425 loading class org/gradle/launcher/daemon/registry/PersistentDaemonRegistry$2
Event: 164.425 loading class org/gradle/launcher/daemon/registry/PersistentDaemonRegistry$2 done
Event: 166.479 loading class org/gradle/launcher/daemon/client/DefaultDaemonConnector$CleanupOnStaleAddress
Event: 166.479 loading class org/gradle/launcher/daemon/client/DefaultDaemonConnector$CleanupOnStaleAddress done


Dynamic libraries:
0x00007ff69bf20000 - 0x00007ff69bf2d000 	C:\Program Files\Microsoft\jdk-11.0.20.8-hotspot\bin\java.exe
0x00007fff952f0000 - 0x00007fff95504000 	C:\WINDOWS\SYSTEM32\ntdll.dll
0x00007fff94dd0000 - 0x00007fff94e94000 	C:\WINDOWS\System32\KERNEL32.DLL
0x00007fff926d0000 - 0x00007fff92a74000 	C:\WINDOWS\System32\KERNELBASE.dll
0x00007fff92b40000 - 0x00007fff92c51000 	C:\WINDOWS\System32\ucrtbase.dll
0x00007fff643e0000 - 0x00007fff643f7000 	C:\Program Files\Microsoft\jdk-11.0.20.8-hotspot\bin\jli.dll
0x00007fff93c90000 - 0x00007fff93e3a000 	C:\WINDOWS\System32\USER32.dll
0x00007fff92ea0000 - 0x00007fff92ec6000 	C:\WINDOWS\System32\win32u.dll
0x00007fff93e40000 - 0x00007fff93e69000 	C:\WINDOWS\System32\GDI32.dll
0x00007fff92ce0000 - 0x00007fff92df9000 	C:\WINDOWS\System32\gdi32full.dll
0x00007fff92e00000 - 0x00007fff92e9a000 	C:\WINDOWS\System32\msvcp_win.dll
0x00007fff57620000 - 0x00007fff57635000 	C:\Program Files\Microsoft\jdk-11.0.20.8-hotspot\bin\VCRUNTIME140.dll
0x00007fff7b450000 - 0x00007fff7b6df000 	C:\WINDOWS\WinSxS\amd64_microsoft.windows.common-controls_6595b64144ccf1df_6.0.22621.2070_none_2713e6537381f706\COMCTL32.dll
0x00007fff94ea0000 - 0x00007fff94f47000 	C:\WINDOWS\System32\msvcrt.dll
0x00007fff93eb0000 - 0x00007fff93ee1000 	C:\WINDOWS\System32\IMM32.DLL
0x00007fff55760000 - 0x00007fff557fb000 	C:\Program Files\Microsoft\jdk-11.0.20.8-hotspot\bin\msvcp140.dll
0x00007fff54b00000 - 0x00007fff55696000 	C:\Program Files\Microsoft\jdk-11.0.20.8-hotspot\bin\server\jvm.dll
0x00007fff93f50000 - 0x00007fff94000000 	C:\WINDOWS\System32\ADVAPI32.dll
0x00007fff95100000 - 0x00007fff951a6000 	C:\WINDOWS\System32\sechost.dll
0x00007fff94b50000 - 0x00007fff94c67000 	C:\WINDOWS\System32\RPCRT4.dll
0x00007fff93c80000 - 0x00007fff93c88000 	C:\WINDOWS\System32\PSAPI.DLL
0x00007fff8f7c0000 - 0x00007fff8f7c9000 	C:\WINDOWS\SYSTEM32\WSOCK32.dll
0x00007fff94c70000 - 0x00007fff94ce1000 	C:\WINDOWS\System32\WS2_32.dll
0x00007fff8b6e0000 - 0x00007fff8b714000 	C:\WINDOWS\SYSTEM32\WINMM.dll
0x00007fff8a300000 - 0x00007fff8a30a000 	C:\WINDOWS\SYSTEM32\VERSION.dll
0x00007fff916c0000 - 0x00007fff916d8000 	C:\WINDOWS\SYSTEM32\kernel.appcore.dll
0x00007fff798f0000 - 0x00007fff79900000 	C:\Program Files\Microsoft\jdk-11.0.20.8-hotspot\bin\verify.dll
0x00007fff8ade0000 - 0x00007fff8b00e000 	C:\WINDOWS\SYSTEM32\DBGHELP.DLL
0x00007fff937d0000 - 0x00007fff93b5a000 	C:\WINDOWS\System32\combase.dll
0x00007fff94cf0000 - 0x00007fff94dc7000 	C:\WINDOWS\System32\OLEAUT32.dll
0x00007fff76460000 - 0x00007fff76492000 	C:\WINDOWS\SYSTEM32\dbgcore.DLL
0x00007fff92c60000 - 0x00007fff92cda000 	C:\WINDOWS\System32\bcryptPrimitives.dll
0x00007fff575f0000 - 0x00007fff57618000 	C:\Program Files\Microsoft\jdk-11.0.20.8-hotspot\bin\java.dll
0x00007fff73830000 - 0x00007fff7383a000 	C:\Program Files\Microsoft\jdk-11.0.20.8-hotspot\bin\jimage.dll
0x00007fff569b0000 - 0x00007fff569c8000 	C:\Program Files\Microsoft\jdk-11.0.20.8-hotspot\bin\zip.dll
0x00007fff94280000 - 0x00007fff94a96000 	C:\WINDOWS\System32\SHELL32.dll
0x00007fff906a0000 - 0x00007fff90f8a000 	C:\WINDOWS\SYSTEM32\windows.storage.dll
0x00007fff90560000 - 0x00007fff9069e000 	C:\WINDOWS\SYSTEM32\wintypes.dll
0x00007fff951b0000 - 0x00007fff952a3000 	C:\WINDOWS\System32\SHCORE.dll
0x00007fff93ef0000 - 0x00007fff93f4e000 	C:\WINDOWS\System32\shlwapi.dll
0x00007fff92600000 - 0x00007fff92626000 	C:\WINDOWS\SYSTEM32\profapi.dll
0x00007fff56300000 - 0x00007fff56319000 	C:\Program Files\Microsoft\jdk-11.0.20.8-hotspot\bin\net.dll
0x00007fff8a100000 - 0x00007fff8a237000 	C:\WINDOWS\SYSTEM32\WINHTTP.dll
0x00007fff91b90000 - 0x00007fff91bf9000 	C:\WINDOWS\system32\mswsock.dll
0x00007fff55740000 - 0x00007fff55753000 	C:\Program Files\Microsoft\jdk-11.0.20.8-hotspot\bin\nio.dll
0x00007fff55710000 - 0x00007fff55737000 	C:\Users\HP\.gradle\native\68d5fa5c4cc2d200863cafc0d521ce42e7d3e7ee720ec0a83991735586a16f82\windows-amd64\native-platform.dll
0x00007fff71f70000 - 0x00007fff71f79000 	C:\Program Files\Microsoft\jdk-11.0.20.8-hotspot\bin\management.dll
0x00007fff6ede0000 - 0x00007fff6edeb000 	C:\Program Files\Microsoft\jdk-11.0.20.8-hotspot\bin\management_ext.dll
0x00007fff91de0000 - 0x00007fff91dfb000 	C:\WINDOWS\SYSTEM32\CRYPTSP.dll
0x00007fff91680000 - 0x00007fff916b5000 	C:\WINDOWS\system32\rsaenh.dll
0x00007fff91c80000 - 0x00007fff91cac000 	C:\WINDOWS\SYSTEM32\USERENV.dll
0x00007fff91fa0000 - 0x00007fff91fc8000 	C:\WINDOWS\SYSTEM32\bcrypt.dll
0x00007fff91e00000 - 0x00007fff91e0c000 	C:\WINDOWS\SYSTEM32\CRYPTBASE.dll
0x00007fff911f0000 - 0x00007fff9121d000 	C:\WINDOWS\SYSTEM32\IPHLPAPI.DLL
0x00007fff93c70000 - 0x00007fff93c79000 	C:\WINDOWS\System32\NSI.dll
0x00007fff8a310000 - 0x00007fff8a329000 	C:\WINDOWS\SYSTEM32\dhcpcsvc6.DLL
0x00007fff8a0e0000 - 0x00007fff8a0ff000 	C:\WINDOWS\SYSTEM32\dhcpcsvc.DLL
0x00007fff91260000 - 0x00007fff91353000 	C:\WINDOWS\SYSTEM32\DNSAPI.dll

dbghelp: loaded successfully - version: 4.0.5 - missing functions: none
symbol engine: initialized successfully - sym options: 0x614 - pdb path: .;C:\Program Files\Microsoft\jdk-11.0.20.8-hotspot\bin;C:\WINDOWS\SYSTEM32;C:\WINDOWS\WinSxS\amd64_microsoft.windows.common-controls_6595b64144ccf1df_6.0.22621.2070_none_2713e6537381f706;C:\Program Files\Microsoft\jdk-11.0.20.8-hotspot\bin\server;C:\Users\HP\.gradle\native\68d5fa5c4cc2d200863cafc0d521ce42e7d3e7ee720ec0a83991735586a16f82\windows-amd64

VM Arguments:
jvm_args: -Xmx64m -Xms64m -Dorg.gradle.appname=gradlew 
java_command: org.gradle.wrapper.GradleWrapperMain tasks
java_class_path (initial): C:\Users\HP\shops\android\\gradle\wrapper\gradle-wrapper.jar
Launcher Type: SUN_STANDARD

[Global flags]
     intx CICompilerCount                          = 4                                         {product} {ergonomic}
     uint ConcGCThreads                            = 2                                         {product} {ergonomic}
     uint G1ConcRefinementThreads                  = 8                                         {product} {ergonomic}
   size_t G1HeapRegionSize                         = 1048576                                   {product} {ergonomic}
    uintx GCDrainStackTargetSize                   = 64                                        {product} {ergonomic}
   size_t InitialHeapSize                          = 67108864                                  {product} {command line}
   size_t MarkStackSize                            = 4194304                                   {product} {ergonomic}
   size_t MaxHeapSize                              = 67108864                                  {product} {command line}
   size_t MaxNewSize                               = 39845888                                  {product} {ergonomic}
   size_t MinHeapDeltaBytes                        = 1048576                                   {product} {ergonomic}
    uintx NonNMethodCodeHeapSize                   = 5836300                                {pd product} {ergonomic}
    uintx NonProfiledCodeHeapSize                  = 122910970                              {pd product} {ergonomic}
    uintx ProfiledCodeHeapSize                     = 122910970                              {pd product} {ergonomic}
    uintx ReservedCodeCacheSize                    = 251658240                              {pd product} {ergonomic}
     bool SegmentedCodeCache                       = true                                      {product} {ergonomic}
     bool UseCompressedClassPointers               = true                                 {lp64_product} {ergonomic}
     bool UseCompressedOops                        = true                                 {lp64_product} {ergonomic}
     bool UseG1GC                                  = true                                      {product} {ergonomic}
     bool UseLargePagesIndividualAllocation        = false                                  {pd product} {ergonomic}

Logging:
Log output configuration:
 #0: stdout all=warning uptime,level,tags
 #1: stderr all=off uptime,level,tags

Environment Variables:
JAVA_HOME=C:\Program Files\Microsoft\jdk-11.0.20.8-hotspot\
CLASSPATH=C:\Users\HP\shops\android\\gradle\wrapper\gradle-wrapper.jar
PATH=C:\Users\HP\shops\node_modules\.bin;C:\Users\HP\shops\node_modules\.bin;C:\Users\HP\node_modules\.bin;C:\Users\node_modules\.bin;C:\node_modules\.bin;C:\Users\HP\AppData\Roaming\npm\node_modules\npm\node_modules\@npmcli\run-script\lib\node-gyp-bin;C:\Users\HP\shops\node_modules\.bin;C:\Users\HP\node_modules\.bin;C:\Users\node_modules\.bin;C:\node_modules\.bin;C:\Users\HP\AppData\Roaming\npm\node_modules\npm\node_modules\@npmcli\run-script\lib\node-gyp-bin;C:\Program Files\Microsoft\jdk-11.0.20.8-hotspot\bin;C:\WINDOWS\system32;C:\WINDOWS;C:\WINDOWS\System32\Wbem;C:\WINDOWS\System32\WindowsPowerShell\v1.0\;C:\WINDOWS\System32\OpenSSH\;C:\Program Files\Git\cmd;C:\ProgramData\ComposerSetup\bin;C:\wamp64\bin\php\php8.13;C:\xampp\php;C:\dev\flutter;C:\Users\hp\AppData\Local\Pub\Cache\bin;C:\ProgramData\chocolatey\bin;C:\Program Files\nodejs\;C:\Program Files\MySQL\MySQL Shell 8.0\bin\;C:\Users\HP\AppData\Local\Microsoft\WindowsApps;C:\Users\HP\AppData\Local\Programs\Microsoft VS Code\bin;C:\Users\HP\.fly\bin;C:\Program Files\heroku\bin;C:\Users\HP\AppData\Local\Microsoft\WindowsApps;C:\Users\HP\AppData\Roaming\Composer\vendor\bin;C:\Users\HP\flutter\bin;C:\Users\HP\AppData\Roaming\npm;C:\Users\HP\AppData\Local\Android\Sdk\platform-tools;
USERNAME=HP
LANG=en_US.UTF-8
OS=Windows_NT
PROCESSOR_IDENTIFIER=Intel64 Family 6 Model 142 Stepping 12, GenuineIntel
TMP=C:\Users\HP\AppData\Local\Temp
TEMP=C:\Users\HP\AppData\Local\Temp



---------------  S Y S T E M  ---------------

OS: Windows 11 , 64 bit Build 22621 (10.0.22621.2070)
OS uptime: 3 days 20:29 hours

CPU:total 8 (initial active 8) (4 cores per cpu, 2 threads per core) family 6 model 142 stepping 12 microcode 0xf0, cmov, cx8, fxsr, mmx, sse, sse2, sse3, ssse3, sse4.1, sse4.2, popcnt, avx, avx2, aes, clmul, erms, 3dnowpref, lzcnt, ht, tsc, tscinvbit, bmi1, bmi2, adx, fma

Memory: 4k page, system-wide physical 8073M (607M free)
TotalPageFile size 32649M (AvailPageFile size 1315M)
current process WorkingSet (physical memory assigned to process): 25M, peak: 85M
current process commit charge ("private bytes"): 163M, peak: 167M

vm_info: OpenJDK 64-Bit Server VM (11.0.20+8-LTS) for windows-amd64 JRE (11.0.20+8-LTS), built on Jul  7 2023 17:05:21 by "MicrosoftCorporation" with MS VC++ 15.9 (VS2017)

END.
