#
# There is insufficient memory for the Java Runtime Environment to continue.
# Native memory allocation (malloc) failed to allocate 47408 bytes for Chunk::new
# Possible reasons:
#   The system is out of physical RAM or swap space
#   The process is running with CompressedOops enabled, and the Java Heap may be blocking the growth of the native heap
# Possible solutions:
#   Reduce memory load on the system
#   Increase physical memory or swap space
#   Check if swap backing store is full
#   Decrease Java heap size (-Xmx/-Xms)
#   Decrease number of Java threads
#   Decrease Java thread stack sizes (-Xss)
#   Set larger code cache with -XX:ReservedCodeCacheSize=
#   JVM is running with Unscaled Compressed Oops mode in which the Java heap is
#     placed in the first 4GB address space. The Java Heap base address is the
#     maximum limit for the native heap growth. Please use -XX:HeapBaseMinAddress
#     to set the Java Heap base and to place the Java Heap above 4GB virtual address.
# This output file may be truncated or incomplete.
#
#  Out of Memory Error (arena.cpp:197), pid=30576, tid=3736
#
# JRE version: OpenJDK Runtime Environment Microsoft-8035250 (11.0.20+8) (build 11.0.20+8-LTS)
# Java VM: OpenJDK 64-Bit Server VM Microsoft-8035250 (11.0.20+8-LTS, mixed mode, tiered, compressed oops, g1 gc, windows-amd64)
# No core dump will be written. Minidumps are not enabled by default on client versions of Windows
#

---------------  S U M M A R Y ------------

Command Line: -XX:MaxMetaspaceSize=512m --add-opens=java.base/java.util=ALL-UNNAMED --add-opens=java.base/java.lang=ALL-UNNAMED --add-opens=java.base/java.lang.invoke=ALL-UNNAMED --add-opens=java.prefs/java.util.prefs=ALL-UNNAMED --add-opens=java.base/java.nio.charset=ALL-UNNAMED --add-opens=java.base/java.net=ALL-UNNAMED --add-opens=java.base/java.util.concurrent.atomic=ALL-UNNAMED -Xmx2048m -Dfile.encoding=windows-1252 -Duser.country=US -Duser.language=en -Duser.variant org.gradle.launcher.daemon.bootstrap.GradleDaemon 8.0.1

Host: Intel(R) Core(TM) i5-8265U CPU @ 1.60GHz, 8 cores, 7G,  Windows 11 , 64 bit Build 22621 (10.0.22621.2070)
Time: Mon Aug 14 15:43:04 2023 W. Central Africa Standard Time elapsed time: 115.153025 seconds (0d 0h 1m 55s)

---------------  T H R E A D  ---------------

Current thread (0x0000026b213ed800):  JavaThread "C2 CompilerThread0" daemon [_thread_in_native, id=3736, stack(0x0000008959f00000,0x000000895a000000)]


Current CompileTask:
C2: 115153 2984  s!   4       jdk.internal.loader.URLClassPath::getLoader (194 bytes)

Stack: [0x0000008959f00000,0x000000895a000000]
Native frames: (J=compiled Java code, j=interpreted, Vv=VM code, C=native code)
V  [jvm.dll+0x62e9da]
V  [jvm.dll+0x7bc4e9]
V  [jvm.dll+0x7bdbd8]
V  [jvm.dll+0x7be2b3]
V  [jvm.dll+0x2505a8]
V  [jvm.dll+0xc263c]
V  [jvm.dll+0xc2bfc]
V  [jvm.dll+0xc274b]
V  [jvm.dll+0x68ce1c]
V  [jvm.dll+0x53e26c]
V  [jvm.dll+0x528c08]
V  [jvm.dll+0x5260f1]
V  [jvm.dll+0x528121]
V  [jvm.dll+0x527a56]
V  [jvm.dll+0x5270ce]
V  [jvm.dll+0x527095]
V  [jvm.dll+0x527095]
V  [jvm.dll+0x527095]
V  [jvm.dll+0x527095]
V  [jvm.dll+0x5371c8]
V  [jvm.dll+0x209056]
V  [jvm.dll+0x20b17f]
V  [jvm.dll+0x20881b]
V  [jvm.dll+0x18a7de]
V  [jvm.dll+0x2181ec]
V  [jvm.dll+0x21642b]
V  [jvm.dll+0x77efc0]
V  [jvm.dll+0x777db4]
V  [jvm.dll+0x62d845]
C  [ucrtbase.dll+0x29363]
C  [KERNEL32.DLL+0x126ad]
C  [ntdll.dll+0x5aa68]


---------------  P R O C E S S  ---------------

Threads class SMR info:
_java_thread_list=0x0000026b22fc4c30, length=32, elements={
0x0000026b022ec800, 0x0000026b213e3800, 0x0000026b213e4800, 0x0000026b213fe000,
0x0000026b21402800, 0x0000026b213ec800, 0x0000026b213ed800, 0x0000026b21daf800,
0x0000026b21db5800, 0x0000026b21eb8000, 0x0000026b22d43800, 0x0000026b22e6e800,
0x0000026b22f4a800, 0x0000026b23c2c000, 0x0000026b230bb000, 0x0000026b230a5800,
0x0000026b23ea7800, 0x0000026b232c8800, 0x0000026b23c2b000, 0x0000026b22e6d800,
0x0000026b22fd5000, 0x0000026b22fd7800, 0x0000026b22fd8800, 0x0000026b22fd9000,
0x0000026b22fda000, 0x0000026b22fd4800, 0x0000026b22fdb000, 0x0000026b22fd6000,
0x0000026b22fd6800, 0x0000026b23338800, 0x0000026b23337800, 0x0000026b23334800
}

Java Threads: ( => current thread )
  0x0000026b022ec800 JavaThread "main" [_thread_blocked, id=1192, stack(0x0000008959300000,0x0000008959400000)]
  0x0000026b213e3800 JavaThread "Reference Handler" daemon [_thread_blocked, id=32940, stack(0x0000008959a00000,0x0000008959b00000)]
  0x0000026b213e4800 JavaThread "Finalizer" daemon [_thread_blocked, id=23352, stack(0x0000008959b00000,0x0000008959c00000)]
  0x0000026b213fe000 JavaThread "Signal Dispatcher" daemon [_thread_blocked, id=28992, stack(0x0000008959c00000,0x0000008959d00000)]
  0x0000026b21402800 JavaThread "Attach Listener" daemon [_thread_blocked, id=17336, stack(0x0000008959d00000,0x0000008959e00000)]
  0x0000026b213ec800 JavaThread "Service Thread" daemon [_thread_blocked, id=14980, stack(0x0000008959e00000,0x0000008959f00000)]
=>0x0000026b213ed800 JavaThread "C2 CompilerThread0" daemon [_thread_in_native, id=3736, stack(0x0000008959f00000,0x000000895a000000)]
  0x0000026b21daf800 JavaThread "C1 CompilerThread0" daemon [_thread_blocked, id=27204, stack(0x000000895a000000,0x000000895a100000)]
  0x0000026b21db5800 JavaThread "Sweeper thread" daemon [_thread_blocked, id=3128, stack(0x000000895a100000,0x000000895a200000)]
  0x0000026b21eb8000 JavaThread "Common-Cleaner" daemon [_thread_blocked, id=47416, stack(0x000000895a200000,0x000000895a300000)]
  0x0000026b22d43800 JavaThread "Daemon health stats" [_thread_blocked, id=6596, stack(0x000000895a400000,0x000000895a500000)]
  0x0000026b22e6e800 JavaThread "Incoming local TCP Connector on port 59662" [_thread_in_native, id=42808, stack(0x000000895a700000,0x000000895a800000)]
  0x0000026b22f4a800 JavaThread "Daemon periodic checks" [_thread_blocked, id=51132, stack(0x000000895a800000,0x000000895a900000)]
  0x0000026b23c2c000 JavaThread "Daemon" [_thread_blocked, id=33344, stack(0x000000895aa00000,0x000000895ab00000)]
  0x0000026b230bb000 JavaThread "Handler for socket connection from /127.0.0.1:59662 to /127.0.0.1:59683" [_thread_in_native, id=15100, stack(0x000000895ac00000,0x000000895ad00000)]
  0x0000026b230a5800 JavaThread "Cancel handler" [_thread_blocked, id=8944, stack(0x000000895ad00000,0x000000895ae00000)]
  0x0000026b23ea7800 JavaThread "Daemon worker" [_thread_in_native, id=43192, stack(0x000000895ae00000,0x000000895af00000)]
  0x0000026b232c8800 JavaThread "Asynchronous log dispatcher for DefaultDaemonConnection: socket connection from /127.0.0.1:59662 to /127.0.0.1:59683" [_thread_blocked, id=7624, stack(0x000000895af00000,0x000000895b000000)]
  0x0000026b23c2b000 JavaThread "Stdin handler" [_thread_blocked, id=19600, stack(0x000000895b000000,0x000000895b100000)]
  0x0000026b22e6d800 JavaThread "Daemon client event forwarder" [_thread_blocked, id=13756, stack(0x000000895b100000,0x000000895b200000)]
  0x0000026b22fd5000 JavaThread "Cache worker for journal cache (C:\Users\HP\.gradle\caches\journal-1)" [_thread_blocked, id=3132, stack(0x000000895b800000,0x000000895b900000)]
  0x0000026b22fd7800 JavaThread "File lock request listener" [_thread_in_native, id=16548, stack(0x000000895b900000,0x000000895ba00000)]
  0x0000026b22fd8800 JavaThread "File lock release action executor" [_thread_blocked, id=6280, stack(0x000000895ba00000,0x000000895bb00000)]
  0x0000026b22fd9000 JavaThread "Cache worker for file hash cache (C:\Users\HP\.gradle\caches\8.0.1\fileHashes)" [_thread_blocked, id=46308, stack(0x000000895bb00000,0x000000895bc00000)]
  0x0000026b22fda000 JavaThread "File watcher server" daemon [_thread_in_native, id=30132, stack(0x0000008959100000,0x0000008959200000)]
  0x0000026b22fd4800 JavaThread "File watcher consumer" daemon [_thread_blocked, id=12168, stack(0x0000008959200000,0x0000008959300000)]
  0x0000026b22fdb000 JavaThread "Cache worker for checksums cache (C:\Users\HP\shops\android\.gradle\8.0.1\checksums)" [_thread_blocked, id=28664, stack(0x000000895bc00000,0x000000895bd00000)]
  0x0000026b22fd6000 JavaThread "Cache worker for cache directory md-rule (C:\Users\HP\.gradle\caches\8.0.1\md-rule)" [_thread_blocked, id=22236, stack(0x000000895bd00000,0x000000895be00000)]
  0x0000026b22fd6800 JavaThread "Cache worker for file content cache (C:\Users\HP\.gradle\caches\8.0.1\fileContent)" [_thread_blocked, id=44740, stack(0x000000895be00000,0x000000895bf00000)]
  0x0000026b23338800 JavaThread "Cache worker for file hash cache (C:\Users\HP\shops\android\.gradle\8.0.1\fileHashes)" [_thread_blocked, id=9732, stack(0x000000895bf00000,0x000000895c000000)]
  0x0000026b23337800 JavaThread "Cache worker for cache directory md-supplier (C:\Users\HP\.gradle\caches\8.0.1\md-supplier)" [_thread_blocked, id=11648, stack(0x000000895c000000,0x000000895c100000)]
  0x0000026b23334800 JavaThread "Cache worker for execution history cache (C:\Users\HP\.gradle\caches\8.0.1\executionHistory)" [_thread_blocked, id=28352, stack(0x000000895c100000,0x000000895c200000)]

Other Threads:
  0x0000026b213d1000 VMThread "VM Thread" [stack: 0x0000008959900000,0x0000008959a00000] [id=7116]
  0x0000026b21ed1000 WatcherThread [stack: 0x000000895a300000,0x000000895a400000] [id=33828]
  0x0000026b02306800 GCTaskThread "GC Thread#0" [stack: 0x0000008959400000,0x0000008959500000] [id=11884]
  0x0000026b227b3800 GCTaskThread "GC Thread#1" [stack: 0x000000895a500000,0x000000895a600000] [id=16304]
  0x0000026b22fe5000 GCTaskThread "GC Thread#2" [stack: 0x000000895a600000,0x000000895a700000] [id=17588]
  0x0000026b22fe6800 GCTaskThread "GC Thread#3" [stack: 0x000000895b200000,0x000000895b300000] [id=38004]
  0x0000026b22fe2800 GCTaskThread "GC Thread#4" [stack: 0x000000895b300000,0x000000895b400000] [id=31624]
  0x0000026b22fe0000 GCTaskThread "GC Thread#5" [stack: 0x000000895b400000,0x000000895b500000] [id=13588]
  0x0000026b22fe1800 GCTaskThread "GC Thread#6" [stack: 0x000000895b500000,0x000000895b600000] [id=34052]
  0x0000026b22fe1000 GCTaskThread "GC Thread#7" [stack: 0x000000895b600000,0x000000895b700000] [id=31176]
  0x0000026b02338000 ConcurrentGCThread "G1 Main Marker" [stack: 0x0000008959500000,0x0000008959600000] [id=35680]
  0x0000026b0233a800 ConcurrentGCThread "G1 Conc#0" [stack: 0x0000008959600000,0x0000008959700000] [id=20680]
  0x0000026b22fe4800 ConcurrentGCThread "G1 Conc#1" [stack: 0x000000895b700000,0x000000895b800000] [id=39336]
  0x0000026b21240800 ConcurrentGCThread "G1 Refine#0" [stack: 0x0000008959700000,0x0000008959800000] [id=8380]
  0x0000026b023bd800 ConcurrentGCThread "G1 Young RemSet Sampling" [stack: 0x0000008959800000,0x0000008959900000] [id=37968]

Threads with active compile tasks:
C2 CompilerThread0   115962 2984  s!   4       jdk.internal.loader.URLClassPath::getLoader (194 bytes)

VM state:not at safepoint (normal execution)

VM Mutex/Monitor currently owned by a thread: None

Heap address: 0x0000000080000000, size: 2048 MB, Compressed Oops mode: 32-bit
Narrow klass base: 0x0000000000000000, Narrow klass shift: 3
Compressed class space size: 528482304 Address: 0x0000000100000000

Heap:
 garbage-first heap   total 131072K, used 40369K [0x0000000080000000, 0x0000000100000000)
  region size 1024K, 22 young (22528K), 3 survivors (3072K)
 Metaspace       used 33884K, capacity 34683K, committed 34944K, reserved 546816K
  class space    used 4379K, capacity 4708K, committed 4736K, reserved 516096K
Heap Regions: E=young(eden), S=young(survivor), O=old, HS=humongous(starts), HC=humongous(continues), CS=collection set, F=free, A=archive, TAMS=top-at-mark-start (previous, next)
|   0|0x0000000080000000, 0x0000000080100000, 0x0000000080100000|100%|HS|  |TAMS 0x0000000080100000, 0x0000000080000000| Complete 
|   1|0x0000000080100000, 0x0000000080200000, 0x0000000080200000|100%|HC|  |TAMS 0x0000000080200000, 0x0000000080100000| Complete 
|   2|0x0000000080200000, 0x0000000080300000, 0x0000000080300000|100%|HC|  |TAMS 0x0000000080300000, 0x0000000080200000| Complete 
|   3|0x0000000080300000, 0x0000000080400000, 0x0000000080400000|100%|HC|  |TAMS 0x0000000080400000, 0x0000000080300000| Complete 
|   4|0x0000000080400000, 0x0000000080500000, 0x0000000080500000|100%| O|  |TAMS 0x0000000080500000, 0x0000000080400000| Untracked 
|   5|0x0000000080500000, 0x0000000080600000, 0x0000000080600000|100%| O|  |TAMS 0x0000000080600000, 0x0000000080500000| Untracked 
|   6|0x0000000080600000, 0x0000000080700000, 0x0000000080700000|100%| O|  |TAMS 0x0000000080700000, 0x0000000080600000| Untracked 
|   7|0x0000000080700000, 0x0000000080800000, 0x0000000080800000|100%| O|  |TAMS 0x0000000080800000, 0x0000000080700000| Untracked 
|   8|0x0000000080800000, 0x0000000080900000, 0x0000000080900000|100%| O|  |TAMS 0x0000000080900000, 0x0000000080800000| Untracked 
|   9|0x0000000080900000, 0x0000000080a00000, 0x0000000080a00000|100%| O|  |TAMS 0x0000000080a00000, 0x0000000080900000| Untracked 
|  10|0x0000000080a00000, 0x0000000080b00000, 0x0000000080b00000|100%| O|  |TAMS 0x0000000080b00000, 0x0000000080a00000| Untracked 
|  11|0x0000000080b00000, 0x0000000080c00000, 0x0000000080c00000|100%| O|  |TAMS 0x0000000080c00000, 0x0000000080b00000| Untracked 
|  12|0x0000000080c00000, 0x0000000080d00000, 0x0000000080d00000|100%| O|  |TAMS 0x0000000080d00000, 0x0000000080c00000| Untracked 
|  13|0x0000000080d00000, 0x0000000080e00000, 0x0000000080e00000|100%| O|  |TAMS 0x0000000080e00000, 0x0000000080d00000| Untracked 
|  14|0x0000000080e00000, 0x0000000080f00000, 0x0000000080f00000|100%| O|  |TAMS 0x0000000080f00000, 0x0000000080e00000| Untracked 
|  15|0x0000000080f00000, 0x0000000081000000, 0x0000000081000000|100%| O|  |TAMS 0x0000000081000000, 0x0000000080f00000| Untracked 
|  16|0x0000000081000000, 0x0000000081100000, 0x0000000081100000|100%| O|  |TAMS 0x0000000081100000, 0x0000000081000000| Untracked 
|  17|0x0000000081100000, 0x0000000081200000, 0x0000000081200000|100%| O|  |TAMS 0x000000008111c600, 0x0000000081100000| Untracked 
|  18|0x0000000081200000, 0x00000000812da000, 0x0000000081300000| 85%| O|  |TAMS 0x0000000081200000, 0x0000000081200000| Untracked 
|  19|0x0000000081300000, 0x0000000081300000, 0x0000000081400000|  0%| F|  |TAMS 0x0000000081300000, 0x0000000081300000| Untracked 
|  20|0x0000000081400000, 0x0000000081400000, 0x0000000081500000|  0%| F|  |TAMS 0x0000000081400000, 0x0000000081400000| Untracked 
|  21|0x0000000081500000, 0x0000000081500000, 0x0000000081600000|  0%| F|  |TAMS 0x0000000081500000, 0x0000000081500000| Untracked 
|  22|0x0000000081600000, 0x0000000081600000, 0x0000000081700000|  0%| F|  |TAMS 0x0000000081600000, 0x0000000081600000| Untracked 
|  23|0x0000000081700000, 0x0000000081700000, 0x0000000081800000|  0%| F|  |TAMS 0x0000000081700000, 0x0000000081700000| Untracked 
|  24|0x0000000081800000, 0x0000000081800000, 0x0000000081900000|  0%| F|  |TAMS 0x0000000081800000, 0x0000000081800000| Untracked 
|  25|0x0000000081900000, 0x0000000081900000, 0x0000000081a00000|  0%| F|  |TAMS 0x0000000081900000, 0x0000000081900000| Untracked 
|  26|0x0000000081a00000, 0x0000000081a00000, 0x0000000081b00000|  0%| F|  |TAMS 0x0000000081a00000, 0x0000000081a00000| Untracked 
|  27|0x0000000081b00000, 0x0000000081b00000, 0x0000000081c00000|  0%| F|  |TAMS 0x0000000081b00000, 0x0000000081b00000| Untracked 
|  28|0x0000000081c00000, 0x0000000081c00000, 0x0000000081d00000|  0%| F|  |TAMS 0x0000000081c00000, 0x0000000081c00000| Untracked 
|  29|0x0000000081d00000, 0x0000000081d00000, 0x0000000081e00000|  0%| F|  |TAMS 0x0000000081d00000, 0x0000000081d00000| Untracked 
|  30|0x0000000081e00000, 0x0000000081e00000, 0x0000000081f00000|  0%| F|  |TAMS 0x0000000081e00000, 0x0000000081e00000| Untracked 
|  31|0x0000000081f00000, 0x0000000081f00000, 0x0000000082000000|  0%| F|  |TAMS 0x0000000081f00000, 0x0000000081f00000| Untracked 
|  32|0x0000000082000000, 0x0000000082000000, 0x0000000082100000|  0%| F|  |TAMS 0x0000000082000000, 0x0000000082000000| Untracked 
|  33|0x0000000082100000, 0x0000000082100000, 0x0000000082200000|  0%| F|  |TAMS 0x0000000082100000, 0x0000000082100000| Untracked 
|  34|0x0000000082200000, 0x0000000082200000, 0x0000000082300000|  0%| F|  |TAMS 0x0000000082200000, 0x0000000082200000| Untracked 
|  35|0x0000000082300000, 0x0000000082300000, 0x0000000082400000|  0%| F|  |TAMS 0x0000000082300000, 0x0000000082300000| Untracked 
|  36|0x0000000082400000, 0x0000000082400000, 0x0000000082500000|  0%| F|  |TAMS 0x0000000082400000, 0x0000000082400000| Untracked 
|  37|0x0000000082500000, 0x0000000082500000, 0x0000000082600000|  0%| F|  |TAMS 0x0000000082500000, 0x0000000082500000| Untracked 
|  38|0x0000000082600000, 0x0000000082600000, 0x0000000082700000|  0%| F|  |TAMS 0x0000000082600000, 0x0000000082600000| Untracked 
|  39|0x0000000082700000, 0x0000000082700000, 0x0000000082800000|  0%| F|  |TAMS 0x0000000082700000, 0x0000000082700000| Untracked 
|  40|0x0000000082800000, 0x0000000082800000, 0x0000000082900000|  0%| F|  |TAMS 0x0000000082800000, 0x0000000082800000| Untracked 
|  41|0x0000000082900000, 0x0000000082900000, 0x0000000082a00000|  0%| F|  |TAMS 0x0000000082900000, 0x0000000082900000| Untracked 
|  42|0x0000000082a00000, 0x0000000082a00000, 0x0000000082b00000|  0%| F|  |TAMS 0x0000000082a00000, 0x0000000082a00000| Untracked 
|  43|0x0000000082b00000, 0x0000000082b00000, 0x0000000082c00000|  0%| F|  |TAMS 0x0000000082b00000, 0x0000000082b00000| Untracked 
|  44|0x0000000082c00000, 0x0000000082c00000, 0x0000000082d00000|  0%| F|  |TAMS 0x0000000082c00000, 0x0000000082c00000| Untracked 
|  45|0x0000000082d00000, 0x0000000082d00000, 0x0000000082e00000|  0%| F|  |TAMS 0x0000000082d00000, 0x0000000082d00000| Untracked 
|  46|0x0000000082e00000, 0x0000000082e00000, 0x0000000082f00000|  0%| F|  |TAMS 0x0000000082e00000, 0x0000000082e00000| Untracked 
|  47|0x0000000082f00000, 0x0000000082f00000, 0x0000000083000000|  0%| F|  |TAMS 0x0000000082f00000, 0x0000000082f00000| Untracked 
|  48|0x0000000083000000, 0x0000000083000000, 0x0000000083100000|  0%| F|  |TAMS 0x0000000083000000, 0x0000000083000000| Untracked 
|  49|0x0000000083100000, 0x0000000083100000, 0x0000000083200000|  0%| F|  |TAMS 0x0000000083100000, 0x0000000083100000| Untracked 
|  50|0x0000000083200000, 0x0000000083200000, 0x0000000083300000|  0%| F|  |TAMS 0x0000000083200000, 0x0000000083200000| Untracked 
|  51|0x0000000083300000, 0x0000000083300000, 0x0000000083400000|  0%| F|  |TAMS 0x0000000083300000, 0x0000000083300000| Untracked 
|  52|0x0000000083400000, 0x0000000083400000, 0x0000000083500000|  0%| F|  |TAMS 0x0000000083400000, 0x0000000083400000| Untracked 
|  53|0x0000000083500000, 0x0000000083500000, 0x0000000083600000|  0%| F|  |TAMS 0x0000000083500000, 0x0000000083500000| Untracked 
|  54|0x0000000083600000, 0x0000000083600000, 0x0000000083700000|  0%| F|  |TAMS 0x0000000083600000, 0x0000000083600000| Untracked 
|  55|0x0000000083700000, 0x0000000083700000, 0x0000000083800000|  0%| F|  |TAMS 0x0000000083700000, 0x0000000083700000| Untracked 
|  56|0x0000000083800000, 0x0000000083800000, 0x0000000083900000|  0%| F|  |TAMS 0x0000000083800000, 0x0000000083800000| Untracked 
|  57|0x0000000083900000, 0x0000000083900000, 0x0000000083a00000|  0%| F|  |TAMS 0x0000000083900000, 0x0000000083900000| Untracked 
|  58|0x0000000083a00000, 0x0000000083a00000, 0x0000000083b00000|  0%| F|  |TAMS 0x0000000083a00000, 0x0000000083a00000| Untracked 
|  59|0x0000000083b00000, 0x0000000083b00000, 0x0000000083c00000|  0%| F|  |TAMS 0x0000000083b00000, 0x0000000083b00000| Untracked 
|  60|0x0000000083c00000, 0x0000000083c00000, 0x0000000083d00000|  0%| F|  |TAMS 0x0000000083c00000, 0x0000000083c00000| Untracked 
|  61|0x0000000083d00000, 0x0000000083d00000, 0x0000000083e00000|  0%| F|  |TAMS 0x0000000083d00000, 0x0000000083d00000| Untracked 
|  62|0x0000000083e00000, 0x0000000083e00000, 0x0000000083f00000|  0%| F|  |TAMS 0x0000000083e00000, 0x0000000083e00000| Untracked 
|  63|0x0000000083f00000, 0x0000000083f00000, 0x0000000084000000|  0%| F|  |TAMS 0x0000000083f00000, 0x0000000083f00000| Untracked 
|  64|0x0000000084000000, 0x0000000084000000, 0x0000000084100000|  0%| F|  |TAMS 0x0000000084000000, 0x0000000084000000| Untracked 
|  65|0x0000000084100000, 0x0000000084100000, 0x0000000084200000|  0%| F|  |TAMS 0x0000000084100000, 0x0000000084100000| Untracked 
|  66|0x0000000084200000, 0x0000000084200000, 0x0000000084300000|  0%| F|  |TAMS 0x0000000084200000, 0x0000000084200000| Untracked 
|  67|0x0000000084300000, 0x0000000084300000, 0x0000000084400000|  0%| F|  |TAMS 0x0000000084300000, 0x0000000084300000| Untracked 
|  68|0x0000000084400000, 0x0000000084400000, 0x0000000084500000|  0%| F|  |TAMS 0x0000000084400000, 0x0000000084400000| Untracked 
|  69|0x0000000084500000, 0x0000000084500000, 0x0000000084600000|  0%| F|  |TAMS 0x0000000084500000, 0x0000000084500000| Untracked 
|  70|0x0000000084600000, 0x0000000084600000, 0x0000000084700000|  0%| F|  |TAMS 0x0000000084600000, 0x0000000084600000| Untracked 
|  71|0x0000000084700000, 0x0000000084700000, 0x0000000084800000|  0%| F|  |TAMS 0x0000000084700000, 0x0000000084700000| Untracked 
|  72|0x0000000084800000, 0x0000000084800000, 0x0000000084900000|  0%| F|  |TAMS 0x0000000084800000, 0x0000000084800000| Untracked 
|  73|0x0000000084900000, 0x0000000084900000, 0x0000000084a00000|  0%| F|  |TAMS 0x0000000084900000, 0x0000000084900000| Untracked 
|  74|0x0000000084a00000, 0x0000000084a00000, 0x0000000084b00000|  0%| F|  |TAMS 0x0000000084a00000, 0x0000000084a00000| Untracked 
|  75|0x0000000084b00000, 0x0000000084b00000, 0x0000000084c00000|  0%| F|  |TAMS 0x0000000084b00000, 0x0000000084b00000| Untracked 
|  76|0x0000000084c00000, 0x0000000084c00000, 0x0000000084d00000|  0%| F|  |TAMS 0x0000000084c00000, 0x0000000084c00000| Untracked 
|  77|0x0000000084d00000, 0x0000000084d00000, 0x0000000084e00000|  0%| F|  |TAMS 0x0000000084d00000, 0x0000000084d00000| Untracked 
|  78|0x0000000084e00000, 0x0000000084e00000, 0x0000000084f00000|  0%| F|  |TAMS 0x0000000084e00000, 0x0000000084e00000| Untracked 
|  79|0x0000000084f00000, 0x0000000084f00000, 0x0000000085000000|  0%| F|  |TAMS 0x0000000084f00000, 0x0000000084f00000| Untracked 
|  80|0x0000000085000000, 0x0000000085000000, 0x0000000085100000|  0%| F|  |TAMS 0x0000000085000000, 0x0000000085000000| Untracked 
|  81|0x0000000085100000, 0x0000000085100000, 0x0000000085200000|  0%| F|  |TAMS 0x0000000085100000, 0x0000000085100000| Untracked 
|  82|0x0000000085200000, 0x0000000085200000, 0x0000000085300000|  0%| F|  |TAMS 0x0000000085200000, 0x0000000085200000| Untracked 
|  83|0x0000000085300000, 0x0000000085300000, 0x0000000085400000|  0%| F|  |TAMS 0x0000000085300000, 0x0000000085300000| Untracked 
|  84|0x0000000085400000, 0x0000000085400000, 0x0000000085500000|  0%| F|  |TAMS 0x0000000085400000, 0x0000000085400000| Untracked 
|  85|0x0000000085500000, 0x0000000085500000, 0x0000000085600000|  0%| F|  |TAMS 0x0000000085500000, 0x0000000085500000| Untracked 
|  86|0x0000000085600000, 0x0000000085600000, 0x0000000085700000|  0%| F|  |TAMS 0x0000000085600000, 0x0000000085600000| Untracked 
|  87|0x0000000085700000, 0x0000000085700000, 0x0000000085800000|  0%| F|  |TAMS 0x0000000085700000, 0x0000000085700000| Untracked 
|  88|0x0000000085800000, 0x0000000085800000, 0x0000000085900000|  0%| F|  |TAMS 0x0000000085800000, 0x0000000085800000| Untracked 
|  89|0x0000000085900000, 0x0000000085900000, 0x0000000085a00000|  0%| F|  |TAMS 0x0000000085900000, 0x0000000085900000| Untracked 
|  90|0x0000000085a00000, 0x0000000085a00000, 0x0000000085b00000|  0%| F|  |TAMS 0x0000000085a00000, 0x0000000085a00000| Untracked 
|  91|0x0000000085b00000, 0x0000000085b00000, 0x0000000085c00000|  0%| F|  |TAMS 0x0000000085b00000, 0x0000000085b00000| Untracked 
|  92|0x0000000085c00000, 0x0000000085c92450, 0x0000000085d00000| 57%| S|CS|TAMS 0x0000000085c00000, 0x0000000085c00000| Complete 
|  93|0x0000000085d00000, 0x0000000085e00000, 0x0000000085e00000|100%| S|CS|TAMS 0x0000000085d00000, 0x0000000085d00000| Complete 
|  94|0x0000000085e00000, 0x0000000085f00000, 0x0000000085f00000|100%| S|CS|TAMS 0x0000000085e00000, 0x0000000085e00000| Complete 
|  95|0x0000000085f00000, 0x0000000085f00000, 0x0000000086000000|  0%| F|  |TAMS 0x0000000085f00000, 0x0000000085f00000| Untracked 
|  96|0x0000000086000000, 0x0000000086000000, 0x0000000086100000|  0%| F|  |TAMS 0x0000000086000000, 0x0000000086000000| Untracked 
|  97|0x0000000086100000, 0x0000000086100000, 0x0000000086200000|  0%| F|  |TAMS 0x0000000086100000, 0x0000000086100000| Untracked 
|  98|0x0000000086200000, 0x0000000086200000, 0x0000000086300000|  0%| F|  |TAMS 0x0000000086200000, 0x0000000086200000| Untracked 
|  99|0x0000000086300000, 0x0000000086300000, 0x0000000086400000|  0%| F|  |TAMS 0x0000000086300000, 0x0000000086300000| Untracked 
| 100|0x0000000086400000, 0x0000000086400000, 0x0000000086500000|  0%| F|  |TAMS 0x0000000086400000, 0x0000000086400000| Untracked 
| 101|0x0000000086500000, 0x0000000086500000, 0x0000000086600000|  0%| F|  |TAMS 0x0000000086500000, 0x0000000086500000| Untracked 
| 102|0x0000000086600000, 0x0000000086600000, 0x0000000086700000|  0%| F|  |TAMS 0x0000000086600000, 0x0000000086600000| Untracked 
| 103|0x0000000086700000, 0x0000000086700000, 0x0000000086800000|  0%| F|  |TAMS 0x0000000086700000, 0x0000000086700000| Untracked 
| 104|0x0000000086800000, 0x0000000086800000, 0x0000000086900000|  0%| F|  |TAMS 0x0000000086800000, 0x0000000086800000| Untracked 
| 105|0x0000000086900000, 0x0000000086900000, 0x0000000086a00000|  0%| F|  |TAMS 0x0000000086900000, 0x0000000086900000| Untracked 
| 106|0x0000000086a00000, 0x0000000086a00000, 0x0000000086b00000|  0%| F|  |TAMS 0x0000000086a00000, 0x0000000086a00000| Untracked 
| 107|0x0000000086b00000, 0x0000000086b00000, 0x0000000086c00000|  0%| F|  |TAMS 0x0000000086b00000, 0x0000000086b00000| Untracked 
| 108|0x0000000086c00000, 0x0000000086c00000, 0x0000000086d00000|  0%| F|  |TAMS 0x0000000086c00000, 0x0000000086c00000| Untracked 
| 109|0x0000000086d00000, 0x0000000086d80c10, 0x0000000086e00000| 50%| E|  |TAMS 0x0000000086d00000, 0x0000000086d00000| Complete 
| 110|0x0000000086e00000, 0x0000000086f00000, 0x0000000086f00000|100%| E|CS|TAMS 0x0000000086e00000, 0x0000000086e00000| Complete 
| 111|0x0000000086f00000, 0x0000000087000000, 0x0000000087000000|100%| E|CS|TAMS 0x0000000086f00000, 0x0000000086f00000| Complete 
| 112|0x0000000087000000, 0x0000000087100000, 0x0000000087100000|100%| E|CS|TAMS 0x0000000087000000, 0x0000000087000000| Complete 
| 113|0x0000000087100000, 0x0000000087200000, 0x0000000087200000|100%| E|CS|TAMS 0x0000000087100000, 0x0000000087100000| Complete 
| 114|0x0000000087200000, 0x0000000087300000, 0x0000000087300000|100%| E|CS|TAMS 0x0000000087200000, 0x0000000087200000| Complete 
| 115|0x0000000087300000, 0x0000000087400000, 0x0000000087400000|100%| E|CS|TAMS 0x0000000087300000, 0x0000000087300000| Complete 
| 116|0x0000000087400000, 0x0000000087500000, 0x0000000087500000|100%| E|CS|TAMS 0x0000000087400000, 0x0000000087400000| Complete 
| 117|0x0000000087500000, 0x0000000087600000, 0x0000000087600000|100%| E|CS|TAMS 0x0000000087500000, 0x0000000087500000| Complete 
| 118|0x0000000087600000, 0x0000000087700000, 0x0000000087700000|100%| E|CS|TAMS 0x0000000087600000, 0x0000000087600000| Complete 
| 119|0x0000000087700000, 0x0000000087800000, 0x0000000087800000|100%| E|CS|TAMS 0x0000000087700000, 0x0000000087700000| Complete 
| 120|0x0000000087800000, 0x0000000087900000, 0x0000000087900000|100%| E|CS|TAMS 0x0000000087800000, 0x0000000087800000| Complete 
| 121|0x0000000087900000, 0x0000000087a00000, 0x0000000087a00000|100%| E|CS|TAMS 0x0000000087900000, 0x0000000087900000| Complete 
| 122|0x0000000087a00000, 0x0000000087b00000, 0x0000000087b00000|100%| E|CS|TAMS 0x0000000087a00000, 0x0000000087a00000| Complete 
| 123|0x0000000087b00000, 0x0000000087c00000, 0x0000000087c00000|100%| E|CS|TAMS 0x0000000087b00000, 0x0000000087b00000| Complete 
| 124|0x0000000087c00000, 0x0000000087d00000, 0x0000000087d00000|100%| E|CS|TAMS 0x0000000087c00000, 0x0000000087c00000| Complete 
| 125|0x0000000087d00000, 0x0000000087e00000, 0x0000000087e00000|100%| E|CS|TAMS 0x0000000087d00000, 0x0000000087d00000| Complete 
| 126|0x0000000087e00000, 0x0000000087f00000, 0x0000000087f00000|100%| E|CS|TAMS 0x0000000087e00000, 0x0000000087e00000| Complete 
| 127|0x0000000087f00000, 0x0000000088000000, 0x0000000088000000|100%| E|CS|TAMS 0x0000000087f00000, 0x0000000087f00000| Complete 

Card table byte_map: [0x0000026b1a1a0000,0x0000026b1a5a0000] _byte_map_base: 0x0000026b19da0000

Marking Bits (Prev, Next): (CMBitMap*) 0x0000026b0232f410, (CMBitMap*) 0x0000026b0232f3d8
 Prev Bits: [0x0000026b1c9a0000, 0x0000026b1e9a0000)
 Next Bits: [0x0000026b1a9a0000, 0x0000026b1c9a0000)

Polling page: 0x0000026b01ac0000

Metaspace:

Usage:
  Non-class:     29.27 MB capacity,    28.81 MB ( 98%) used,   388.50 KB (  1%) free+waste,    81.31 KB ( <1%) overhead. 
      Class:      4.60 MB capacity,     4.28 MB ( 93%) used,   287.95 KB (  6%) free+waste,    40.38 KB ( <1%) overhead. 
       Both:     33.87 MB capacity,    33.09 MB ( 98%) used,   676.45 KB (  2%) free+waste,   121.69 KB ( <1%) overhead. 

Virtual space:
  Non-class space:       30.00 MB reserved,      29.50 MB ( 98%) committed 
      Class space:      504.00 MB reserved,       4.63 MB ( <1%) committed 
             Both:      534.00 MB reserved,      34.13 MB (  6%) committed 

Chunk freelists:
   Non-Class:  41.00 KB
       Class:  28.00 KB
        Both:  69.00 KB

MaxMetaspaceSize: 512.00 MB
CompressedClassSpaceSize: 504.00 MB
Initial GC threshold: 20.80 MB
Current GC threshold: 34.79 MB
CDS: off

CodeHeap 'non-profiled nmethods': size=120000Kb used=1553Kb max_used=1553Kb free=118446Kb
 bounds [0x0000026b12530000, 0x0000026b127a0000, 0x0000026b19a60000]
CodeHeap 'profiled nmethods': size=120000Kb used=6459Kb max_used=6459Kb free=113540Kb
 bounds [0x0000026b0b000000, 0x0000026b0b650000, 0x0000026b12530000]
CodeHeap 'non-nmethods': size=5760Kb used=1245Kb max_used=1275Kb free=4514Kb
 bounds [0x0000026b0aa60000, 0x0000026b0acd0000, 0x0000026b0b000000]
 total_blobs=3602 nmethods=3077 adapters=437
 compilation: enabled
              stopped_count=0, restarted_count=0
 full_count=0

Compilation events (20 events):
Event: 113.757 Thread 0x0000026b213ed800 nmethod 2979 0x0000026b126ae190 code [0x0000026b126ae3a0, 0x0000026b126af590]
Event: 113.757 Thread 0x0000026b213ed800 2981 %     4       java.io.DataInputStream::readUTF @ 92 (501 bytes)
Event: 113.783 Thread 0x0000026b213ed800 nmethod 2981% 0x0000026b126afa90 code [0x0000026b126afc60, 0x0000026b126b0458]
Event: 113.783 Thread 0x0000026b213ed800 2982       4       java.lang.Integer::hashCode (8 bytes)
Event: 113.783 Thread 0x0000026b213ed800 nmethod 2982 0x0000026b126b0810 code [0x0000026b126b09a0, 0x0000026b126b09f8]
Event: 113.803 Thread 0x0000026b213ed800 2983       4       java.util.WeakHashMap::put (162 bytes)
Event: 113.833 Thread 0x0000026b213ed800 nmethod 2983 0x0000026b126b0b10 code [0x0000026b126b0ce0, 0x0000026b126b16f8]
Event: 113.917 Thread 0x0000026b213ed800 2984  s!   4       jdk.internal.loader.URLClassPath::getLoader (194 bytes)
Event: 114.004 Thread 0x0000026b21daf800 2986       3       java.lang.PublicMethods$MethodList::length (24 bytes)
Event: 114.016 Thread 0x0000026b21daf800 nmethod 2986 0x0000026b0b61fa10 code [0x0000026b0b61fbc0, 0x0000026b0b61fd78]
Event: 114.016 Thread 0x0000026b21daf800 2989       3       java.lang.PublicMethods$MethodList::merge (192 bytes)
Event: 114.017 Thread 0x0000026b21daf800 nmethod 2989 0x0000026b0b61fe90 code [0x0000026b0b620100, 0x0000026b0b620b88]
Event: 114.017 Thread 0x0000026b21daf800 2987       3       java.lang.PublicMethods::merge (81 bytes)
Event: 114.028 Thread 0x0000026b21daf800 nmethod 2987 0x0000026b0b620f90 code [0x0000026b0b621200, 0x0000026b0b621d08]
Event: 114.028 Thread 0x0000026b21daf800 2988       3       java.lang.PublicMethods$Key::<init> (24 bytes)
Event: 114.029 Thread 0x0000026b21daf800 nmethod 2988 0x0000026b0b622190 code [0x0000026b0b622380, 0x0000026b0b6227f8]
Event: 114.029 Thread 0x0000026b21daf800 2991       3       org.codehaus.groovy.util.LockableObject::<init> (5 bytes)
Event: 114.029 Thread 0x0000026b21daf800 nmethod 2991 0x0000026b0b622990 code [0x0000026b0b622b60, 0x0000026b0b622d78]
Event: 114.068 Thread 0x0000026b21daf800 2992       1       java.lang.invoke.MethodHandleImpl$IntrinsicMethodHandle::getTarget (5 bytes)
Event: 114.069 Thread 0x0000026b21daf800 nmethod 2992 0x0000026b126b1990 code [0x0000026b126b1b40, 0x0000026b126b1bf8]

GC Heap History (14 events):
Event: 16.243 GC heap before
{Heap before GC invocations=0 (full 0):
 garbage-first heap   total 131072K, used 28672K [0x0000000080000000, 0x0000000100000000)
  region size 1024K, 24 young (24576K), 0 survivors (0K)
 Metaspace       used 9830K, capacity 10020K, committed 10112K, reserved 526336K
  class space    used 1001K, capacity 1069K, committed 1152K, reserved 516096K
}
Event: 16.250 GC heap after
{Heap after GC invocations=1 (full 0):
 garbage-first heap   total 131072K, used 10345K [0x0000000080000000, 0x0000000100000000)
  region size 1024K, 3 young (3072K), 3 survivors (3072K)
 Metaspace       used 9830K, capacity 10020K, committed 10112K, reserved 526336K
  class space    used 1001K, capacity 1069K, committed 1152K, reserved 516096K
}
Event: 74.214 GC heap before
{Heap before GC invocations=1 (full 0):
 garbage-first heap   total 131072K, used 85097K [0x0000000080000000, 0x0000000100000000)
  region size 1024K, 76 young (77824K), 3 survivors (3072K)
 Metaspace       used 19202K, capacity 19529K, committed 19840K, reserved 534528K
  class space    used 2192K, capacity 2341K, committed 2432K, reserved 516096K
}
Event: 74.434 GC heap after
{Heap after GC invocations=2 (full 0):
 garbage-first heap   total 131072K, used 17925K [0x0000000080000000, 0x0000000100000000)
  region size 1024K, 10 young (10240K), 10 survivors (10240K)
 Metaspace       used 19202K, capacity 19529K, committed 19840K, reserved 534528K
  class space    used 2192K, capacity 2341K, committed 2432K, reserved 516096K
}
Event: 78.257 GC heap before
{Heap before GC invocations=2 (full 0):
 garbage-first heap   total 131072K, used 26117K [0x0000000080000000, 0x0000000100000000)
  region size 1024K, 19 young (19456K), 10 survivors (10240K)
 Metaspace       used 20571K, capacity 21005K, committed 21248K, reserved 536576K
  class space    used 2391K, capacity 2542K, committed 2560K, reserved 516096K
}
Event: 78.307 GC heap after
{Heap after GC invocations=3 (full 0):
 garbage-first heap   total 131072K, used 18247K [0x0000000080000000, 0x0000000100000000)
  region size 1024K, 1 young (1024K), 1 survivors (1024K)
 Metaspace       used 20571K, capacity 21005K, committed 21248K, reserved 536576K
  class space    used 2391K, capacity 2542K, committed 2560K, reserved 516096K
}
Event: 94.366 GC heap before
{Heap before GC invocations=4 (full 0):
 garbage-first heap   total 131072K, used 59207K [0x0000000080000000, 0x0000000100000000)
  region size 1024K, 42 young (43008K), 1 survivors (1024K)
 Metaspace       used 24535K, capacity 25159K, committed 25344K, reserved 538624K
  class space    used 3026K, capacity 3271K, committed 3328K, reserved 516096K
}
Event: 94.511 GC heap after
{Heap after GC invocations=5 (full 0):
 garbage-first heap   total 131072K, used 19352K [0x0000000080000000, 0x0000000100000000)
  region size 1024K, 2 young (2048K), 2 survivors (2048K)
 Metaspace       used 24535K, capacity 25159K, committed 25344K, reserved 538624K
  class space    used 3026K, capacity 3271K, committed 3328K, reserved 516096K
}
Event: 98.175 GC heap before
{Heap before GC invocations=5 (full 0):
 garbage-first heap   total 131072K, used 34712K [0x0000000080000000, 0x0000000100000000)
  region size 1024K, 18 young (18432K), 2 survivors (2048K)
 Metaspace       used 25809K, capacity 26466K, committed 26496K, reserved 540672K
  class space    used 3228K, capacity 3451K, committed 3456K, reserved 516096K
}
Event: 98.182 GC heap after
{Heap after GC invocations=6 (full 0):
 garbage-first heap   total 131072K, used 20103K [0x0000000080000000, 0x0000000100000000)
  region size 1024K, 3 young (3072K), 3 survivors (3072K)
 Metaspace       used 25809K, capacity 26466K, committed 26496K, reserved 540672K
  class space    used 3228K, capacity 3451K, committed 3456K, reserved 516096K
}
Event: 104.042 GC heap before
{Heap before GC invocations=6 (full 0):
 garbage-first heap   total 131072K, used 42631K [0x0000000080000000, 0x0000000100000000)
  region size 1024K, 25 young (25600K), 3 survivors (3072K)
 Metaspace       used 28246K, capacity 28900K, committed 29056K, reserved 542720K
  class space    used 3600K, capacity 3842K, committed 3968K, reserved 516096K
}
Event: 104.048 GC heap after
{Heap after GC invocations=7 (full 0):
 garbage-first heap   total 131072K, used 21096K [0x0000000080000000, 0x0000000100000000)
  region size 1024K, 2 young (2048K), 2 survivors (2048K)
 Metaspace       used 28246K, capacity 28900K, committed 29056K, reserved 542720K
  class space    used 3600K, capacity 3842K, committed 3968K, reserved 516096K
}
Event: 111.231 GC heap before
{Heap before GC invocations=7 (full 0):
 garbage-first heap   total 131072K, used 52840K [0x0000000080000000, 0x0000000100000000)
  region size 1024K, 33 young (33792K), 2 survivors (2048K)
 Metaspace       used 31027K, capacity 31723K, committed 32000K, reserved 544768K
  class space    used 4027K, capacity 4316K, committed 4352K, reserved 516096K
}
Event: 111.276 GC heap after
{Heap after GC invocations=8 (full 0):
 garbage-first heap   total 131072K, used 21937K [0x0000000080000000, 0x0000000100000000)
  region size 1024K, 3 young (3072K), 3 survivors (3072K)
 Metaspace       used 31027K, capacity 31723K, committed 32000K, reserved 544768K
  class space    used 4027K, capacity 4316K, committed 4352K, reserved 516096K
}

Deoptimization events (20 events):
Event: 112.200 Thread 0x0000026b23ea7800 Uncommon trap: trap_request=0xffffff4d fr.pc=0x0000026b12619750 relative=0x00000000000001f0
Event: 112.200 Thread 0x0000026b23ea7800 Uncommon trap: reason=unstable_if action=reinterpret pc=0x0000026b12619750 method=java.util.HashMap.putVal(ILjava/lang/Object;Ljava/lang/Object;ZZ)Ljava/lang/Object; @ 162 c2
Event: 112.200 Thread 0x0000026b23ea7800 DEOPT PACKING pc=0x0000026b12619750 sp=0x000000895aefa6c0
Event: 112.200 Thread 0x0000026b23ea7800 DEOPT UNPACKING pc=0x0000026b0aaaa1af sp=0x000000895aefa640 mode 2
Event: 113.735 Thread 0x0000026b23ea7800 Uncommon trap: trap_request=0xffffffde fr.pc=0x0000026b126083f8 relative=0x0000000000001218
Event: 113.736 Thread 0x0000026b23ea7800 Uncommon trap: reason=class_check action=maybe_recompile pc=0x0000026b126083f8 method=java.io.BufferedInputStream.read([BII)I @ 101 c2
Event: 113.736 Thread 0x0000026b23ea7800 DEOPT PACKING pc=0x0000026b126083f8 sp=0x000000895aef9460
Event: 113.736 Thread 0x0000026b23ea7800 DEOPT UNPACKING pc=0x0000026b0aaaa1af sp=0x000000895aef9320 mode 2
Event: 113.736 Thread 0x0000026b23ea7800 Uncommon trap: trap_request=0xffffffde fr.pc=0x0000026b126083f8 relative=0x0000000000001218
Event: 113.736 Thread 0x0000026b23ea7800 Uncommon trap: reason=class_check action=maybe_recompile pc=0x0000026b126083f8 method=java.io.BufferedInputStream.read([BII)I @ 101 c2
Event: 113.737 Thread 0x0000026b23ea7800 DEOPT PACKING pc=0x0000026b126083f8 sp=0x000000895aef9460
Event: 113.737 Thread 0x0000026b23ea7800 DEOPT UNPACKING pc=0x0000026b0aaaa1af sp=0x000000895aef9320 mode 2
Event: 113.737 Thread 0x0000026b23ea7800 Uncommon trap: trap_request=0xffffffde fr.pc=0x0000026b126083f8 relative=0x0000000000001218
Event: 113.737 Thread 0x0000026b23ea7800 Uncommon trap: reason=class_check action=maybe_recompile pc=0x0000026b126083f8 method=java.io.BufferedInputStream.read([BII)I @ 101 c2
Event: 113.737 Thread 0x0000026b23ea7800 DEOPT PACKING pc=0x0000026b126083f8 sp=0x000000895aef9460
Event: 113.737 Thread 0x0000026b23ea7800 DEOPT UNPACKING pc=0x0000026b0aaaa1af sp=0x000000895aef9320 mode 2
Event: 113.738 Thread 0x0000026b23ea7800 Uncommon trap: trap_request=0xffffffde fr.pc=0x0000026b126083f8 relative=0x0000000000001218
Event: 113.738 Thread 0x0000026b23ea7800 Uncommon trap: reason=class_check action=maybe_recompile pc=0x0000026b126083f8 method=java.io.BufferedInputStream.read([BII)I @ 101 c2
Event: 113.738 Thread 0x0000026b23ea7800 DEOPT PACKING pc=0x0000026b126083f8 sp=0x000000895aef9460
Event: 113.738 Thread 0x0000026b23ea7800 DEOPT UNPACKING pc=0x0000026b0aaaa1af sp=0x000000895aef9320 mode 2

Classes redefined (0 events):
No events

Internal exceptions (20 events):
Event: 95.310 Thread 0x0000026b23ea7800 Exception <a 'java/lang/NoSuchMethodError'{0x0000000087b0b310}: 'java.lang.Object java.lang.invoke.Invokers$Holder.linkToTargetMethod(java.lang.Object, java.lang.Object, java.lang.Object, java.lang.Object, java.lang.Object, java.lang.Object, java.lang.Object)'> (0x0000000087b0b310) thrown at [s\src\hotspot\share\interpreter\linkResolver.cpp, line 773]
Event: 95.934 Thread 0x0000026b23ea7800 Exception <a 'java/lang/NoSuchMethodError'{0x0000000087a9c8e0}: 'java.lang.Object java.lang.invoke.DirectMethodHandle$Holder.invokeVirtual(java.lang.Object, java.lang.Object, java.lang.Object, java.lang.Object, java.lang.Object, java.lang.Object, java.lang.Object, java.lang.Object, java.lang.Object, java.lang.Object, java.lang.Object, java.lang.Object, java.lang.Object, java.lang.Object, java.lang.Object, java.lang.Object, java.lang.Object, java.lang.Object, java.lang.Object, java.lang.Object, java.lang.Ob
Event: 97.286 Thread 0x0000026b23ea7800 Exception <a 'java/lang/NoSuchMethodError'{0x0000000087330e08}: 'void java.lang.invoke.DirectMethodHandle$Holder.invokeStatic(java.lang.Object, java.lang.Object, java.lang.Object, java.lang.Object, java.lang.Object)'> (0x0000000087330e08) thrown at [s\src\hotspot\share\interpreter\linkResolver.cpp, line 773]
Event: 97.334 Thread 0x0000026b23ea7800 Implicit null exception at 0x0000026b12559b78 to 0x0000026b12559c0a
Event: 99.924 Thread 0x0000026b23ea7800 Exception <a 'java/lang/NoSuchMethodError'{0x0000000087ca5a88}: 'void java.lang.invoke.DirectMethodHandle$Holder.invokeStaticInit(java.lang.Object, java.lang.Object)'> (0x0000000087ca5a88) thrown at [s\src\hotspot\share\interpreter\linkResolver.cpp, line 773]
Event: 101.787 Thread 0x0000026b23ea7800 Exception <a 'java/lang/NoSuchMethodError'{0x0000000087506b58}: 'void java.lang.invoke.DirectMethodHandle$Holder.invokeStatic(java.lang.Object, java.lang.Object, java.lang.Object, java.lang.Object)'> (0x0000000087506b58) thrown at [s\src\hotspot\share\interpreter\linkResolver.cpp, line 773]
Event: 101.798 Thread 0x0000026b23ea7800 Exception <a 'java/lang/NoSuchMethodError'{0x0000000087524e60}: 'int java.lang.invoke.DirectMethodHandle$Holder.invokeVirtual(java.lang.Object, java.lang.Object)'> (0x0000000087524e60) thrown at [s\src\hotspot\share\interpreter\linkResolver.cpp, line 773]
Event: 101.898 Thread 0x0000026b23ea7800 Exception <a 'java/lang/NoSuchMethodError'{0x0000000087571fa8}: 'int java.lang.invoke.DirectMethodHandle$Holder.invokeVirtual(java.lang.Object, java.lang.Object, java.lang.Object)'> (0x0000000087571fa8) thrown at [s\src\hotspot\share\interpreter\linkResolver.cpp, line 773]
Event: 105.769 Thread 0x0000026b23ea7800 Exception <a 'java/lang/NoSuchMethodError'{0x0000000087beb778}: 'java.lang.Object java.lang.invoke.DirectMethodHandle$Holder.invokeSpecialIFC(java.lang.Object, java.lang.Object, java.lang.Object, java.lang.Object)'> (0x0000000087beb778) thrown at [s\src\hotspot\share\interpreter\linkResolver.cpp, line 773]
Event: 107.533 Thread 0x0000026b23ea7800 Implicit null exception at 0x0000026b1261db75 to 0x0000026b1261dd3c
Event: 107.534 Thread 0x0000026b23ea7800 Implicit null exception at 0x0000026b1254902f to 0x0000026b1254909d
Event: 109.030 Thread 0x0000026b23ea7800 Exception <a 'java/lang/NoSuchMethodError'{0x00000000870e2cb0}: 'java.lang.Object java.lang.invoke.DirectMethodHandle$Holder.invokeSpecial(java.lang.Object, java.lang.Object, java.lang.Object, java.lang.Object, java.lang.Object, java.lang.Object, java.lang.Object, java.lang.Object, java.lang.Object, java.lang.Object, java.lang.Object, java.lang.Object, java.lang.Object)'> (0x00000000870e2cb0) thrown at [s\src\hotspot\share\interpreter\linkResolver.cpp, line 773]
Event: 109.041 Thread 0x0000026b23ea7800 Exception <a 'java/lang/NoSuchMethodError'{0x00000000870f35a0}: 'java.lang.Object java.lang.invoke.Invokers$Holder.linkToTargetMethod(java.lang.Object, java.lang.Object, java.lang.Object, java.lang.Object, java.lang.Object, java.lang.Object, java.lang.Object, java.lang.Object, java.lang.Object, java.lang.Object, java.lang.Object)'> (0x00000000870f35a0) thrown at [s\src\hotspot\share\interpreter\linkResolver.cpp, line 773]
Event: 109.245 Thread 0x0000026b23ea7800 Exception <a 'java/lang/NoSuchMethodError'{0x0000000086f93530}: 'java.lang.Object java.lang.invoke.DirectMethodHandle$Holder.invokeSpecial(java.lang.Object, java.lang.Object, java.lang.Object, java.lang.Object, java.lang.Object, java.lang.Object, java.lang.Object, java.lang.Object, java.lang.Object, java.lang.Object, java.lang.Object, java.lang.Object, java.lang.Object, java.lang.Object)'> (0x0000000086f93530) thrown at [s\src\hotspot\share\interpreter\linkResolver.cpp, line 773]
Event: 109.247 Thread 0x0000026b23ea7800 Exception <a 'java/lang/NoSuchMethodError'{0x0000000086fa4d98}: 'java.lang.Object java.lang.invoke.Invokers$Holder.linkToTargetMethod(java.lang.Object, java.lang.Object, java.lang.Object, java.lang.Object, java.lang.Object, java.lang.Object, java.lang.Object, java.lang.Object, java.lang.Object, java.lang.Object, java.lang.Object, java.lang.Object)'> (0x0000000086fa4d98) thrown at [s\src\hotspot\share\interpreter\linkResolver.cpp, line 773]
Event: 109.391 Thread 0x0000026b23ea7800 Exception <a 'java/lang/NoSuchMethodError'{0x0000000086eaf150}: 'java.lang.Object java.lang.invoke.DirectMethodHandle$Holder.invokeStaticInit(java.lang.Object, java.lang.Object, java.lang.Object, java.lang.Object)'> (0x0000000086eaf150) thrown at [s\src\hotspot\share\interpreter\linkResolver.cpp, line 773]
Event: 111.477 Thread 0x0000026b23ea7800 Exception <a 'java/lang/NoSuchMethodError'{0x0000000087e7aca0}: 'java.lang.Object java.lang.invoke.Invokers$Holder.linkToTargetMethod(java.lang.Object, java.lang.Object, java.lang.Object, java.lang.Object, java.lang.Object, java.lang.Object, java.lang.Object, java.lang.Object)'> (0x0000000087e7aca0) thrown at [s\src\hotspot\share\interpreter\linkResolver.cpp, line 773]
Event: 111.524 Thread 0x0000026b23ea7800 Exception <a 'java/lang/IncompatibleClassChangeError'{0x0000000087efae98}: Found class java.lang.Object, but interface was expected> (0x0000000087efae98) thrown at [s\src\hotspot\share\interpreter\linkResolver.cpp, line 839]
Event: 112.314 Thread 0x0000026b23ea7800 Exception <a 'java/lang/NoSuchMethodError'{0x0000000087642a70}: 'java.lang.Object java.lang.invoke.Invokers$Holder.linkToTargetMethod(java.lang.Object, int, int, java.lang.Object)'> (0x0000000087642a70) thrown at [s\src\hotspot\share\interpreter\linkResolver.cpp, line 773]
Event: 112.338 Thread 0x0000026b23ea7800 Exception <a 'java/lang/NoSuchMethodError'{0x0000000087658c40}: 'java.lang.Object java.lang.invoke.DirectMethodHandle$Holder.invokeStatic(java.lang.Object, java.lang.Object, int, int, java.lang.Object, java.lang.Object)'> (0x0000000087658c40) thrown at [s\src\hotspot\share\interpreter\linkResolver.cpp, line 773]

Events (20 events):
Event: 113.902 loading class java/security/AccessControlException
Event: 113.903 loading class java/security/AccessControlException done
Event: 113.913 Executing VM operation: Deoptimize
Event: 113.915 Executing VM operation: Deoptimize done
Event: 113.917 loading class org/codehaus/groovy/util/ReferenceType$SoftRef
Event: 113.917 loading class org/codehaus/groovy/util/ReferenceType$SoftRef done
Event: 113.921 loading class org/codehaus/groovy/transform/trait/Traits$Implemented
Event: 113.921 loading class org/codehaus/groovy/transform/trait/Traits$Implemented done
Event: 113.993 loading class java/util/stream/IntStream
Event: 114.000 loading class java/util/stream/IntStream done
Event: 114.000 Executing VM operation: RevokeBias
Event: 114.002 Executing VM operation: RevokeBias done
Event: 114.002 loading class org/codehaus/groovy/reflection/CachedClass
Event: 114.002 loading class org/codehaus/groovy/reflection/CachedClass done
Event: 114.002 loading class org/codehaus/groovy/reflection/CachedClass
Event: 114.002 loading class org/codehaus/groovy/reflection/CachedClass done
Event: 114.008 loading class java/lang/invoke/MethodHandleImpl$BindCaller
Event: 114.027 loading class java/lang/invoke/MethodHandleImpl$BindCaller done
Event: 114.027 loading class java/lang/invoke/MethodHandleImpl$BindCaller$1
Event: 114.028 loading class java/lang/invoke/MethodHandleImpl$BindCaller$1 done


Dynamic libraries:
0x00007ff69bf20000 - 0x00007ff69bf2d000 	C:\Program Files\Microsoft\jdk-11.0.20.8-hotspot\bin\java.exe
0x00007fff952f0000 - 0x00007fff95504000 	C:\WINDOWS\SYSTEM32\ntdll.dll
0x00007fff94dd0000 - 0x00007fff94e94000 	C:\WINDOWS\System32\KERNEL32.DLL
0x00007fff926d0000 - 0x00007fff92a74000 	C:\WINDOWS\System32\KERNELBASE.dll
0x00007fff92b40000 - 0x00007fff92c51000 	C:\WINDOWS\System32\ucrtbase.dll
0x00007fff643e0000 - 0x00007fff643f7000 	C:\Program Files\Microsoft\jdk-11.0.20.8-hotspot\bin\jli.dll
0x00007fff93c90000 - 0x00007fff93e3a000 	C:\WINDOWS\System32\USER32.dll
0x00007fff92ea0000 - 0x00007fff92ec6000 	C:\WINDOWS\System32\win32u.dll
0x00007fff93e40000 - 0x00007fff93e69000 	C:\WINDOWS\System32\GDI32.dll
0x00007fff92ce0000 - 0x00007fff92df9000 	C:\WINDOWS\System32\gdi32full.dll
0x00007fff92e00000 - 0x00007fff92e9a000 	C:\WINDOWS\System32\msvcp_win.dll
0x00007fff57620000 - 0x00007fff57635000 	C:\Program Files\Microsoft\jdk-11.0.20.8-hotspot\bin\VCRUNTIME140.dll
0x00007fff7b450000 - 0x00007fff7b6df000 	C:\WINDOWS\WinSxS\amd64_microsoft.windows.common-controls_6595b64144ccf1df_6.0.22621.2070_none_2713e6537381f706\COMCTL32.dll
0x00007fff94ea0000 - 0x00007fff94f47000 	C:\WINDOWS\System32\msvcrt.dll
0x00007fff93eb0000 - 0x00007fff93ee1000 	C:\WINDOWS\System32\IMM32.DLL
0x00007fff55760000 - 0x00007fff557fb000 	C:\Program Files\Microsoft\jdk-11.0.20.8-hotspot\bin\msvcp140.dll
0x00007fff54b00000 - 0x00007fff55696000 	C:\Program Files\Microsoft\jdk-11.0.20.8-hotspot\bin\server\jvm.dll
0x00007fff93f50000 - 0x00007fff94000000 	C:\WINDOWS\System32\ADVAPI32.dll
0x00007fff95100000 - 0x00007fff951a6000 	C:\WINDOWS\System32\sechost.dll
0x00007fff94b50000 - 0x00007fff94c67000 	C:\WINDOWS\System32\RPCRT4.dll
0x00007fff93c80000 - 0x00007fff93c88000 	C:\WINDOWS\System32\PSAPI.DLL
0x00007fff8f7c0000 - 0x00007fff8f7c9000 	C:\WINDOWS\SYSTEM32\WSOCK32.dll
0x00007fff94c70000 - 0x00007fff94ce1000 	C:\WINDOWS\System32\WS2_32.dll
0x00007fff8b6e0000 - 0x00007fff8b714000 	C:\WINDOWS\SYSTEM32\WINMM.dll
0x00007fff8a300000 - 0x00007fff8a30a000 	C:\WINDOWS\SYSTEM32\VERSION.dll
0x00007fff916c0000 - 0x00007fff916d8000 	C:\WINDOWS\SYSTEM32\kernel.appcore.dll
0x00007fff798f0000 - 0x00007fff79900000 	C:\Program Files\Microsoft\jdk-11.0.20.8-hotspot\bin\verify.dll
0x00007fff8ade0000 - 0x00007fff8b00e000 	C:\WINDOWS\SYSTEM32\DBGHELP.DLL
0x00007fff937d0000 - 0x00007fff93b5a000 	C:\WINDOWS\System32\combase.dll
0x00007fff94cf0000 - 0x00007fff94dc7000 	C:\WINDOWS\System32\OLEAUT32.dll
0x00007fff76460000 - 0x00007fff76492000 	C:\WINDOWS\SYSTEM32\dbgcore.DLL
0x00007fff92c60000 - 0x00007fff92cda000 	C:\WINDOWS\System32\bcryptPrimitives.dll
0x00007fff575f0000 - 0x00007fff57618000 	C:\Program Files\Microsoft\jdk-11.0.20.8-hotspot\bin\java.dll
0x00007fff73830000 - 0x00007fff7383a000 	C:\Program Files\Microsoft\jdk-11.0.20.8-hotspot\bin\jimage.dll
0x00007fff569b0000 - 0x00007fff569c8000 	C:\Program Files\Microsoft\jdk-11.0.20.8-hotspot\bin\zip.dll
0x00007fff94280000 - 0x00007fff94a96000 	C:\WINDOWS\System32\SHELL32.dll
0x00007fff906a0000 - 0x00007fff90f8a000 	C:\WINDOWS\SYSTEM32\windows.storage.dll
0x00007fff90560000 - 0x00007fff9069e000 	C:\WINDOWS\SYSTEM32\wintypes.dll
0x00007fff951b0000 - 0x00007fff952a3000 	C:\WINDOWS\System32\SHCORE.dll
0x00007fff93ef0000 - 0x00007fff93f4e000 	C:\WINDOWS\System32\shlwapi.dll
0x00007fff92600000 - 0x00007fff92626000 	C:\WINDOWS\SYSTEM32\profapi.dll
0x00007fff56300000 - 0x00007fff56319000 	C:\Program Files\Microsoft\jdk-11.0.20.8-hotspot\bin\net.dll
0x00007fff8a100000 - 0x00007fff8a237000 	C:\WINDOWS\SYSTEM32\WINHTTP.dll
0x00007fff91b90000 - 0x00007fff91bf9000 	C:\WINDOWS\system32\mswsock.dll
0x00007fff55740000 - 0x00007fff55753000 	C:\Program Files\Microsoft\jdk-11.0.20.8-hotspot\bin\nio.dll
0x00007fff55710000 - 0x00007fff55737000 	C:\Users\HP\.gradle\native\68d5fa5c4cc2d200863cafc0d521ce42e7d3e7ee720ec0a83991735586a16f82\windows-amd64\native-platform.dll
0x00007fff549b0000 - 0x00007fff54af4000 	C:\Users\HP\.gradle\native\e376f236ea51e6404a007f0833ffe2c6e607c4080706a723a18a27aeea778392\windows-amd64\native-platform-file-events.dll
0x00007fff71f70000 - 0x00007fff71f79000 	C:\Program Files\Microsoft\jdk-11.0.20.8-hotspot\bin\management.dll
0x00007fff6ede0000 - 0x00007fff6edeb000 	C:\Program Files\Microsoft\jdk-11.0.20.8-hotspot\bin\management_ext.dll
0x00007fff91de0000 - 0x00007fff91dfb000 	C:\WINDOWS\SYSTEM32\CRYPTSP.dll
0x00007fff91680000 - 0x00007fff916b5000 	C:\WINDOWS\system32\rsaenh.dll
0x00007fff91c80000 - 0x00007fff91cac000 	C:\WINDOWS\SYSTEM32\USERENV.dll
0x00007fff91fa0000 - 0x00007fff91fc8000 	C:\WINDOWS\SYSTEM32\bcrypt.dll
0x00007fff91e00000 - 0x00007fff91e0c000 	C:\WINDOWS\SYSTEM32\CRYPTBASE.dll
0x00007fff911f0000 - 0x00007fff9121d000 	C:\WINDOWS\SYSTEM32\IPHLPAPI.DLL
0x00007fff93c70000 - 0x00007fff93c79000 	C:\WINDOWS\System32\NSI.dll
0x00007fff8a310000 - 0x00007fff8a329000 	C:\WINDOWS\SYSTEM32\dhcpcsvc6.DLL
0x00007fff8a0e0000 - 0x00007fff8a0ff000 	C:\WINDOWS\SYSTEM32\dhcpcsvc.DLL
0x00007fff91260000 - 0x00007fff91353000 	C:\WINDOWS\SYSTEM32\DNSAPI.dll

dbghelp: loaded successfully - version: 4.0.5 - missing functions: none
symbol engine: initialized successfully - sym options: 0x614 - pdb path: .;C:\Program Files\Microsoft\jdk-11.0.20.8-hotspot\bin;C:\WINDOWS\SYSTEM32;C:\WINDOWS\WinSxS\amd64_microsoft.windows.common-controls_6595b64144ccf1df_6.0.22621.2070_none_2713e6537381f706;C:\Program Files\Microsoft\jdk-11.0.20.8-hotspot\bin\server;C:\Users\HP\.gradle\native\68d5fa5c4cc2d200863cafc0d521ce42e7d3e7ee720ec0a83991735586a16f82\windows-amd64;C:\Users\HP\.gradle\native\e376f236ea51e6404a007f0833ffe2c6e607c4080706a723a18a27aeea778392\windows-amd64

VM Arguments:
jvm_args: -XX:MaxMetaspaceSize=512m --add-opens=java.base/java.util=ALL-UNNAMED --add-opens=java.base/java.lang=ALL-UNNAMED --add-opens=java.base/java.lang.invoke=ALL-UNNAMED --add-opens=java.prefs/java.util.prefs=ALL-UNNAMED --add-opens=java.base/java.nio.charset=ALL-UNNAMED --add-opens=java.base/java.net=ALL-UNNAMED --add-opens=java.base/java.util.concurrent.atomic=ALL-UNNAMED -Xmx2048m -Dfile.encoding=windows-1252 -Duser.country=US -Duser.language=en -Duser.variant 
java_command: org.gradle.launcher.daemon.bootstrap.GradleDaemon 8.0.1
java_class_path (initial): C:\Users\HP\.gradle\wrapper\dists\gradle-8.0.1-all\aro4hu1c3oeioove7l0i4i14o\gradle-8.0.1\lib\gradle-launcher-8.0.1.jar
Launcher Type: SUN_STANDARD

[Global flags]
     intx CICompilerCount                          = 4                                         {product} {ergonomic}
   size_t CompressedClassSpaceSize                 = 528482304                                 {product} {ergonomic}
     uint ConcGCThreads                            = 2                                         {product} {ergonomic}
     uint G1ConcRefinementThreads                  = 8                                         {product} {ergonomic}
   size_t G1HeapRegionSize                         = 1048576                                   {product} {ergonomic}
    uintx GCDrainStackTargetSize                   = 64                                        {product} {ergonomic}
   size_t InitialHeapSize                          = 134217728                                 {product} {ergonomic}
   size_t MarkStackSize                            = 4194304                                   {product} {ergonomic}
   size_t MaxHeapSize                              = 2147483648                                {product} {command line}
   size_t MaxMetaspaceSize                         = 536870912                                 {product} {command line}
   size_t MaxNewSize                               = 1287651328                                {product} {ergonomic}
   size_t MinHeapDeltaBytes                        = 1048576                                   {product} {ergonomic}
    uintx NonNMethodCodeHeapSize                   = 5836300                                {pd product} {ergonomic}
    uintx NonProfiledCodeHeapSize                  = 122910970                              {pd product} {ergonomic}
    uintx ProfiledCodeHeapSize                     = 122910970                              {pd product} {ergonomic}
    uintx ReservedCodeCacheSize                    = 251658240                              {pd product} {ergonomic}
     bool SegmentedCodeCache                       = true                                      {product} {ergonomic}
     bool UseCompressedClassPointers               = true                                 {lp64_product} {ergonomic}
     bool UseCompressedOops                        = true                                 {lp64_product} {ergonomic}
     bool UseG1GC                                  = true                                      {product} {ergonomic}
     bool UseLargePagesIndividualAllocation        = false                                  {pd product} {ergonomic}

Logging:
Log output configuration:
 #0: stdout all=warning uptime,level,tags
 #1: stderr all=off uptime,level,tags

Environment Variables:
JAVA_HOME=C:\Program Files\Microsoft\jdk-11.0.20.8-hotspot\
CLASSPATH=C:\Users\HP\shops\android\\gradle\wrapper\gradle-wrapper.jar
PATH=C:\Users\HP\shops\node_modules\.bin;C:\Users\HP\shops\node_modules\.bin;C:\Users\HP\node_modules\.bin;C:\Users\node_modules\.bin;C:\node_modules\.bin;C:\Users\HP\AppData\Roaming\npm\node_modules\npm\node_modules\@npmcli\run-script\lib\node-gyp-bin;C:\Users\HP\shops\node_modules\.bin;C:\Users\HP\node_modules\.bin;C:\Users\node_modules\.bin;C:\node_modules\.bin;C:\Users\HP\AppData\Roaming\npm\node_modules\npm\node_modules\@npmcli\run-script\lib\node-gyp-bin;C:\Program Files\Microsoft\jdk-11.0.20.8-hotspot\bin;C:\WINDOWS\system32;C:\WINDOWS;C:\WINDOWS\System32\Wbem;C:\WINDOWS\System32\WindowsPowerShell\v1.0\;C:\WINDOWS\System32\OpenSSH\;C:\Program Files\Git\cmd;C:\ProgramData\ComposerSetup\bin;C:\wamp64\bin\php\php8.13;C:\xampp\php;C:\dev\flutter;C:\Users\hp\AppData\Local\Pub\Cache\bin;C:\ProgramData\chocolatey\bin;C:\Program Files\nodejs\;C:\Program Files\MySQL\MySQL Shell 8.0\bin\;C:\Users\HP\AppData\Local\Microsoft\WindowsApps;C:\Users\HP\AppData\Local\Programs\Microsoft VS Code\bin;C:\Users\HP\.fly\bin;C:\Program Files\heroku\bin;C:\Users\HP\AppData\Local\Microsoft\WindowsApps;C:\Users\HP\AppData\Roaming\Composer\vendor\bin;C:\Users\HP\flutter\bin;C:\Users\HP\AppData\Roaming\npm;C:\Users\HP\AppData\Local\Android\Sdk\platform-tools;
USERNAME=HP
LANG=en_US.UTF-8
OS=Windows_NT
PROCESSOR_IDENTIFIER=Intel64 Family 6 Model 142 Stepping 12, GenuineIntel
TMP=C:\Users\HP\AppData\Local\Temp
TEMP=C:\Users\HP\AppData\Local\Temp



---------------  S Y S T E M  ---------------

OS: Windows 11 , 64 bit Build 22621 (10.0.22621.2070)
OS uptime: 3 days 20:29 hours

CPU:total 8 (initial active 8) (4 cores per cpu, 2 threads per core) family 6 model 142 stepping 12 microcode 0xf0, cmov, cx8, fxsr, mmx, sse, sse2, sse3, ssse3, sse4.1, sse4.2, popcnt, avx, avx2, aes, clmul, erms, 3dnowpref, lzcnt, ht, tsc, tscinvbit, bmi1, bmi2, adx, fma

Memory: 4k page, system-wide physical 8073M (20M free)
TotalPageFile size 32649M (AvailPageFile size 1M)
current process WorkingSet (physical memory assigned to process): 104M, peak: 160M
current process commit charge ("private bytes"): 276M, peak: 282M

vm_info: OpenJDK 64-Bit Server VM (11.0.20+8-LTS) for windows-amd64 JRE (11.0.20+8-LTS), built on Jul  7 2023 17:05:21 by "MicrosoftCorporation" with MS VC++ 15.9 (VS2017)

END.
